[skip] bitcoinotc_ano_fixedtau05_s24
[run ] GPU=6 bitcoinotc_ano_fixedtau05_s42
[done] bitcoinotc_ano_fixedtau05_s42
[run ] GPU=6 bitcoinotc_ano_fixedtau05_s7
[done] bitcoinotc_ano_fixedtau05_s7
[run ] GPU=6 bitcoinotc_ano_fixedtau05_s13
[done] bitcoinotc_ano_fixedtau05_s13
[run ] GPU=6 bitcoinotc_ano_fixedtau05_s99
[done] bitcoinotc_ano_fixedtau05_s99
Anomaly τ=0.5 multi-seed for bitcoinotc on GPU 6 complete.
[skip] bitotc_ano_fixedtau05_s24
[run ] GPU=6 bitotc_ano_fixedtau05_s42
[done] bitotc_ano_fixedtau05_s42
[run ] GPU=6 bitotc_ano_fixedtau05_s7
[done] bitotc_ano_fixedtau05_s7
[run ] GPU=6 bitotc_ano_fixedtau05_s13
[done] bitotc_ano_fixedtau05_s13
[run ] GPU=6 bitotc_ano_fixedtau05_s99
[done] bitotc_ano_fixedtau05_s99
Anomaly τ=0.5 multi-seed for bitotc on GPU 6 complete.
[skip] bitalpha_ano_fixedtau05_s24
[run ] GPU=6 bitalpha_ano_fixedtau05_s42
[done] bitalpha_ano_fixedtau05_s42
[run ] GPU=6 bitalpha_ano_fixedtau05_s7
[done] bitalpha_ano_fixedtau05_s7
[run ] GPU=6 bitalpha_ano_fixedtau05_s13
[done] bitalpha_ano_fixedtau05_s13
[run ] GPU=6 bitalpha_ano_fixedtau05_s99
[done] bitalpha_ano_fixedtau05_s99
Anomaly τ=0.5 multi-seed for bitalpha on GPU 6 complete.
[skip] tax51_ano_fixedtau05_s24
[run ] GPU=6 tax51_ano_fixedtau05_s42
[done] tax51_ano_fixedtau05_s42
[run ] GPU=6 tax51_ano_fixedtau05_s7
[done] tax51_ano_fixedtau05_s7
[run ] GPU=6 tax51_ano_fixedtau05_s13
[done] tax51_ano_fixedtau05_s13
[run ] GPU=6 tax51_ano_fixedtau05_s99
[done] tax51_ano_fixedtau05_s99
Anomaly τ=0.5 multi-seed for tax51 on GPU 6 complete.
[skip] dblp_ano_fixedtau05_s24
[run ] GPU=6 dblp_ano_fixedtau05_s42
[done] dblp_ano_fixedtau05_s42
[run ] GPU=6 dblp_ano_fixedtau05_s7
[done] dblp_ano_fixedtau05_s7
[run ] GPU=6 dblp_ano_fixedtau05_s13
[done] dblp_ano_fixedtau05_s13
[run ] GPU=6 dblp_ano_fixedtau05_s99
[done] dblp_ano_fixedtau05_s99
Anomaly τ=0.5 multi-seed for dblp on GPU 6 complete.
ALL anomaly multi-seed complete.
