/nas/home/jahin/.local/lib/python3.10/site-packages/requests/__init__.py:113: RequestsDependencyWarning: urllib3 (1.26.5) or chardet (7.2.0)/charset_normalizer (3.4.4) doesn't match a supported version!
  warnings.warn(
[ablate] mode=fixed_tau seed=7 dataset=bitalpha task=classification
[KAIROS] Using device: cuda:0 (NVIDIA RTX A5000)
[KAIROS] Classification task → λ_koop overridden to 0.0
[KAIROS] Small graph (3219 nodes) → full-neighbour training sampler

[KAIROS] Backbone: sgc
Training 200 epochs | 4 views | λ_koop=0.0 | PPR α=0.15

/nas/home/jahin/.local/lib/python3.10/site-packages/dgl/dataloading/dataloader.py:1144: DGLWarning: Dataloader CPU affinity opt is not enabled, consider switching it on (see enable_cpu_affinity() or CPU best practices for DGL [https://docs.dgl.ai/tutorials/cpu/cpu_best_practises.html])
  dgl_warning(
Epoch 00000 | NCE 74.7971 | KOOP 0.0000 | τ 0.5000 | Total 74.7971
Epoch 00001 | NCE 69.7082 | KOOP 0.0000 | τ 0.5000 | Total 69.7082
Epoch 00002 | NCE 68.4307 | KOOP 0.0000 | τ 0.5000 | Total 68.4307
Epoch 00003 | NCE 66.2048 | KOOP 0.0000 | τ 0.5000 | Total 66.2048
Epoch 00004 | NCE 64.1053 | KOOP 0.0000 | τ 0.5000 | Total 64.1053
Epoch 00005 | NCE 64.8986 | KOOP 0.0000 | τ 0.5000 | Total 64.8986
Epoch 00006 | NCE 63.3779 | KOOP 0.0000 | τ 0.5000 | Total 63.3779
Epoch 00007 | NCE 63.1246 | KOOP 0.0000 | τ 0.5000 | Total 63.1246
Epoch 00008 | NCE 62.1509 | KOOP 0.0000 | τ 0.5000 | Total 62.1509
Epoch 00009 | NCE 62.5813 | KOOP 0.0000 | τ 0.5000 | Total 62.5813
Epoch 00010 | NCE 62.2560 | KOOP 0.0000 | τ 0.5000 | Total 62.2560
Epoch 00011 | NCE 61.8216 | KOOP 0.0000 | τ 0.5000 | Total 61.8216
Epoch 00012 | NCE 61.6799 | KOOP 0.0000 | τ 0.5000 | Total 61.6799
Epoch 00013 | NCE 60.7461 | KOOP 0.0000 | τ 0.5000 | Total 60.7461
Epoch 00014 | NCE 60.6286 | KOOP 0.0000 | τ 0.5000 | Total 60.6286
Epoch 00015 | NCE 60.1934 | KOOP 0.0000 | τ 0.5000 | Total 60.1934
Epoch 00016 | NCE 60.7531 | KOOP 0.0000 | τ 0.5000 | Total 60.7531
Epoch 00017 | NCE 59.6692 | KOOP 0.0000 | τ 0.5000 | Total 59.6692
Epoch 00018 | NCE 60.8887 | KOOP 0.0000 | τ 0.5000 | Total 60.8887
Epoch 00019 | NCE 60.0158 | KOOP 0.0000 | τ 0.5000 | Total 60.0158
Epoch 00020 | NCE 60.1410 | KOOP 0.0000 | τ 0.5000 | Total 60.1410
Epoch 00021 | NCE 60.8143 | KOOP 0.0000 | τ 0.5000 | Total 60.8143
Epoch 00022 | NCE 59.6281 | KOOP 0.0000 | τ 0.5000 | Total 59.6281
Epoch 00023 | NCE 59.6985 | KOOP 0.0000 | τ 0.5000 | Total 59.6985
Epoch 00024 | NCE 60.1408 | KOOP 0.0000 | τ 0.5000 | Total 60.1408
Epoch 00025 | NCE 60.0338 | KOOP 0.0000 | τ 0.5000 | Total 60.0338
Epoch 00026 | NCE 59.3103 | KOOP 0.0000 | τ 0.5000 | Total 59.3103
Epoch 00027 | NCE 58.9943 | KOOP 0.0000 | τ 0.5000 | Total 58.9943
Epoch 00028 | NCE 58.8090 | KOOP 0.0000 | τ 0.5000 | Total 58.8090
Epoch 00029 | NCE 58.8373 | KOOP 0.0000 | τ 0.5000 | Total 58.8373
Epoch 00030 | NCE 59.4680 | KOOP 0.0000 | τ 0.5000 | Total 59.4680
Epoch 00031 | NCE 59.2290 | KOOP 0.0000 | τ 0.5000 | Total 59.2290
Epoch 00032 | NCE 59.2837 | KOOP 0.0000 | τ 0.5000 | Total 59.2837
Epoch 00033 | NCE 59.2532 | KOOP 0.0000 | τ 0.5000 | Total 59.2532
Epoch 00034 | NCE 58.8260 | KOOP 0.0000 | τ 0.5000 | Total 58.8260
Epoch 00035 | NCE 58.9671 | KOOP 0.0000 | τ 0.5000 | Total 58.9671
Epoch 00036 | NCE 59.0205 | KOOP 0.0000 | τ 0.5000 | Total 59.0205
Epoch 00037 | NCE 59.3071 | KOOP 0.0000 | τ 0.5000 | Total 59.3071
Epoch 00038 | NCE 58.6304 | KOOP 0.0000 | τ 0.5000 | Total 58.6304
Epoch 00039 | NCE 58.6184 | KOOP 0.0000 | τ 0.5000 | Total 58.6184
Epoch 00040 | NCE 58.4106 | KOOP 0.0000 | τ 0.5000 | Total 58.4106
Epoch 00041 | NCE 59.1429 | KOOP 0.0000 | τ 0.5000 | Total 59.1429
Epoch 00042 | NCE 59.1454 | KOOP 0.0000 | τ 0.5000 | Total 59.1454
Epoch 00043 | NCE 58.1387 | KOOP 0.0000 | τ 0.5000 | Total 58.1387
Epoch 00044 | NCE 58.6614 | KOOP 0.0000 | τ 0.5000 | Total 58.6614
Epoch 00045 | NCE 58.8832 | KOOP 0.0000 | τ 0.5000 | Total 58.8832
Epoch 00046 | NCE 58.7913 | KOOP 0.0000 | τ 0.5000 | Total 58.7913
Epoch 00047 | NCE 58.0908 | KOOP 0.0000 | τ 0.5000 | Total 58.0908
Epoch 00048 | NCE 58.3484 | KOOP 0.0000 | τ 0.5000 | Total 58.3484
Epoch 00049 | NCE 57.8963 | KOOP 0.0000 | τ 0.5000 | Total 57.8963
Epoch 00050 | NCE 58.5344 | KOOP 0.0000 | τ 0.5000 | Total 58.5344
Epoch 00051 | NCE 58.7420 | KOOP 0.0000 | τ 0.5000 | Total 58.7420
Epoch 00052 | NCE 58.7780 | KOOP 0.0000 | τ 0.5000 | Total 58.7780
Epoch 00053 | NCE 58.3175 | KOOP 0.0000 | τ 0.5000 | Total 58.3175
Epoch 00054 | NCE 58.7084 | KOOP 0.0000 | τ 0.5000 | Total 58.7084
Epoch 00055 | NCE 58.6436 | KOOP 0.0000 | τ 0.5000 | Total 58.6436
Epoch 00056 | NCE 58.1381 | KOOP 0.0000 | τ 0.5000 | Total 58.1381
Epoch 00057 | NCE 58.3456 | KOOP 0.0000 | τ 0.5000 | Total 58.3456
Epoch 00058 | NCE 58.1326 | KOOP 0.0000 | τ 0.5000 | Total 58.1326
Epoch 00059 | NCE 58.6479 | KOOP 0.0000 | τ 0.5000 | Total 58.6479
Epoch 00060 | NCE 58.4387 | KOOP 0.0000 | τ 0.5000 | Total 58.4387
Epoch 00061 | NCE 58.1156 | KOOP 0.0000 | τ 0.5000 | Total 58.1156
Epoch 00062 | NCE 58.2961 | KOOP 0.0000 | τ 0.5000 | Total 58.2961
Epoch 00063 | NCE 58.6798 | KOOP 0.0000 | τ 0.5000 | Total 58.6798
Epoch 00064 | NCE 58.0694 | KOOP 0.0000 | τ 0.5000 | Total 58.0694
Epoch 00065 | NCE 58.0271 | KOOP 0.0000 | τ 0.5000 | Total 58.0271
Epoch 00066 | NCE 58.5302 | KOOP 0.0000 | τ 0.5000 | Total 58.5302
Epoch 00067 | NCE 58.2319 | KOOP 0.0000 | τ 0.5000 | Total 58.2319
Epoch 00068 | NCE 58.6550 | KOOP 0.0000 | τ 0.5000 | Total 58.6550
Epoch 00069 | NCE 58.1046 | KOOP 0.0000 | τ 0.5000 | Total 58.1046
Epoch 00070 | NCE 58.2054 | KOOP 0.0000 | τ 0.5000 | Total 58.2054
Epoch 00071 | NCE 58.2272 | KOOP 0.0000 | τ 0.5000 | Total 58.2272
Epoch 00072 | NCE 58.0967 | KOOP 0.0000 | τ 0.5000 | Total 58.0967
Epoch 00073 | NCE 58.2904 | KOOP 0.0000 | τ 0.5000 | Total 58.2904
Epoch 00074 | NCE 58.2165 | KOOP 0.0000 | τ 0.5000 | Total 58.2165
Epoch 00075 | NCE 58.4146 | KOOP 0.0000 | τ 0.5000 | Total 58.4146
Epoch 00076 | NCE 57.4706 | KOOP 0.0000 | τ 0.5000 | Total 57.4706
Epoch 00077 | NCE 58.0540 | KOOP 0.0000 | τ 0.5000 | Total 58.0540
Epoch 00078 | NCE 58.1353 | KOOP 0.0000 | τ 0.5000 | Total 58.1353
Epoch 00079 | NCE 57.4389 | KOOP 0.0000 | τ 0.5000 | Total 57.4389
Epoch 00080 | NCE 57.6095 | KOOP 0.0000 | τ 0.5000 | Total 57.6095
Epoch 00081 | NCE 58.4841 | KOOP 0.0000 | τ 0.5000 | Total 58.4841
Epoch 00082 | NCE 57.8121 | KOOP 0.0000 | τ 0.5000 | Total 57.8121
Epoch 00083 | NCE 58.1962 | KOOP 0.0000 | τ 0.5000 | Total 58.1962
Epoch 00084 | NCE 57.7388 | KOOP 0.0000 | τ 0.5000 | Total 57.7388
Epoch 00085 | NCE 58.5486 | KOOP 0.0000 | τ 0.5000 | Total 58.5486
Epoch 00086 | NCE 58.0608 | KOOP 0.0000 | τ 0.5000 | Total 58.0608
Epoch 00087 | NCE 58.1856 | KOOP 0.0000 | τ 0.5000 | Total 58.1856
Epoch 00088 | NCE 57.8259 | KOOP 0.0000 | τ 0.5000 | Total 57.8259
Epoch 00089 | NCE 57.8024 | KOOP 0.0000 | τ 0.5000 | Total 57.8024
Epoch 00090 | NCE 58.3371 | KOOP 0.0000 | τ 0.5000 | Total 58.3371
Epoch 00091 | NCE 57.5189 | KOOP 0.0000 | τ 0.5000 | Total 57.5189
Epoch 00092 | NCE 58.5178 | KOOP 0.0000 | τ 0.5000 | Total 58.5178
Epoch 00093 | NCE 58.5576 | KOOP 0.0000 | τ 0.5000 | Total 58.5576
Epoch 00094 | NCE 57.7908 | KOOP 0.0000 | τ 0.5000 | Total 57.7908
Epoch 00095 | NCE 57.8560 | KOOP 0.0000 | τ 0.5000 | Total 57.8560
Epoch 00096 | NCE 57.4299 | KOOP 0.0000 | τ 0.5000 | Total 57.4299
Epoch 00097 | NCE 57.9993 | KOOP 0.0000 | τ 0.5000 | Total 57.9993
Epoch 00098 | NCE 57.8153 | KOOP 0.0000 | τ 0.5000 | Total 57.8153
Epoch 00099 | NCE 57.6296 | KOOP 0.0000 | τ 0.5000 | Total 57.6296
Epoch 00100 | NCE 58.3538 | KOOP 0.0000 | τ 0.5000 | Total 58.3538
Epoch 00101 | NCE 57.6676 | KOOP 0.0000 | τ 0.5000 | Total 57.6676
Epoch 00102 | NCE 57.3978 | KOOP 0.0000 | τ 0.5000 | Total 57.3978
Epoch 00103 | NCE 57.5618 | KOOP 0.0000 | τ 0.5000 | Total 57.5618
Epoch 00104 | NCE 57.9403 | KOOP 0.0000 | τ 0.5000 | Total 57.9403
Epoch 00105 | NCE 58.0759 | KOOP 0.0000 | τ 0.5000 | Total 58.0759
Epoch 00106 | NCE 57.8957 | KOOP 0.0000 | τ 0.5000 | Total 57.8957
Epoch 00107 | NCE 57.5738 | KOOP 0.0000 | τ 0.5000 | Total 57.5738
Epoch 00108 | NCE 57.7781 | KOOP 0.0000 | τ 0.5000 | Total 57.7781
Epoch 00109 | NCE 57.5963 | KOOP 0.0000 | τ 0.5000 | Total 57.5963
Epoch 00110 | NCE 57.6450 | KOOP 0.0000 | τ 0.5000 | Total 57.6450
Epoch 00111 | NCE 57.8732 | KOOP 0.0000 | τ 0.5000 | Total 57.8732
Epoch 00112 | NCE 57.6458 | KOOP 0.0000 | τ 0.5000 | Total 57.6458
Epoch 00113 | NCE 57.9423 | KOOP 0.0000 | τ 0.5000 | Total 57.9423
Epoch 00114 | NCE 58.1388 | KOOP 0.0000 | τ 0.5000 | Total 58.1388
Epoch 00115 | NCE 57.5664 | KOOP 0.0000 | τ 0.5000 | Total 57.5664
Epoch 00116 | NCE 57.8888 | KOOP 0.0000 | τ 0.5000 | Total 57.8888
Epoch 00117 | NCE 58.2591 | KOOP 0.0000 | τ 0.5000 | Total 58.2591
Epoch 00118 | NCE 57.8227 | KOOP 0.0000 | τ 0.5000 | Total 57.8227
Epoch 00119 | NCE 57.7540 | KOOP 0.0000 | τ 0.5000 | Total 57.7540
Epoch 00120 | NCE 57.4799 | KOOP 0.0000 | τ 0.5000 | Total 57.4799
Epoch 00121 | NCE 57.3677 | KOOP 0.0000 | τ 0.5000 | Total 57.3677
Epoch 00122 | NCE 58.0047 | KOOP 0.0000 | τ 0.5000 | Total 58.0047
Epoch 00123 | NCE 57.5231 | KOOP 0.0000 | τ 0.5000 | Total 57.5231
Epoch 00124 | NCE 57.4493 | KOOP 0.0000 | τ 0.5000 | Total 57.4493
Epoch 00125 | NCE 58.1269 | KOOP 0.0000 | τ 0.5000 | Total 58.1269
Epoch 00126 | NCE 57.1851 | KOOP 0.0000 | τ 0.5000 | Total 57.1851
Epoch 00127 | NCE 57.9478 | KOOP 0.0000 | τ 0.5000 | Total 57.9478
Epoch 00128 | NCE 58.0400 | KOOP 0.0000 | τ 0.5000 | Total 58.0400
Epoch 00129 | NCE 57.7051 | KOOP 0.0000 | τ 0.5000 | Total 57.7051
Epoch 00130 | NCE 58.0977 | KOOP 0.0000 | τ 0.5000 | Total 58.0977
Epoch 00131 | NCE 57.8482 | KOOP 0.0000 | τ 0.5000 | Total 57.8482
Epoch 00132 | NCE 57.3267 | KOOP 0.0000 | τ 0.5000 | Total 57.3267
Epoch 00133 | NCE 57.7462 | KOOP 0.0000 | τ 0.5000 | Total 57.7462
Epoch 00134 | NCE 57.5456 | KOOP 0.0000 | τ 0.5000 | Total 57.5456
Epoch 00135 | NCE 58.1846 | KOOP 0.0000 | τ 0.5000 | Total 58.1846
Epoch 00136 | NCE 57.8311 | KOOP 0.0000 | τ 0.5000 | Total 57.8311
Epoch 00137 | NCE 57.5154 | KOOP 0.0000 | τ 0.5000 | Total 57.5154
Epoch 00138 | NCE 58.0385 | KOOP 0.0000 | τ 0.5000 | Total 58.0385
Epoch 00139 | NCE 58.1550 | KOOP 0.0000 | τ 0.5000 | Total 58.1550
Epoch 00140 | NCE 57.5802 | KOOP 0.0000 | τ 0.5000 | Total 57.5802
Epoch 00141 | NCE 58.0476 | KOOP 0.0000 | τ 0.5000 | Total 58.0476
Epoch 00142 | NCE 57.9484 | KOOP 0.0000 | τ 0.5000 | Total 57.9484
Epoch 00143 | NCE 57.8901 | KOOP 0.0000 | τ 0.5000 | Total 57.8901
Epoch 00144 | NCE 57.1180 | KOOP 0.0000 | τ 0.5000 | Total 57.1180
Epoch 00145 | NCE 57.9278 | KOOP 0.0000 | τ 0.5000 | Total 57.9278
Epoch 00146 | NCE 57.3952 | KOOP 0.0000 | τ 0.5000 | Total 57.3952
Epoch 00147 | NCE 57.1855 | KOOP 0.0000 | τ 0.5000 | Total 57.1855
Epoch 00148 | NCE 57.6622 | KOOP 0.0000 | τ 0.5000 | Total 57.6622
Epoch 00149 | NCE 57.6772 | KOOP 0.0000 | τ 0.5000 | Total 57.6772
Epoch 00150 | NCE 57.4224 | KOOP 0.0000 | τ 0.5000 | Total 57.4224
Epoch 00151 | NCE 57.4262 | KOOP 0.0000 | τ 0.5000 | Total 57.4262
Epoch 00152 | NCE 57.6227 | KOOP 0.0000 | τ 0.5000 | Total 57.6227
Epoch 00153 | NCE 57.8794 | KOOP 0.0000 | τ 0.5000 | Total 57.8794
Epoch 00154 | NCE 57.6134 | KOOP 0.0000 | τ 0.5000 | Total 57.6134
Epoch 00155 | NCE 57.4050 | KOOP 0.0000 | τ 0.5000 | Total 57.4050
Epoch 00156 | NCE 57.4523 | KOOP 0.0000 | τ 0.5000 | Total 57.4523
Epoch 00157 | NCE 57.3553 | KOOP 0.0000 | τ 0.5000 | Total 57.3553
Epoch 00158 | NCE 57.5316 | KOOP 0.0000 | τ 0.5000 | Total 57.5316
Epoch 00159 | NCE 57.3602 | KOOP 0.0000 | τ 0.5000 | Total 57.3602
Epoch 00160 | NCE 57.6851 | KOOP 0.0000 | τ 0.5000 | Total 57.6851
Epoch 00161 | NCE 57.2068 | KOOP 0.0000 | τ 0.5000 | Total 57.2068
Epoch 00162 | NCE 57.5604 | KOOP 0.0000 | τ 0.5000 | Total 57.5604
Epoch 00163 | NCE 58.2263 | KOOP 0.0000 | τ 0.5000 | Total 58.2263
Epoch 00164 | NCE 57.5915 | KOOP 0.0000 | τ 0.5000 | Total 57.5915
Epoch 00165 | NCE 57.5931 | KOOP 0.0000 | τ 0.5000 | Total 57.5931
Epoch 00166 | NCE 57.8257 | KOOP 0.0000 | τ 0.5000 | Total 57.8257
Epoch 00167 | NCE 57.9060 | KOOP 0.0000 | τ 0.5000 | Total 57.9060
Epoch 00168 | NCE 57.7464 | KOOP 0.0000 | τ 0.5000 | Total 57.7464
Epoch 00169 | NCE 57.0270 | KOOP 0.0000 | τ 0.5000 | Total 57.0270
Epoch 00170 | NCE 57.7335 | KOOP 0.0000 | τ 0.5000 | Total 57.7335
Epoch 00171 | NCE 57.2238 | KOOP 0.0000 | τ 0.5000 | Total 57.2238
Epoch 00172 | NCE 57.2566 | KOOP 0.0000 | τ 0.5000 | Total 57.2566
Epoch 00173 | NCE 57.8011 | KOOP 0.0000 | τ 0.5000 | Total 57.8011
Epoch 00174 | NCE 57.7657 | KOOP 0.0000 | τ 0.5000 | Total 57.7657
Epoch 00175 | NCE 57.5806 | KOOP 0.0000 | τ 0.5000 | Total 57.5806
Epoch 00176 | NCE 57.4815 | KOOP 0.0000 | τ 0.5000 | Total 57.4815
Epoch 00177 | NCE 57.7275 | KOOP 0.0000 | τ 0.5000 | Total 57.7275
Epoch 00178 | NCE 56.9009 | KOOP 0.0000 | τ 0.5000 | Total 56.9009
Epoch 00179 | NCE 57.8603 | KOOP 0.0000 | τ 0.5000 | Total 57.8603
Epoch 00180 | NCE 57.5873 | KOOP 0.0000 | τ 0.5000 | Total 57.5873
Epoch 00181 | NCE 57.1155 | KOOP 0.0000 | τ 0.5000 | Total 57.1155
Epoch 00182 | NCE 57.1878 | KOOP 0.0000 | τ 0.5000 | Total 57.1878
Epoch 00183 | NCE 57.4470 | KOOP 0.0000 | τ 0.5000 | Total 57.4470
Epoch 00184 | NCE 57.2650 | KOOP 0.0000 | τ 0.5000 | Total 57.2650
Epoch 00185 | NCE 57.3685 | KOOP 0.0000 | τ 0.5000 | Total 57.3685
Epoch 00186 | NCE 57.7552 | KOOP 0.0000 | τ 0.5000 | Total 57.7552
Epoch 00187 | NCE 57.4463 | KOOP 0.0000 | τ 0.5000 | Total 57.4463
Epoch 00188 | NCE 57.5236 | KOOP 0.0000 | τ 0.5000 | Total 57.5236
Epoch 00189 | NCE 57.2036 | KOOP 0.0000 | τ 0.5000 | Total 57.2036
Epoch 00190 | NCE 57.3929 | KOOP 0.0000 | τ 0.5000 | Total 57.3929
Epoch 00191 | NCE 57.4100 | KOOP 0.0000 | τ 0.5000 | Total 57.4100
Epoch 00192 | NCE 57.3702 | KOOP 0.0000 | τ 0.5000 | Total 57.3702
Epoch 00193 | NCE 57.6806 | KOOP 0.0000 | τ 0.5000 | Total 57.6806
Epoch 00194 | NCE 57.4450 | KOOP 0.0000 | τ 0.5000 | Total 57.4450
Epoch 00195 | NCE 57.7381 | KOOP 0.0000 | τ 0.5000 | Total 57.7381
Epoch 00196 | NCE 57.9114 | KOOP 0.0000 | τ 0.5000 | Total 57.9114
Epoch 00197 | NCE 57.6037 | KOOP 0.0000 | τ 0.5000 | Total 57.6037
Epoch 00198 | NCE 57.5824 | KOOP 0.0000 | τ 0.5000 | Total 57.5824
Epoch 00199 | NCE 57.0939 | KOOP 0.0000 | τ 0.5000 | Total 57.0939
  LinEval    0 | train 0.0252 | val 0.0717 | micro 0.0663 | wei 0.0633
  LinEval  500 | train 0.8013 | val 0.7539 | micro 0.7586 | wei 0.6943
  LinEval 1000 | train 0.8170 | val 0.7508 | micro 0.7508 | wei 0.6931
  LinEval 1500 | train 0.8297 | val 0.7445 | micro 0.7477 | wei 0.6939
  LinEval 1999 | train 0.8360 | val 0.7383 | micro 0.7438 | wei 0.6922
  LinEval    0 | train 0.1577 | val 0.2741 | micro 0.2800 | wei 0.3002
  LinEval  500 | train 0.8044 | val 0.7601 | micro 0.7586 | wei 0.6942
  LinEval 1000 | train 0.8202 | val 0.7477 | micro 0.7520 | wei 0.6944
  LinEval 1500 | train 0.8360 | val 0.7445 | micro 0.7480 | wei 0.6942
  LinEval 1999 | train 0.8360 | val 0.7383 | micro 0.7438 | wei 0.6922
  LinEval    0 | train 0.0410 | val 0.0935 | micro 0.1045 | wei 0.0374
  LinEval  500 | train 0.8013 | val 0.7570 | micro 0.7586 | wei 0.6948
  LinEval 1000 | train 0.8170 | val 0.7477 | micro 0.7527 | wei 0.6947
  LinEval 1500 | train 0.8328 | val 0.7445 | micro 0.7496 | wei 0.6952
  LinEval 1999 | train 0.8360 | val 0.7383 | micro 0.7449 | wei 0.6933
  LinEval    0 | train 0.0442 | val 0.6947 | micro 0.6790 | wei 0.6505
  LinEval  500 | train 0.8044 | val 0.7601 | micro 0.7582 | wei 0.6941
  LinEval 1000 | train 0.8170 | val 0.7508 | micro 0.7512 | wei 0.6933
  LinEval 1500 | train 0.8360 | val 0.7445 | micro 0.7477 | wei 0.6939
  LinEval 1999 | train 0.8360 | val 0.7383 | micro 0.7441 | wei 0.6925
  LinEval    0 | train 0.0284 | val 0.1184 | micro 0.1205 | wei 0.1087
  LinEval  500 | train 0.8013 | val 0.7508 | micro 0.7586 | wei 0.6943
  LinEval 1000 | train 0.8170 | val 0.7477 | micro 0.7523 | wei 0.6948
  LinEval 1500 | train 0.8328 | val 0.7445 | micro 0.7484 | wei 0.6944
  LinEval 1999 | train 0.8360 | val 0.7383 | micro 0.7449 | wei 0.6933

Linear evaluation  Acc: 0.7798  Wei-F1: 0.6908
[ablate-result] ablation=fixed_tau seed=7 dataset=bitalpha task=classification result={'accuracy': 0.7797971963882446, 'weighted_f1': 0.6908453106880188}
