/nas/home/jahin/.local/lib/python3.10/site-packages/requests/__init__.py:113: RequestsDependencyWarning: urllib3 (1.26.5) or chardet (7.2.0)/charset_normalizer (3.4.4) doesn't match a supported version!
  warnings.warn(
[ablate] mode=fixed_tau seed=7 dataset=bitalpha task=classification
/nas/home/jahin/.local/lib/python3.10/site-packages/torch/cuda/__init__.py:654: UserWarning: Can't initialize NVML
  warnings.warn("Can't initialize NVML")
[KAIROS] Using device: cuda:0 (NVIDIA RTX A6000)
[KAIROS] Classification task → λ_koop overridden to 0.0
[KAIROS] Small graph (3219 nodes) → full-neighbour training sampler

[KAIROS] Backbone: gcn
Training 200 epochs | 4 views | λ_koop=0.0 | PPR α=0.15

/nas/home/jahin/.local/lib/python3.10/site-packages/dgl/dataloading/dataloader.py:1144: DGLWarning: Dataloader CPU affinity opt is not enabled, consider switching it on (see enable_cpu_affinity() or CPU best practices for DGL [https://docs.dgl.ai/tutorials/cpu/cpu_best_practises.html])
  dgl_warning(
Epoch 00000 | NCE 74.9541 | KOOP 0.0000 | τ 0.5000 | Total 74.9541
Epoch 00001 | NCE 70.0040 | KOOP 0.0000 | τ 0.5000 | Total 70.0040
Epoch 00002 | NCE 68.6679 | KOOP 0.0000 | τ 0.5000 | Total 68.6679
Epoch 00003 | NCE 66.3839 | KOOP 0.0000 | τ 0.5000 | Total 66.3839
Epoch 00004 | NCE 64.0931 | KOOP 0.0000 | τ 0.5000 | Total 64.0931
Epoch 00005 | NCE 64.9331 | KOOP 0.0000 | τ 0.5000 | Total 64.9331
Epoch 00006 | NCE 63.5251 | KOOP 0.0000 | τ 0.5000 | Total 63.5251
Epoch 00007 | NCE 63.2554 | KOOP 0.0000 | τ 0.5000 | Total 63.2554
Epoch 00008 | NCE 62.2652 | KOOP 0.0000 | τ 0.5000 | Total 62.2652
Epoch 00009 | NCE 62.5270 | KOOP 0.0000 | τ 0.5000 | Total 62.5270
Epoch 00010 | NCE 62.1046 | KOOP 0.0000 | τ 0.5000 | Total 62.1046
Epoch 00011 | NCE 61.8214 | KOOP 0.0000 | τ 0.5000 | Total 61.8214
Epoch 00012 | NCE 61.5509 | KOOP 0.0000 | τ 0.5000 | Total 61.5509
Epoch 00013 | NCE 60.6518 | KOOP 0.0000 | τ 0.5000 | Total 60.6518
Epoch 00014 | NCE 60.4463 | KOOP 0.0000 | τ 0.5000 | Total 60.4463
Epoch 00015 | NCE 60.2230 | KOOP 0.0000 | τ 0.5000 | Total 60.2230
Epoch 00016 | NCE 60.7776 | KOOP 0.0000 | τ 0.5000 | Total 60.7776
Epoch 00017 | NCE 59.8121 | KOOP 0.0000 | τ 0.5000 | Total 59.8121
Epoch 00018 | NCE 61.0025 | KOOP 0.0000 | τ 0.5000 | Total 61.0025
Epoch 00019 | NCE 60.1705 | KOOP 0.0000 | τ 0.5000 | Total 60.1705
Epoch 00020 | NCE 60.3776 | KOOP 0.0000 | τ 0.5000 | Total 60.3776
Epoch 00021 | NCE 61.0388 | KOOP 0.0000 | τ 0.5000 | Total 61.0388
Epoch 00022 | NCE 59.7431 | KOOP 0.0000 | τ 0.5000 | Total 59.7431
Epoch 00023 | NCE 59.8117 | KOOP 0.0000 | τ 0.5000 | Total 59.8117
Epoch 00024 | NCE 60.2592 | KOOP 0.0000 | τ 0.5000 | Total 60.2592
Epoch 00025 | NCE 60.0369 | KOOP 0.0000 | τ 0.5000 | Total 60.0369
Epoch 00026 | NCE 59.4300 | KOOP 0.0000 | τ 0.5000 | Total 59.4300
Epoch 00027 | NCE 59.3944 | KOOP 0.0000 | τ 0.5000 | Total 59.3944
Epoch 00028 | NCE 58.9365 | KOOP 0.0000 | τ 0.5000 | Total 58.9365
Epoch 00029 | NCE 59.1305 | KOOP 0.0000 | τ 0.5000 | Total 59.1305
Epoch 00030 | NCE 59.6806 | KOOP 0.0000 | τ 0.5000 | Total 59.6806
Epoch 00031 | NCE 59.2765 | KOOP 0.0000 | τ 0.5000 | Total 59.2765
Epoch 00032 | NCE 59.3817 | KOOP 0.0000 | τ 0.5000 | Total 59.3817
Epoch 00033 | NCE 59.3127 | KOOP 0.0000 | τ 0.5000 | Total 59.3127
Epoch 00034 | NCE 58.9891 | KOOP 0.0000 | τ 0.5000 | Total 58.9891
Epoch 00035 | NCE 59.2183 | KOOP 0.0000 | τ 0.5000 | Total 59.2183
Epoch 00036 | NCE 59.1892 | KOOP 0.0000 | τ 0.5000 | Total 59.1892
Epoch 00037 | NCE 59.4515 | KOOP 0.0000 | τ 0.5000 | Total 59.4515
Epoch 00038 | NCE 58.7488 | KOOP 0.0000 | τ 0.5000 | Total 58.7488
Epoch 00039 | NCE 58.7751 | KOOP 0.0000 | τ 0.5000 | Total 58.7751
Epoch 00040 | NCE 58.7049 | KOOP 0.0000 | τ 0.5000 | Total 58.7049
Epoch 00041 | NCE 59.3150 | KOOP 0.0000 | τ 0.5000 | Total 59.3150
Epoch 00042 | NCE 59.2698 | KOOP 0.0000 | τ 0.5000 | Total 59.2698
Epoch 00043 | NCE 58.3654 | KOOP 0.0000 | τ 0.5000 | Total 58.3654
Epoch 00044 | NCE 58.7885 | KOOP 0.0000 | τ 0.5000 | Total 58.7885
Epoch 00045 | NCE 58.9145 | KOOP 0.0000 | τ 0.5000 | Total 58.9145
Epoch 00046 | NCE 58.9128 | KOOP 0.0000 | τ 0.5000 | Total 58.9128
Epoch 00047 | NCE 58.2432 | KOOP 0.0000 | τ 0.5000 | Total 58.2432
Epoch 00048 | NCE 58.7198 | KOOP 0.0000 | τ 0.5000 | Total 58.7198
Epoch 00049 | NCE 58.0315 | KOOP 0.0000 | τ 0.5000 | Total 58.0315
Epoch 00050 | NCE 58.7407 | KOOP 0.0000 | τ 0.5000 | Total 58.7407
Epoch 00051 | NCE 58.7661 | KOOP 0.0000 | τ 0.5000 | Total 58.7661
Epoch 00052 | NCE 58.6331 | KOOP 0.0000 | τ 0.5000 | Total 58.6331
Epoch 00053 | NCE 58.5446 | KOOP 0.0000 | τ 0.5000 | Total 58.5446
Epoch 00054 | NCE 58.8377 | KOOP 0.0000 | τ 0.5000 | Total 58.8377
Epoch 00055 | NCE 58.8322 | KOOP 0.0000 | τ 0.5000 | Total 58.8322
Epoch 00056 | NCE 58.2648 | KOOP 0.0000 | τ 0.5000 | Total 58.2648
Epoch 00057 | NCE 58.5065 | KOOP 0.0000 | τ 0.5000 | Total 58.5065
Epoch 00058 | NCE 58.4237 | KOOP 0.0000 | τ 0.5000 | Total 58.4237
Epoch 00059 | NCE 58.7191 | KOOP 0.0000 | τ 0.5000 | Total 58.7191
Epoch 00060 | NCE 58.4510 | KOOP 0.0000 | τ 0.5000 | Total 58.4510
Epoch 00061 | NCE 58.0279 | KOOP 0.0000 | τ 0.5000 | Total 58.0279
Epoch 00062 | NCE 58.5106 | KOOP 0.0000 | τ 0.5000 | Total 58.5106
Epoch 00063 | NCE 58.7638 | KOOP 0.0000 | τ 0.5000 | Total 58.7638
Epoch 00064 | NCE 58.2409 | KOOP 0.0000 | τ 0.5000 | Total 58.2409
Epoch 00065 | NCE 58.2444 | KOOP 0.0000 | τ 0.5000 | Total 58.2444
Epoch 00066 | NCE 58.6711 | KOOP 0.0000 | τ 0.5000 | Total 58.6711
Epoch 00067 | NCE 58.3093 | KOOP 0.0000 | τ 0.5000 | Total 58.3093
Epoch 00068 | NCE 58.7969 | KOOP 0.0000 | τ 0.5000 | Total 58.7969
Epoch 00069 | NCE 58.0346 | KOOP 0.0000 | τ 0.5000 | Total 58.0346
Epoch 00070 | NCE 58.2226 | KOOP 0.0000 | τ 0.5000 | Total 58.2226
Epoch 00071 | NCE 58.2389 | KOOP 0.0000 | τ 0.5000 | Total 58.2389
Epoch 00072 | NCE 58.2571 | KOOP 0.0000 | τ 0.5000 | Total 58.2571
Epoch 00073 | NCE 58.4692 | KOOP 0.0000 | τ 0.5000 | Total 58.4692
Epoch 00074 | NCE 58.3308 | KOOP 0.0000 | τ 0.5000 | Total 58.3308
Epoch 00075 | NCE 58.5186 | KOOP 0.0000 | τ 0.5000 | Total 58.5186
Epoch 00076 | NCE 57.7203 | KOOP 0.0000 | τ 0.5000 | Total 57.7203
Epoch 00077 | NCE 58.2874 | KOOP 0.0000 | τ 0.5000 | Total 58.2874
Epoch 00078 | NCE 58.2420 | KOOP 0.0000 | τ 0.5000 | Total 58.2420
Epoch 00079 | NCE 57.6213 | KOOP 0.0000 | τ 0.5000 | Total 57.6213
Epoch 00080 | NCE 57.8170 | KOOP 0.0000 | τ 0.5000 | Total 57.8170
Epoch 00081 | NCE 58.5549 | KOOP 0.0000 | τ 0.5000 | Total 58.5549
Epoch 00082 | NCE 57.7778 | KOOP 0.0000 | τ 0.5000 | Total 57.7778
Epoch 00083 | NCE 58.2694 | KOOP 0.0000 | τ 0.5000 | Total 58.2694
Epoch 00084 | NCE 57.7567 | KOOP 0.0000 | τ 0.5000 | Total 57.7567
Epoch 00085 | NCE 58.5217 | KOOP 0.0000 | τ 0.5000 | Total 58.5217
Epoch 00086 | NCE 58.0898 | KOOP 0.0000 | τ 0.5000 | Total 58.0898
Epoch 00087 | NCE 58.2456 | KOOP 0.0000 | τ 0.5000 | Total 58.2456
Epoch 00088 | NCE 57.8246 | KOOP 0.0000 | τ 0.5000 | Total 57.8246
Epoch 00089 | NCE 58.0055 | KOOP 0.0000 | τ 0.5000 | Total 58.0055
Epoch 00090 | NCE 58.3542 | KOOP 0.0000 | τ 0.5000 | Total 58.3542
Epoch 00091 | NCE 57.6537 | KOOP 0.0000 | τ 0.5000 | Total 57.6537
Epoch 00092 | NCE 58.5056 | KOOP 0.0000 | τ 0.5000 | Total 58.5056
Epoch 00093 | NCE 58.6415 | KOOP 0.0000 | τ 0.5000 | Total 58.6415
Epoch 00094 | NCE 57.7631 | KOOP 0.0000 | τ 0.5000 | Total 57.7631
Epoch 00095 | NCE 57.8278 | KOOP 0.0000 | τ 0.5000 | Total 57.8278
Epoch 00096 | NCE 57.4558 | KOOP 0.0000 | τ 0.5000 | Total 57.4558
Epoch 00097 | NCE 58.0022 | KOOP 0.0000 | τ 0.5000 | Total 58.0022
Epoch 00098 | NCE 57.7866 | KOOP 0.0000 | τ 0.5000 | Total 57.7866
Epoch 00099 | NCE 57.6682 | KOOP 0.0000 | τ 0.5000 | Total 57.6682
Epoch 00100 | NCE 58.2670 | KOOP 0.0000 | τ 0.5000 | Total 58.2670
Epoch 00101 | NCE 57.6937 | KOOP 0.0000 | τ 0.5000 | Total 57.6937
Epoch 00102 | NCE 57.4926 | KOOP 0.0000 | τ 0.5000 | Total 57.4926
Epoch 00103 | NCE 57.5789 | KOOP 0.0000 | τ 0.5000 | Total 57.5789
Epoch 00104 | NCE 57.8994 | KOOP 0.0000 | τ 0.5000 | Total 57.8994
Epoch 00105 | NCE 58.1715 | KOOP 0.0000 | τ 0.5000 | Total 58.1715
Epoch 00106 | NCE 57.8678 | KOOP 0.0000 | τ 0.5000 | Total 57.8678
Epoch 00107 | NCE 57.6502 | KOOP 0.0000 | τ 0.5000 | Total 57.6502
Epoch 00108 | NCE 57.7977 | KOOP 0.0000 | τ 0.5000 | Total 57.7977
Epoch 00109 | NCE 57.5299 | KOOP 0.0000 | τ 0.5000 | Total 57.5299
Epoch 00110 | NCE 57.5988 | KOOP 0.0000 | τ 0.5000 | Total 57.5988
Epoch 00111 | NCE 57.8411 | KOOP 0.0000 | τ 0.5000 | Total 57.8411
Epoch 00112 | NCE 57.7035 | KOOP 0.0000 | τ 0.5000 | Total 57.7035
Epoch 00113 | NCE 58.1449 | KOOP 0.0000 | τ 0.5000 | Total 58.1449
Epoch 00114 | NCE 58.2585 | KOOP 0.0000 | τ 0.5000 | Total 58.2585
Epoch 00115 | NCE 57.6413 | KOOP 0.0000 | τ 0.5000 | Total 57.6413
Epoch 00116 | NCE 57.9171 | KOOP 0.0000 | τ 0.5000 | Total 57.9171
Epoch 00117 | NCE 58.3365 | KOOP 0.0000 | τ 0.5000 | Total 58.3365
Epoch 00118 | NCE 57.8367 | KOOP 0.0000 | τ 0.5000 | Total 57.8367
Epoch 00119 | NCE 57.8041 | KOOP 0.0000 | τ 0.5000 | Total 57.8041
Epoch 00120 | NCE 57.4990 | KOOP 0.0000 | τ 0.5000 | Total 57.4990
Epoch 00121 | NCE 57.3731 | KOOP 0.0000 | τ 0.5000 | Total 57.3731
Epoch 00122 | NCE 58.0711 | KOOP 0.0000 | τ 0.5000 | Total 58.0711
Epoch 00123 | NCE 57.6288 | KOOP 0.0000 | τ 0.5000 | Total 57.6288
Epoch 00124 | NCE 57.4835 | KOOP 0.0000 | τ 0.5000 | Total 57.4835
Epoch 00125 | NCE 58.0625 | KOOP 0.0000 | τ 0.5000 | Total 58.0625
Epoch 00126 | NCE 57.2812 | KOOP 0.0000 | τ 0.5000 | Total 57.2812
Epoch 00127 | NCE 57.9844 | KOOP 0.0000 | τ 0.5000 | Total 57.9844
Epoch 00128 | NCE 57.9553 | KOOP 0.0000 | τ 0.5000 | Total 57.9553
Epoch 00129 | NCE 57.7676 | KOOP 0.0000 | τ 0.5000 | Total 57.7676
Epoch 00130 | NCE 58.2104 | KOOP 0.0000 | τ 0.5000 | Total 58.2104
Epoch 00131 | NCE 57.9006 | KOOP 0.0000 | τ 0.5000 | Total 57.9006
Epoch 00132 | NCE 57.3485 | KOOP 0.0000 | τ 0.5000 | Total 57.3485
Epoch 00133 | NCE 57.7654 | KOOP 0.0000 | τ 0.5000 | Total 57.7654
Epoch 00134 | NCE 57.5193 | KOOP 0.0000 | τ 0.5000 | Total 57.5193
Epoch 00135 | NCE 58.1088 | KOOP 0.0000 | τ 0.5000 | Total 58.1088
Epoch 00136 | NCE 57.8988 | KOOP 0.0000 | τ 0.5000 | Total 57.8988
Epoch 00137 | NCE 57.6415 | KOOP 0.0000 | τ 0.5000 | Total 57.6415
Epoch 00138 | NCE 58.0125 | KOOP 0.0000 | τ 0.5000 | Total 58.0125
Epoch 00139 | NCE 58.2008 | KOOP 0.0000 | τ 0.5000 | Total 58.2008
Epoch 00140 | NCE 57.5605 | KOOP 0.0000 | τ 0.5000 | Total 57.5605
Epoch 00141 | NCE 58.0825 | KOOP 0.0000 | τ 0.5000 | Total 58.0825
Epoch 00142 | NCE 57.9489 | KOOP 0.0000 | τ 0.5000 | Total 57.9489
Epoch 00143 | NCE 57.8706 | KOOP 0.0000 | τ 0.5000 | Total 57.8706
Epoch 00144 | NCE 57.2048 | KOOP 0.0000 | τ 0.5000 | Total 57.2048
Epoch 00145 | NCE 57.8892 | KOOP 0.0000 | τ 0.5000 | Total 57.8892
Epoch 00146 | NCE 57.4569 | KOOP 0.0000 | τ 0.5000 | Total 57.4569
Epoch 00147 | NCE 57.2184 | KOOP 0.0000 | τ 0.5000 | Total 57.2184
Epoch 00148 | NCE 57.6973 | KOOP 0.0000 | τ 0.5000 | Total 57.6973
Epoch 00149 | NCE 57.6471 | KOOP 0.0000 | τ 0.5000 | Total 57.6471
Epoch 00150 | NCE 57.3168 | KOOP 0.0000 | τ 0.5000 | Total 57.3168
Epoch 00151 | NCE 57.5742 | KOOP 0.0000 | τ 0.5000 | Total 57.5742
Epoch 00152 | NCE 57.6203 | KOOP 0.0000 | τ 0.5000 | Total 57.6203
Epoch 00153 | NCE 57.8631 | KOOP 0.0000 | τ 0.5000 | Total 57.8631
Epoch 00154 | NCE 57.6807 | KOOP 0.0000 | τ 0.5000 | Total 57.6807
Epoch 00155 | NCE 57.4919 | KOOP 0.0000 | τ 0.5000 | Total 57.4919
Epoch 00156 | NCE 57.4500 | KOOP 0.0000 | τ 0.5000 | Total 57.4500
Epoch 00157 | NCE 57.3549 | KOOP 0.0000 | τ 0.5000 | Total 57.3549
Epoch 00158 | NCE 57.5938 | KOOP 0.0000 | τ 0.5000 | Total 57.5938
Epoch 00159 | NCE 57.4522 | KOOP 0.0000 | τ 0.5000 | Total 57.4522
Epoch 00160 | NCE 57.7668 | KOOP 0.0000 | τ 0.5000 | Total 57.7668
Epoch 00161 | NCE 57.2454 | KOOP 0.0000 | τ 0.5000 | Total 57.2454
Epoch 00162 | NCE 57.6315 | KOOP 0.0000 | τ 0.5000 | Total 57.6315
Epoch 00163 | NCE 58.2866 | KOOP 0.0000 | τ 0.5000 | Total 58.2866
Epoch 00164 | NCE 57.5851 | KOOP 0.0000 | τ 0.5000 | Total 57.5851
Epoch 00165 | NCE 57.5839 | KOOP 0.0000 | τ 0.5000 | Total 57.5839
Epoch 00166 | NCE 57.8269 | KOOP 0.0000 | τ 0.5000 | Total 57.8269
Epoch 00167 | NCE 57.7844 | KOOP 0.0000 | τ 0.5000 | Total 57.7844
Epoch 00168 | NCE 57.7536 | KOOP 0.0000 | τ 0.5000 | Total 57.7536
Epoch 00169 | NCE 57.0728 | KOOP 0.0000 | τ 0.5000 | Total 57.0728
Epoch 00170 | NCE 57.6929 | KOOP 0.0000 | τ 0.5000 | Total 57.6929
Epoch 00171 | NCE 57.3054 | KOOP 0.0000 | τ 0.5000 | Total 57.3054
Epoch 00172 | NCE 57.4027 | KOOP 0.0000 | τ 0.5000 | Total 57.4027
Epoch 00173 | NCE 57.7185 | KOOP 0.0000 | τ 0.5000 | Total 57.7185
Epoch 00174 | NCE 57.7617 | KOOP 0.0000 | τ 0.5000 | Total 57.7617
Epoch 00175 | NCE 57.5382 | KOOP 0.0000 | τ 0.5000 | Total 57.5382
Epoch 00176 | NCE 57.4426 | KOOP 0.0000 | τ 0.5000 | Total 57.4426
Epoch 00177 | NCE 57.7189 | KOOP 0.0000 | τ 0.5000 | Total 57.7189
Epoch 00178 | NCE 57.0004 | KOOP 0.0000 | τ 0.5000 | Total 57.0004
Epoch 00179 | NCE 57.8128 | KOOP 0.0000 | τ 0.5000 | Total 57.8128
Epoch 00180 | NCE 57.6955 | KOOP 0.0000 | τ 0.5000 | Total 57.6955
Epoch 00181 | NCE 57.1837 | KOOP 0.0000 | τ 0.5000 | Total 57.1837
Epoch 00182 | NCE 57.2197 | KOOP 0.0000 | τ 0.5000 | Total 57.2197
Epoch 00183 | NCE 57.4276 | KOOP 0.0000 | τ 0.5000 | Total 57.4276
Epoch 00184 | NCE 57.2682 | KOOP 0.0000 | τ 0.5000 | Total 57.2682
Epoch 00185 | NCE 57.4077 | KOOP 0.0000 | τ 0.5000 | Total 57.4077
Epoch 00186 | NCE 57.7100 | KOOP 0.0000 | τ 0.5000 | Total 57.7100
Epoch 00187 | NCE 57.5602 | KOOP 0.0000 | τ 0.5000 | Total 57.5602
Epoch 00188 | NCE 57.5296 | KOOP 0.0000 | τ 0.5000 | Total 57.5296
Epoch 00189 | NCE 57.1701 | KOOP 0.0000 | τ 0.5000 | Total 57.1701
Epoch 00190 | NCE 57.3960 | KOOP 0.0000 | τ 0.5000 | Total 57.3960
Epoch 00191 | NCE 57.4522 | KOOP 0.0000 | τ 0.5000 | Total 57.4522
Epoch 00192 | NCE 57.3870 | KOOP 0.0000 | τ 0.5000 | Total 57.3870
Epoch 00193 | NCE 57.7390 | KOOP 0.0000 | τ 0.5000 | Total 57.7390
Epoch 00194 | NCE 57.4602 | KOOP 0.0000 | τ 0.5000 | Total 57.4602
Epoch 00195 | NCE 57.7009 | KOOP 0.0000 | τ 0.5000 | Total 57.7009
Epoch 00196 | NCE 57.7787 | KOOP 0.0000 | τ 0.5000 | Total 57.7787
Epoch 00197 | NCE 57.6561 | KOOP 0.0000 | τ 0.5000 | Total 57.6561
Epoch 00198 | NCE 57.6280 | KOOP 0.0000 | τ 0.5000 | Total 57.6280
Epoch 00199 | NCE 57.0984 | KOOP 0.0000 | τ 0.5000 | Total 57.0984
  LinEval    0 | train 0.0126 | val 0.0935 | micro 0.1170 | wei 0.1334
  LinEval  500 | train 0.8107 | val 0.7632 | micro 0.7711 | wei 0.7011
  LinEval 1000 | train 0.8170 | val 0.7539 | micro 0.7679 | wei 0.7031
  LinEval 1500 | train 0.8233 | val 0.7570 | micro 0.7672 | wei 0.7042
  LinEval 1999 | train 0.8233 | val 0.7477 | micro 0.7683 | wei 0.7046
  LinEval    0 | train 0.0379 | val 0.4891 | micro 0.5667 | wei 0.6084
  LinEval  500 | train 0.8076 | val 0.7632 | micro 0.7718 | wei 0.7021
  LinEval 1000 | train 0.8170 | val 0.7539 | micro 0.7683 | wei 0.7038
  LinEval 1500 | train 0.8233 | val 0.7570 | micro 0.7672 | wei 0.7042
  LinEval 1999 | train 0.8233 | val 0.7477 | micro 0.7679 | wei 0.7044
  LinEval    0 | train 0.0852 | val 0.4081 | micro 0.4080 | wei 0.4636
  LinEval  500 | train 0.8076 | val 0.7632 | micro 0.7711 | wei 0.7006
  LinEval 1000 | train 0.8170 | val 0.7539 | micro 0.7676 | wei 0.7028
  LinEval 1500 | train 0.8233 | val 0.7539 | micro 0.7672 | wei 0.7042
  LinEval 1999 | train 0.8233 | val 0.7477 | micro 0.7687 | wei 0.7053
  LinEval    0 | train 0.0347 | val 0.2461 | micro 0.2582 | wei 0.3440
  LinEval  500 | train 0.8076 | val 0.7632 | micro 0.7726 | wei 0.7031
  LinEval 1000 | train 0.8170 | val 0.7539 | micro 0.7683 | wei 0.7033
  LinEval 1500 | train 0.8233 | val 0.7570 | micro 0.7672 | wei 0.7042
  LinEval 1999 | train 0.8233 | val 0.7477 | micro 0.7687 | wei 0.7053
  LinEval    0 | train 0.0095 | val 0.2430 | micro 0.2422 | wei 0.3292
  LinEval  500 | train 0.8076 | val 0.7632 | micro 0.7726 | wei 0.7026
  LinEval 1000 | train 0.8170 | val 0.7539 | micro 0.7679 | wei 0.7026
  LinEval 1500 | train 0.8233 | val 0.7539 | micro 0.7676 | wei 0.7044
  LinEval 1999 | train 0.8233 | val 0.7477 | micro 0.7683 | wei 0.7046

Linear evaluation  Acc: 0.7803  Wei-F1: 0.6935
[ablate-result] ablation=fixed_tau seed=7 dataset=bitalpha task=classification result={'accuracy': 0.780265212059021, 'weighted_f1': 0.6934588551521301}
