/nas/home/jahin/.local/lib/python3.10/site-packages/requests/__init__.py:113: RequestsDependencyWarning: urllib3 (1.26.5) or chardet (7.2.0)/charset_normalizer (3.4.4) doesn't match a supported version!
  warnings.warn(
[ablate] mode=none seed=24 dataset=bitalpha task=classification
/nas/home/jahin/.local/lib/python3.10/site-packages/torch/cuda/__init__.py:654: UserWarning: Can't initialize NVML
  warnings.warn("Can't initialize NVML")
[KAIROS] Using device: cuda:0 (NVIDIA RTX A6000)
[KAIROS] Classification task → λ_koop overridden to 0.0
[KAIROS] Small graph (3219 nodes) → full-neighbour training sampler

[KAIROS] Backbone: gat
Training 200 epochs | 4 views | λ_koop=0.0 | PPR α=0.15

/nas/home/jahin/.local/lib/python3.10/site-packages/dgl/dataloading/dataloader.py:1144: DGLWarning: Dataloader CPU affinity opt is not enabled, consider switching it on (see enable_cpu_affinity() or CPU best practices for DGL [https://docs.dgl.ai/tutorials/cpu/cpu_best_practises.html])
  dgl_warning(
Epoch 00000 | NCE 85.1078 | KOOP 0.0000 | τ 0.0703 | Total 85.1078
Epoch 00001 | NCE 68.8498 | KOOP 0.0000 | τ 0.0706 | Total 68.8498
Epoch 00002 | NCE 59.6875 | KOOP 0.0000 | τ 0.0708 | Total 59.6875
Epoch 00003 | NCE 53.5252 | KOOP 0.0000 | τ 0.0710 | Total 53.5252
Epoch 00004 | NCE 48.8857 | KOOP 0.0000 | τ 0.0711 | Total 48.8857
Epoch 00005 | NCE 44.5762 | KOOP 0.0000 | τ 0.0711 | Total 44.5762
Epoch 00006 | NCE 44.5809 | KOOP 0.0000 | τ 0.0710 | Total 44.5809
Epoch 00007 | NCE 41.8455 | KOOP 0.0000 | τ 0.0709 | Total 41.8455
Epoch 00008 | NCE 37.4894 | KOOP 0.0000 | τ 0.0708 | Total 37.4894
Epoch 00009 | NCE 34.4586 | KOOP 0.0000 | τ 0.0706 | Total 34.4586
Epoch 00010 | NCE 33.2187 | KOOP 0.0000 | τ 0.0704 | Total 33.2187
Epoch 00011 | NCE 34.8188 | KOOP 0.0000 | τ 0.0703 | Total 34.8188
Epoch 00012 | NCE 31.1268 | KOOP 0.0000 | τ 0.0701 | Total 31.1268
Epoch 00013 | NCE 30.4043 | KOOP 0.0000 | τ 0.0698 | Total 30.4043
Epoch 00014 | NCE 28.1261 | KOOP 0.0000 | τ 0.0696 | Total 28.1261
Epoch 00015 | NCE 27.1366 | KOOP 0.0000 | τ 0.0694 | Total 27.1366
Epoch 00016 | NCE 24.4466 | KOOP 0.0000 | τ 0.0692 | Total 24.4466
Epoch 00017 | NCE 25.2148 | KOOP 0.0000 | τ 0.0690 | Total 25.2148
Epoch 00018 | NCE 24.5453 | KOOP 0.0000 | τ 0.0687 | Total 24.5453
Epoch 00019 | NCE 21.7181 | KOOP 0.0000 | τ 0.0685 | Total 21.7181
Epoch 00020 | NCE 24.6689 | KOOP 0.0000 | τ 0.0683 | Total 24.6689
Epoch 00021 | NCE 21.1906 | KOOP 0.0000 | τ 0.0680 | Total 21.1906
Epoch 00022 | NCE 21.0698 | KOOP 0.0000 | τ 0.0678 | Total 21.0698
Epoch 00023 | NCE 20.7152 | KOOP 0.0000 | τ 0.0675 | Total 20.7152
Epoch 00024 | NCE 19.2928 | KOOP 0.0000 | τ 0.0673 | Total 19.2928
Epoch 00025 | NCE 19.5453 | KOOP 0.0000 | τ 0.0670 | Total 19.5453
Epoch 00026 | NCE 18.4034 | KOOP 0.0000 | τ 0.0668 | Total 18.4034
Epoch 00027 | NCE 18.5992 | KOOP 0.0000 | τ 0.0665 | Total 18.5992
Epoch 00028 | NCE 17.6912 | KOOP 0.0000 | τ 0.0663 | Total 17.6912
Epoch 00029 | NCE 18.0410 | KOOP 0.0000 | τ 0.0660 | Total 18.0410
Epoch 00030 | NCE 16.0881 | KOOP 0.0000 | τ 0.0657 | Total 16.0881
Epoch 00031 | NCE 16.3708 | KOOP 0.0000 | τ 0.0655 | Total 16.3708
Epoch 00032 | NCE 17.2273 | KOOP 0.0000 | τ 0.0652 | Total 17.2273
Epoch 00033 | NCE 15.8077 | KOOP 0.0000 | τ 0.0650 | Total 15.8077
Epoch 00034 | NCE 15.6838 | KOOP 0.0000 | τ 0.0647 | Total 15.6838
Epoch 00035 | NCE 15.5794 | KOOP 0.0000 | τ 0.0645 | Total 15.5794
Epoch 00036 | NCE 14.1718 | KOOP 0.0000 | τ 0.0642 | Total 14.1718
Epoch 00037 | NCE 14.5966 | KOOP 0.0000 | τ 0.0639 | Total 14.5966
Epoch 00038 | NCE 15.2982 | KOOP 0.0000 | τ 0.0637 | Total 15.2982
Epoch 00039 | NCE 14.2550 | KOOP 0.0000 | τ 0.0634 | Total 14.2550
Epoch 00040 | NCE 13.7832 | KOOP 0.0000 | τ 0.0632 | Total 13.7832
Epoch 00041 | NCE 12.5959 | KOOP 0.0000 | τ 0.0629 | Total 12.5959
Epoch 00042 | NCE 11.5493 | KOOP 0.0000 | τ 0.0627 | Total 11.5493
Epoch 00043 | NCE 12.1965 | KOOP 0.0000 | τ 0.0624 | Total 12.1965
Epoch 00044 | NCE 11.9665 | KOOP 0.0000 | τ 0.0622 | Total 11.9665
Epoch 00045 | NCE 12.0192 | KOOP 0.0000 | τ 0.0619 | Total 12.0192
Epoch 00046 | NCE 10.8087 | KOOP 0.0000 | τ 0.0617 | Total 10.8087
Epoch 00047 | NCE 10.6501 | KOOP 0.0000 | τ 0.0615 | Total 10.6501
Epoch 00048 | NCE 10.2788 | KOOP 0.0000 | τ 0.0612 | Total 10.2788
Epoch 00049 | NCE 11.2643 | KOOP 0.0000 | τ 0.0610 | Total 11.2643
Epoch 00050 | NCE 11.0188 | KOOP 0.0000 | τ 0.0607 | Total 11.0188
Epoch 00051 | NCE 10.6014 | KOOP 0.0000 | τ 0.0605 | Total 10.6014
Epoch 00052 | NCE 10.6663 | KOOP 0.0000 | τ 0.0602 | Total 10.6663
Epoch 00053 | NCE 10.2099 | KOOP 0.0000 | τ 0.0600 | Total 10.2099
Epoch 00054 | NCE 8.5901 | KOOP 0.0000 | τ 0.0598 | Total 8.5901
Epoch 00055 | NCE 9.0762 | KOOP 0.0000 | τ 0.0595 | Total 9.0762
Epoch 00056 | NCE 8.9116 | KOOP 0.0000 | τ 0.0593 | Total 8.9116
Epoch 00057 | NCE 8.6762 | KOOP 0.0000 | τ 0.0591 | Total 8.6762
Epoch 00058 | NCE 9.8665 | KOOP 0.0000 | τ 0.0589 | Total 9.8665
Epoch 00059 | NCE 8.9187 | KOOP 0.0000 | τ 0.0586 | Total 8.9187
Epoch 00060 | NCE 8.2710 | KOOP 0.0000 | τ 0.0584 | Total 8.2710
Epoch 00061 | NCE 9.4600 | KOOP 0.0000 | τ 0.0582 | Total 9.4600
Epoch 00062 | NCE 8.2627 | KOOP 0.0000 | τ 0.0580 | Total 8.2627
Epoch 00063 | NCE 7.8466 | KOOP 0.0000 | τ 0.0578 | Total 7.8466
Epoch 00064 | NCE 9.1359 | KOOP 0.0000 | τ 0.0576 | Total 9.1359
Epoch 00065 | NCE 9.6430 | KOOP 0.0000 | τ 0.0574 | Total 9.6430
Epoch 00066 | NCE 7.5478 | KOOP 0.0000 | τ 0.0572 | Total 7.5478
Epoch 00067 | NCE 8.7414 | KOOP 0.0000 | τ 0.0570 | Total 8.7414
Epoch 00068 | NCE 7.6584 | KOOP 0.0000 | τ 0.0568 | Total 7.6584
Epoch 00069 | NCE 8.3770 | KOOP 0.0000 | τ 0.0566 | Total 8.3770
Epoch 00070 | NCE 8.9821 | KOOP 0.0000 | τ 0.0565 | Total 8.9821
Epoch 00071 | NCE 7.4408 | KOOP 0.0000 | τ 0.0563 | Total 7.4408
Epoch 00072 | NCE 7.1775 | KOOP 0.0000 | τ 0.0561 | Total 7.1775
Epoch 00073 | NCE 6.8660 | KOOP 0.0000 | τ 0.0559 | Total 6.8660
Epoch 00074 | NCE 7.6423 | KOOP 0.0000 | τ 0.0558 | Total 7.6423
Epoch 00075 | NCE 6.8093 | KOOP 0.0000 | τ 0.0556 | Total 6.8093
Epoch 00076 | NCE 7.3840 | KOOP 0.0000 | τ 0.0554 | Total 7.3840
Epoch 00077 | NCE 6.7219 | KOOP 0.0000 | τ 0.0553 | Total 6.7219
Epoch 00078 | NCE 7.1673 | KOOP 0.0000 | τ 0.0551 | Total 7.1673
Epoch 00079 | NCE 6.4931 | KOOP 0.0000 | τ 0.0550 | Total 6.4931
Epoch 00080 | NCE 7.6444 | KOOP 0.0000 | τ 0.0548 | Total 7.6444
Epoch 00081 | NCE 6.7433 | KOOP 0.0000 | τ 0.0547 | Total 6.7433
Epoch 00082 | NCE 6.8432 | KOOP 0.0000 | τ 0.0545 | Total 6.8432
Epoch 00083 | NCE 5.7973 | KOOP 0.0000 | τ 0.0544 | Total 5.7973
Epoch 00084 | NCE 6.1795 | KOOP 0.0000 | τ 0.0542 | Total 6.1795
Epoch 00085 | NCE 6.7967 | KOOP 0.0000 | τ 0.0541 | Total 6.7967
Epoch 00086 | NCE 6.3977 | KOOP 0.0000 | τ 0.0540 | Total 6.3977
Epoch 00087 | NCE 6.3347 | KOOP 0.0000 | τ 0.0538 | Total 6.3347
Epoch 00088 | NCE 5.4109 | KOOP 0.0000 | τ 0.0537 | Total 5.4109
Epoch 00089 | NCE 6.6750 | KOOP 0.0000 | τ 0.0536 | Total 6.6750
Epoch 00090 | NCE 6.3410 | KOOP 0.0000 | τ 0.0534 | Total 6.3410
Epoch 00091 | NCE 6.4002 | KOOP 0.0000 | τ 0.0533 | Total 6.4002
Epoch 00092 | NCE 6.0063 | KOOP 0.0000 | τ 0.0532 | Total 6.0063
Epoch 00093 | NCE 6.2545 | KOOP 0.0000 | τ 0.0531 | Total 6.2545
Epoch 00094 | NCE 5.5481 | KOOP 0.0000 | τ 0.0530 | Total 5.5481
Epoch 00095 | NCE 4.7185 | KOOP 0.0000 | τ 0.0528 | Total 4.7185
Epoch 00096 | NCE 5.0072 | KOOP 0.0000 | τ 0.0527 | Total 5.0072
Epoch 00097 | NCE 6.2327 | KOOP 0.0000 | τ 0.0526 | Total 6.2327
Epoch 00098 | NCE 5.0053 | KOOP 0.0000 | τ 0.0525 | Total 5.0053
Epoch 00099 | NCE 5.2340 | KOOP 0.0000 | τ 0.0524 | Total 5.2340
Epoch 00100 | NCE 5.6319 | KOOP 0.0000 | τ 0.0523 | Total 5.6319
Epoch 00101 | NCE 4.8850 | KOOP 0.0000 | τ 0.0522 | Total 4.8850
Epoch 00102 | NCE 5.0230 | KOOP 0.0000 | τ 0.0521 | Total 5.0230
Epoch 00103 | NCE 5.7248 | KOOP 0.0000 | τ 0.0520 | Total 5.7248
Epoch 00104 | NCE 5.7165 | KOOP 0.0000 | τ 0.0519 | Total 5.7165
Epoch 00105 | NCE 5.6973 | KOOP 0.0000 | τ 0.0518 | Total 5.6973
Epoch 00106 | NCE 4.6473 | KOOP 0.0000 | τ 0.0517 | Total 4.6473
Epoch 00107 | NCE 6.0445 | KOOP 0.0000 | τ 0.0516 | Total 6.0445
Epoch 00108 | NCE 5.1261 | KOOP 0.0000 | τ 0.0515 | Total 5.1261
Epoch 00109 | NCE 5.4388 | KOOP 0.0000 | τ 0.0514 | Total 5.4388
Epoch 00110 | NCE 4.7375 | KOOP 0.0000 | τ 0.0513 | Total 4.7375
Epoch 00111 | NCE 5.1862 | KOOP 0.0000 | τ 0.0513 | Total 5.1862
Epoch 00112 | NCE 5.7862 | KOOP 0.0000 | τ 0.0512 | Total 5.7862
Epoch 00113 | NCE 5.0923 | KOOP 0.0000 | τ 0.0511 | Total 5.0923
Epoch 00114 | NCE 4.5457 | KOOP 0.0000 | τ 0.0510 | Total 4.5457
Epoch 00115 | NCE 4.6105 | KOOP 0.0000 | τ 0.0510 | Total 4.6105
Epoch 00116 | NCE 3.7560 | KOOP 0.0000 | τ 0.0509 | Total 3.7560
Epoch 00117 | NCE 4.3431 | KOOP 0.0000 | τ 0.0508 | Total 4.3431
Epoch 00118 | NCE 4.6622 | KOOP 0.0000 | τ 0.0507 | Total 4.6622
Epoch 00119 | NCE 4.9787 | KOOP 0.0000 | τ 0.0507 | Total 4.9787
Epoch 00120 | NCE 4.6166 | KOOP 0.0000 | τ 0.0506 | Total 4.6166
Epoch 00121 | NCE 5.3345 | KOOP 0.0000 | τ 0.0505 | Total 5.3345
Epoch 00122 | NCE 4.4026 | KOOP 0.0000 | τ 0.0505 | Total 4.4026
Epoch 00123 | NCE 5.8967 | KOOP 0.0000 | τ 0.0504 | Total 5.8967
Epoch 00124 | NCE 5.3731 | KOOP 0.0000 | τ 0.0504 | Total 5.3731
Epoch 00125 | NCE 5.1017 | KOOP 0.0000 | τ 0.0503 | Total 5.1017
Epoch 00126 | NCE 4.3645 | KOOP 0.0000 | τ 0.0503 | Total 4.3645
Epoch 00127 | NCE 4.6449 | KOOP 0.0000 | τ 0.0502 | Total 4.6449
Epoch 00128 | NCE 4.3807 | KOOP 0.0000 | τ 0.0501 | Total 4.3807
Epoch 00129 | NCE 4.6900 | KOOP 0.0000 | τ 0.0501 | Total 4.6900
Epoch 00130 | NCE 3.5756 | KOOP 0.0000 | τ 0.0500 | Total 3.5756
Epoch 00131 | NCE 4.5212 | KOOP 0.0000 | τ 0.0500 | Total 4.5212
Epoch 00132 | NCE 4.1917 | KOOP 0.0000 | τ 0.0499 | Total 4.1917
Epoch 00133 | NCE 3.6578 | KOOP 0.0000 | τ 0.0499 | Total 3.6578
Epoch 00134 | NCE 4.6365 | KOOP 0.0000 | τ 0.0499 | Total 4.6365
Epoch 00135 | NCE 4.2291 | KOOP 0.0000 | τ 0.0498 | Total 4.2291
Epoch 00136 | NCE 3.7140 | KOOP 0.0000 | τ 0.0498 | Total 3.7140
Epoch 00137 | NCE 4.7364 | KOOP 0.0000 | τ 0.0497 | Total 4.7364
Epoch 00138 | NCE 4.4651 | KOOP 0.0000 | τ 0.0497 | Total 4.4651
Epoch 00139 | NCE 4.4435 | KOOP 0.0000 | τ 0.0496 | Total 4.4435
Epoch 00140 | NCE 4.2265 | KOOP 0.0000 | τ 0.0496 | Total 4.2265
Epoch 00141 | NCE 3.8138 | KOOP 0.0000 | τ 0.0496 | Total 3.8138
Epoch 00142 | NCE 4.6649 | KOOP 0.0000 | τ 0.0495 | Total 4.6649
Epoch 00143 | NCE 4.0111 | KOOP 0.0000 | τ 0.0495 | Total 4.0111
Epoch 00144 | NCE 3.8950 | KOOP 0.0000 | τ 0.0495 | Total 3.8950
Epoch 00145 | NCE 4.6724 | KOOP 0.0000 | τ 0.0494 | Total 4.6724
Epoch 00146 | NCE 4.1510 | KOOP 0.0000 | τ 0.0494 | Total 4.1510
Epoch 00147 | NCE 3.6627 | KOOP 0.0000 | τ 0.0494 | Total 3.6627
Epoch 00148 | NCE 3.5440 | KOOP 0.0000 | τ 0.0493 | Total 3.5440
Epoch 00149 | NCE 3.5085 | KOOP 0.0000 | τ 0.0493 | Total 3.5085
Epoch 00150 | NCE 4.5340 | KOOP 0.0000 | τ 0.0493 | Total 4.5340
Epoch 00151 | NCE 3.9931 | KOOP 0.0000 | τ 0.0493 | Total 3.9931
Epoch 00152 | NCE 4.3656 | KOOP 0.0000 | τ 0.0492 | Total 4.3656
Epoch 00153 | NCE 3.7823 | KOOP 0.0000 | τ 0.0492 | Total 3.7823
Epoch 00154 | NCE 3.8740 | KOOP 0.0000 | τ 0.0492 | Total 3.8740
Epoch 00155 | NCE 3.7541 | KOOP 0.0000 | τ 0.0492 | Total 3.7541
Epoch 00156 | NCE 3.6986 | KOOP 0.0000 | τ 0.0491 | Total 3.6986
Epoch 00157 | NCE 3.7281 | KOOP 0.0000 | τ 0.0491 | Total 3.7281
Epoch 00158 | NCE 4.0662 | KOOP 0.0000 | τ 0.0491 | Total 4.0662
Epoch 00159 | NCE 4.0662 | KOOP 0.0000 | τ 0.0491 | Total 4.0662
Epoch 00160 | NCE 4.4188 | KOOP 0.0000 | τ 0.0491 | Total 4.4188
Epoch 00161 | NCE 3.0682 | KOOP 0.0000 | τ 0.0491 | Total 3.0682
Epoch 00162 | NCE 3.3950 | KOOP 0.0000 | τ 0.0490 | Total 3.3950
Epoch 00163 | NCE 3.6282 | KOOP 0.0000 | τ 0.0490 | Total 3.6282
Epoch 00164 | NCE 3.8178 | KOOP 0.0000 | τ 0.0490 | Total 3.8178
Epoch 00165 | NCE 2.8620 | KOOP 0.0000 | τ 0.0490 | Total 2.8620
Epoch 00166 | NCE 4.6187 | KOOP 0.0000 | τ 0.0490 | Total 4.6187
Epoch 00167 | NCE 3.8628 | KOOP 0.0000 | τ 0.0490 | Total 3.8628
Epoch 00168 | NCE 4.0059 | KOOP 0.0000 | τ 0.0490 | Total 4.0059
Epoch 00169 | NCE 3.1590 | KOOP 0.0000 | τ 0.0489 | Total 3.1590
Epoch 00170 | NCE 3.3166 | KOOP 0.0000 | τ 0.0489 | Total 3.3166
Epoch 00171 | NCE 3.7642 | KOOP 0.0000 | τ 0.0489 | Total 3.7642
Epoch 00172 | NCE 3.6292 | KOOP 0.0000 | τ 0.0489 | Total 3.6292
Epoch 00173 | NCE 3.6091 | KOOP 0.0000 | τ 0.0489 | Total 3.6091
Epoch 00174 | NCE 3.6085 | KOOP 0.0000 | τ 0.0489 | Total 3.6085
Epoch 00175 | NCE 3.0110 | KOOP 0.0000 | τ 0.0489 | Total 3.0110
Epoch 00176 | NCE 3.4061 | KOOP 0.0000 | τ 0.0489 | Total 3.4061
Epoch 00177 | NCE 3.5191 | KOOP 0.0000 | τ 0.0489 | Total 3.5191
Epoch 00178 | NCE 3.9426 | KOOP 0.0000 | τ 0.0489 | Total 3.9426
Epoch 00179 | NCE 3.4072 | KOOP 0.0000 | τ 0.0489 | Total 3.4072
Epoch 00180 | NCE 2.9311 | KOOP 0.0000 | τ 0.0489 | Total 2.9311
Epoch 00181 | NCE 3.7122 | KOOP 0.0000 | τ 0.0489 | Total 3.7122
Epoch 00182 | NCE 3.8046 | KOOP 0.0000 | τ 0.0489 | Total 3.8046
Epoch 00183 | NCE 3.5821 | KOOP 0.0000 | τ 0.0488 | Total 3.5821
Epoch 00184 | NCE 4.1152 | KOOP 0.0000 | τ 0.0488 | Total 4.1152
Epoch 00185 | NCE 3.0934 | KOOP 0.0000 | τ 0.0488 | Total 3.0934
Epoch 00186 | NCE 3.3005 | KOOP 0.0000 | τ 0.0488 | Total 3.3005
Epoch 00187 | NCE 3.7151 | KOOP 0.0000 | τ 0.0488 | Total 3.7151
Epoch 00188 | NCE 3.5289 | KOOP 0.0000 | τ 0.0488 | Total 3.5289
Epoch 00189 | NCE 3.8520 | KOOP 0.0000 | τ 0.0488 | Total 3.8520
Epoch 00190 | NCE 3.5662 | KOOP 0.0000 | τ 0.0488 | Total 3.5662
Epoch 00191 | NCE 3.6820 | KOOP 0.0000 | τ 0.0488 | Total 3.6820
Epoch 00192 | NCE 3.1443 | KOOP 0.0000 | τ 0.0488 | Total 3.1443
Epoch 00193 | NCE 3.5837 | KOOP 0.0000 | τ 0.0488 | Total 3.5837
Epoch 00194 | NCE 3.5782 | KOOP 0.0000 | τ 0.0488 | Total 3.5782
Epoch 00195 | NCE 3.1590 | KOOP 0.0000 | τ 0.0488 | Total 3.1590
Epoch 00196 | NCE 3.8935 | KOOP 0.0000 | τ 0.0488 | Total 3.8935
Epoch 00197 | NCE 3.2645 | KOOP 0.0000 | τ 0.0488 | Total 3.2645
Epoch 00198 | NCE 3.4843 | KOOP 0.0000 | τ 0.0488 | Total 3.4843
Epoch 00199 | NCE 4.3191 | KOOP 0.0000 | τ 0.0488 | Total 4.3191
  LinEval    0 | train 0.0158 | val 0.2087 | micro 0.2141 | wei 0.3209
  LinEval  500 | train 0.8738 | val 0.7165 | micro 0.7258 | wei 0.6865
  LinEval 1000 | train 0.8896 | val 0.7040 | micro 0.7044 | wei 0.6777
  LinEval 1500 | train 0.8927 | val 0.7009 | micro 0.6973 | wei 0.6755
  LinEval 1999 | train 0.8927 | val 0.7009 | micro 0.6919 | wei 0.6728
  LinEval    0 | train 0.1230 | val 0.5421 | micro 0.5569 | wei 0.5886
  LinEval  500 | train 0.8738 | val 0.7259 | micro 0.7231 | wei 0.6863
  LinEval 1000 | train 0.8896 | val 0.7134 | micro 0.7055 | wei 0.6779
  LinEval 1500 | train 0.8927 | val 0.7040 | micro 0.6973 | wei 0.6749
  LinEval 1999 | train 0.8927 | val 0.7040 | micro 0.6915 | wei 0.6711
  LinEval    0 | train 0.0946 | val 0.3956 | micro 0.3900 | wei 0.4682
  LinEval  500 | train 0.8738 | val 0.7290 | micro 0.7246 | wei 0.6856
  LinEval 1000 | train 0.8927 | val 0.7165 | micro 0.7063 | wei 0.6787
  LinEval 1500 | train 0.8927 | val 0.7040 | micro 0.6981 | wei 0.6754
  LinEval 1999 | train 0.8927 | val 0.7009 | micro 0.6927 | wei 0.6724
  LinEval    0 | train 0.0252 | val 0.0530 | micro 0.0608 | wei 0.0707
  LinEval  500 | train 0.8707 | val 0.7259 | micro 0.7309 | wei 0.6890
  LinEval 1000 | train 0.8864 | val 0.7134 | micro 0.7098 | wei 0.6805
  LinEval 1500 | train 0.8896 | val 0.7103 | micro 0.7016 | wei 0.6771
  LinEval 1999 | train 0.8896 | val 0.7009 | micro 0.6962 | wei 0.6745
  LinEval    0 | train 0.3691 | val 0.6573 | micro 0.6357 | wei 0.6375
  LinEval  500 | train 0.8801 | val 0.7227 | micro 0.7211 | wei 0.6859
  LinEval 1000 | train 0.8927 | val 0.7072 | micro 0.7005 | wei 0.6768
  LinEval 1500 | train 0.8959 | val 0.7040 | micro 0.6958 | wei 0.6745
  LinEval 1999 | train 0.8959 | val 0.6978 | micro 0.6942 | wei 0.6740

Linear evaluation  Acc: 0.7746  Wei-F1: 0.6878
[ablate-result] ablation=none seed=24 dataset=bitalpha task=classification result={'accuracy': 0.7745709419250488, 'weighted_f1': 0.687829852104187}
