/nas/home/jahin/.local/lib/python3.10/site-packages/requests/__init__.py:113: RequestsDependencyWarning: urllib3 (1.26.5) or chardet (7.2.0)/charset_normalizer (3.4.4) doesn't match a supported version!
  warnings.warn(
[ablate] mode=none seed=42 dataset=bitcoinotc task=anomaly_detection
/nas/home/jahin/.local/lib/python3.10/site-packages/torch/cuda/__init__.py:654: UserWarning: Can't initialize NVML
  warnings.warn("Can't initialize NVML")
[KAIROS] Using device: cuda:0 (NVIDIA RTX A6000)
Constructing structural anomaly nodes...
Done. 150 structural nodes (2250 edges)

Constructing attribute anomaly nodes...
Done. 150 attribute anomaly nodes

[KAIROS] Small graph (5881 nodes) → full-neighbour training sampler

Training 25 epochs | 4 views | λ_koop=1.0 | PPR α=0.15

/nas/home/jahin/.local/lib/python3.10/site-packages/dgl/dataloading/dataloader.py:1144: DGLWarning: Dataloader CPU affinity opt is not enabled, consider switching it on (see enable_cpu_affinity() or CPU best practices for DGL [https://docs.dgl.ai/tutorials/cpu/cpu_best_practises.html])
  dgl_warning(
Epoch 00000 | NCE 80.3633 | KOOP 0.1223 | τ 0.0703 | Total 80.4856
Epoch 00001 | NCE 68.2205 | KOOP 0.1044 | τ 0.0706 | Total 68.3249
Epoch 00002 | NCE 59.2634 | KOOP 0.0858 | τ 0.0708 | Total 59.3492
Epoch 00003 | NCE 53.3962 | KOOP 0.0697 | τ 0.0709 | Total 53.4659
Epoch 00004 | NCE 50.0579 | KOOP 0.0567 | τ 0.0710 | Total 50.1146
Epoch 00005 | NCE 47.9631 | KOOP 0.0632 | τ 0.0710 | Total 48.0263
Epoch 00006 | NCE 45.0047 | KOOP 0.0478 | τ 0.0709 | Total 45.0526
Epoch 00007 | NCE 42.5880 | KOOP 0.0483 | τ 0.0708 | Total 42.6364
Epoch 00008 | NCE 40.6007 | KOOP 0.0448 | τ 0.0707 | Total 40.6454
Epoch 00009 | NCE 37.8355 | KOOP 0.0380 | τ 0.0706 | Total 37.8735
Epoch 00010 | NCE 36.1635 | KOOP 0.0404 | τ 0.0705 | Total 36.2039
Epoch 00011 | NCE 36.5824 | KOOP 0.0392 | τ 0.0704 | Total 36.6216
Epoch 00012 | NCE 34.9614 | KOOP 0.0417 | τ 0.0703 | Total 35.0031
Epoch 00013 | NCE 33.9702 | KOOP 0.0372 | τ 0.0701 | Total 34.0075
Epoch 00014 | NCE 33.0161 | KOOP 0.0354 | τ 0.0701 | Total 33.0515
Epoch 00015 | NCE 32.6745 | KOOP 0.0330 | τ 0.0700 | Total 32.7075
Epoch 00016 | NCE 32.3813 | KOOP 0.0341 | τ 0.0699 | Total 32.4154
Epoch 00017 | NCE 31.8413 | KOOP 0.0447 | τ 0.0699 | Total 31.8860
Epoch 00018 | NCE 30.2135 | KOOP 0.0349 | τ 0.0698 | Total 30.2485
Epoch 00019 | NCE 30.1255 | KOOP 0.0380 | τ 0.0698 | Total 30.1635
Epoch 00020 | NCE 31.5391 | KOOP 0.0386 | τ 0.0698 | Total 31.5777
Epoch 00021 | NCE 29.9290 | KOOP 0.0356 | τ 0.0697 | Total 29.9646
Epoch 00022 | NCE 29.6127 | KOOP 0.0387 | τ 0.0697 | Total 29.6514
Epoch 00023 | NCE 29.4935 | KOOP 0.0370 | τ 0.0697 | Total 29.5305
Epoch 00024 | NCE 29.6815 | KOOP 0.0410 | τ 0.0697 | Total 29.7225

AUC (S1+S2+S3 combined): 0.9590
  S1 temporal: 0.9216 | S2 Koopman: 0.9157 | S3 nbr-dev: 0.7029
[ablate-result] ablation=none seed=42 dataset=bitcoinotc task=anomaly_detection result={'auc': 0.95903063967031, 'auc_s1': 0.9216400883951502, 'auc_s2': 0.9156716239622529, 'auc_s3': 0.7028818013498178}
