/nas/home/jahin/.local/lib/python3.10/site-packages/requests/__init__.py:113: RequestsDependencyWarning: urllib3 (1.26.5) or chardet (7.2.0)/charset_normalizer (3.4.4) doesn't match a supported version!
  warnings.warn(
[ablate] mode=fixed_tau seed=7 dataset=bitcoinotc task=anomaly_detection
[KAIROS] Using device: cuda:0 (NVIDIA RTX A5000)
Constructing structural anomaly nodes...
Done. 150 structural nodes (2250 edges)

Constructing attribute anomaly nodes...
Done. 150 attribute anomaly nodes

[KAIROS] Small graph (5881 nodes) → full-neighbour training sampler

[KAIROS] Backbone: gat
Training 25 epochs | 4 views | λ_koop=1.0 | PPR α=0.15

/nas/home/jahin/.local/lib/python3.10/site-packages/dgl/dataloading/dataloader.py:1144: DGLWarning: Dataloader CPU affinity opt is not enabled, consider switching it on (see enable_cpu_affinity() or CPU best practices for DGL [https://docs.dgl.ai/tutorials/cpu/cpu_best_practises.html])
  dgl_warning(
Epoch 00000 | NCE 78.8683 | KOOP 0.1243 | τ 0.5000 | Total 78.9926
Epoch 00001 | NCE 75.1130 | KOOP 0.0912 | τ 0.5000 | Total 75.2042
Epoch 00002 | NCE 71.3631 | KOOP 0.0680 | τ 0.5000 | Total 71.4311
Epoch 00003 | NCE 68.8578 | KOOP 0.0485 | τ 0.5000 | Total 68.9063
Epoch 00004 | NCE 67.7217 | KOOP 0.0428 | τ 0.5000 | Total 67.7645
Epoch 00005 | NCE 66.5886 | KOOP 0.0394 | τ 0.5000 | Total 66.6281
Epoch 00006 | NCE 65.8243 | KOOP 0.0350 | τ 0.5000 | Total 65.8593
Epoch 00007 | NCE 65.0891 | KOOP 0.0332 | τ 0.5000 | Total 65.1223
Epoch 00008 | NCE 64.6703 | KOOP 0.0237 | τ 0.5000 | Total 64.6941
Epoch 00009 | NCE 63.7895 | KOOP 0.0186 | τ 0.5000 | Total 63.8081
Epoch 00010 | NCE 63.5229 | KOOP 0.0235 | τ 0.5000 | Total 63.5464
Epoch 00011 | NCE 63.5298 | KOOP 0.0310 | τ 0.5000 | Total 63.5608
Epoch 00012 | NCE 62.9956 | KOOP 0.0206 | τ 0.5000 | Total 63.0162
Epoch 00013 | NCE 62.4001 | KOOP 0.0155 | τ 0.5000 | Total 62.4156
Epoch 00014 | NCE 62.5745 | KOOP 0.0227 | τ 0.5000 | Total 62.5972
Epoch 00015 | NCE 62.5546 | KOOP 0.0326 | τ 0.5000 | Total 62.5873
Epoch 00016 | NCE 61.9164 | KOOP 0.0140 | τ 0.5000 | Total 61.9304
Epoch 00017 | NCE 62.0698 | KOOP 0.0236 | τ 0.5000 | Total 62.0935
Epoch 00018 | NCE 61.9964 | KOOP 0.0246 | τ 0.5000 | Total 62.0210
Epoch 00019 | NCE 61.9740 | KOOP 0.0258 | τ 0.5000 | Total 61.9998
Epoch 00020 | NCE 61.7068 | KOOP 0.0178 | τ 0.5000 | Total 61.7246
Epoch 00021 | NCE 61.6581 | KOOP 0.0194 | τ 0.5000 | Total 61.6775
Epoch 00022 | NCE 61.7697 | KOOP 0.0201 | τ 0.5000 | Total 61.7898
Epoch 00023 | NCE 61.9794 | KOOP 0.0163 | τ 0.5000 | Total 61.9957
Epoch 00024 | NCE 61.6168 | KOOP 0.0215 | τ 0.5000 | Total 61.6384

AUC (S1+S2+S3 combined): 0.9470
  S1 temporal: 0.9469 | S2 Koopman: 0.8640 | S3 nbr-dev: 0.7042
[ablate-result] ablation=fixed_tau seed=7 dataset=bitcoinotc task=anomaly_detection result={'auc': 0.9470136773577018, 'auc_s1': 0.9469485755240997, 'auc_s2': 0.8639837544048259, 'auc_s3': 0.7041910051962015}
