/nas/home/jahin/.local/lib/python3.10/site-packages/requests/__init__.py:113: RequestsDependencyWarning: urllib3 (1.26.5) or chardet (7.2.0)/charset_normalizer (3.4.4) doesn't match a supported version!
  warnings.warn(
[ablate] mode=fixed_tau seed=13 dataset=bitotc task=classification
/nas/home/jahin/.local/lib/python3.10/site-packages/torch/cuda/__init__.py:654: UserWarning: Can't initialize NVML
  warnings.warn("Can't initialize NVML")
[KAIROS] Using device: cuda:0 (NVIDIA RTX A6000)
[KAIROS] Classification task → λ_koop overridden to 0.0
[KAIROS] Small graph (4863 nodes) → full-neighbour training sampler

Training 50 epochs | 4 views | λ_koop=0.0 | PPR α=0.15

/nas/home/jahin/.local/lib/python3.10/site-packages/dgl/dataloading/dataloader.py:1144: DGLWarning: Dataloader CPU affinity opt is not enabled, consider switching it on (see enable_cpu_affinity() or CPU best practices for DGL [https://docs.dgl.ai/tutorials/cpu/cpu_best_practises.html])
  dgl_warning(
Epoch 00000 | NCE 78.9032 | KOOP 0.0000 | τ 0.5000 | Total 78.9032
Epoch 00001 | NCE 75.4689 | KOOP 0.0000 | τ 0.5000 | Total 75.4689
Epoch 00002 | NCE 72.0704 | KOOP 0.0000 | τ 0.5000 | Total 72.0704
Epoch 00003 | NCE 69.3567 | KOOP 0.0000 | τ 0.5000 | Total 69.3567
Epoch 00004 | NCE 68.4776 | KOOP 0.0000 | τ 0.5000 | Total 68.4776
Epoch 00005 | NCE 66.9340 | KOOP 0.0000 | τ 0.5000 | Total 66.9340
Epoch 00006 | NCE 66.0764 | KOOP 0.0000 | τ 0.5000 | Total 66.0764
Epoch 00007 | NCE 64.2610 | KOOP 0.0000 | τ 0.5000 | Total 64.2610
Epoch 00008 | NCE 64.4753 | KOOP 0.0000 | τ 0.5000 | Total 64.4753
Epoch 00009 | NCE 63.4455 | KOOP 0.0000 | τ 0.5000 | Total 63.4455
Epoch 00010 | NCE 63.3719 | KOOP 0.0000 | τ 0.5000 | Total 63.3719
Epoch 00011 | NCE 63.5322 | KOOP 0.0000 | τ 0.5000 | Total 63.5322
Epoch 00012 | NCE 63.4315 | KOOP 0.0000 | τ 0.5000 | Total 63.4315
Epoch 00013 | NCE 62.6312 | KOOP 0.0000 | τ 0.5000 | Total 62.6312
Epoch 00014 | NCE 62.5076 | KOOP 0.0000 | τ 0.5000 | Total 62.5076
Epoch 00015 | NCE 61.9336 | KOOP 0.0000 | τ 0.5000 | Total 61.9336
Epoch 00016 | NCE 62.2675 | KOOP 0.0000 | τ 0.5000 | Total 62.2675
Epoch 00017 | NCE 61.9904 | KOOP 0.0000 | τ 0.5000 | Total 61.9904
Epoch 00018 | NCE 61.5561 | KOOP 0.0000 | τ 0.5000 | Total 61.5561
Epoch 00019 | NCE 61.9996 | KOOP 0.0000 | τ 0.5000 | Total 61.9996
Epoch 00020 | NCE 61.2061 | KOOP 0.0000 | τ 0.5000 | Total 61.2061
Epoch 00021 | NCE 60.4467 | KOOP 0.0000 | τ 0.5000 | Total 60.4467
Epoch 00022 | NCE 61.4135 | KOOP 0.0000 | τ 0.5000 | Total 61.4135
Epoch 00023 | NCE 60.8699 | KOOP 0.0000 | τ 0.5000 | Total 60.8699
Epoch 00024 | NCE 60.8215 | KOOP 0.0000 | τ 0.5000 | Total 60.8215
Epoch 00025 | NCE 60.8725 | KOOP 0.0000 | τ 0.5000 | Total 60.8725
Epoch 00026 | NCE 60.9738 | KOOP 0.0000 | τ 0.5000 | Total 60.9738
Epoch 00027 | NCE 60.6997 | KOOP 0.0000 | τ 0.5000 | Total 60.6997
Epoch 00028 | NCE 60.8521 | KOOP 0.0000 | τ 0.5000 | Total 60.8521
Epoch 00029 | NCE 60.7964 | KOOP 0.0000 | τ 0.5000 | Total 60.7964
Epoch 00030 | NCE 61.0188 | KOOP 0.0000 | τ 0.5000 | Total 61.0188
Epoch 00031 | NCE 60.6957 | KOOP 0.0000 | τ 0.5000 | Total 60.6957
Epoch 00032 | NCE 60.6667 | KOOP 0.0000 | τ 0.5000 | Total 60.6667
Epoch 00033 | NCE 60.7466 | KOOP 0.0000 | τ 0.5000 | Total 60.7466
Epoch 00034 | NCE 60.4579 | KOOP 0.0000 | τ 0.5000 | Total 60.4579
Epoch 00035 | NCE 59.9393 | KOOP 0.0000 | τ 0.5000 | Total 59.9393
Epoch 00036 | NCE 60.3875 | KOOP 0.0000 | τ 0.5000 | Total 60.3875
Epoch 00037 | NCE 60.5438 | KOOP 0.0000 | τ 0.5000 | Total 60.5438
Epoch 00038 | NCE 60.3506 | KOOP 0.0000 | τ 0.5000 | Total 60.3506
Epoch 00039 | NCE 60.2253 | KOOP 0.0000 | τ 0.5000 | Total 60.2253
Epoch 00040 | NCE 60.3288 | KOOP 0.0000 | τ 0.5000 | Total 60.3288
Epoch 00041 | NCE 60.0474 | KOOP 0.0000 | τ 0.5000 | Total 60.0474
Epoch 00042 | NCE 60.1034 | KOOP 0.0000 | τ 0.5000 | Total 60.1034
Epoch 00043 | NCE 60.1884 | KOOP 0.0000 | τ 0.5000 | Total 60.1884
Epoch 00044 | NCE 60.1845 | KOOP 0.0000 | τ 0.5000 | Total 60.1845
Epoch 00045 | NCE 60.1511 | KOOP 0.0000 | τ 0.5000 | Total 60.1511
Epoch 00046 | NCE 60.1674 | KOOP 0.0000 | τ 0.5000 | Total 60.1674
Epoch 00047 | NCE 60.2018 | KOOP 0.0000 | τ 0.5000 | Total 60.2018
Epoch 00048 | NCE 60.1204 | KOOP 0.0000 | τ 0.5000 | Total 60.1204
Epoch 00049 | NCE 60.0276 | KOOP 0.0000 | τ 0.5000 | Total 60.0276
  LinEval    0 | train 0.2827 | val 0.3732 | micro 0.4012 | wei 0.4116
  LinEval  500 | train 0.6944 | val 0.5897 | micro 0.5859 | wei 0.5219
  LinEval 1000 | train 0.7069 | val 0.5649 | micro 0.5660 | wei 0.5183
  LinEval 1500 | train 0.7256 | val 0.5526 | micro 0.5578 | wei 0.5147
  LinEval 1999 | train 0.7235 | val 0.5505 | micro 0.5554 | wei 0.5147
  LinEval    0 | train 0.1081 | val 0.4371 | micro 0.4201 | wei 0.4325
  LinEval  500 | train 0.6923 | val 0.5856 | micro 0.5877 | wei 0.5228
  LinEval 1000 | train 0.7048 | val 0.5691 | micro 0.5688 | wei 0.5187
  LinEval 1500 | train 0.7214 | val 0.5588 | micro 0.5609 | wei 0.5163
  LinEval 1999 | train 0.7277 | val 0.5546 | micro 0.5578 | wei 0.5155
  LinEval    0 | train 0.1060 | val 0.3423 | micro 0.3504 | wei 0.3772
  LinEval  500 | train 0.6881 | val 0.5897 | micro 0.5897 | wei 0.5256
  LinEval 1000 | train 0.7048 | val 0.5670 | micro 0.5681 | wei 0.5192
  LinEval 1500 | train 0.7214 | val 0.5546 | micro 0.5616 | wei 0.5172
  LinEval 1999 | train 0.7214 | val 0.5485 | micro 0.5560 | wei 0.5148
  LinEval    0 | train 0.1497 | val 0.2371 | micro 0.2576 | wei 0.3180
  LinEval  500 | train 0.6902 | val 0.6000 | micro 0.5988 | wei 0.5291
  LinEval 1000 | train 0.7048 | val 0.5773 | micro 0.5688 | wei 0.5201
  LinEval 1500 | train 0.7214 | val 0.5588 | micro 0.5593 | wei 0.5171
  LinEval 1999 | train 0.7256 | val 0.5505 | micro 0.5547 | wei 0.5148
  LinEval    0 | train 0.0541 | val 0.3196 | micro 0.3391 | wei 0.3698
  LinEval  500 | train 0.6902 | val 0.5938 | micro 0.5890 | wei 0.5248
  LinEval 1000 | train 0.7048 | val 0.5588 | micro 0.5678 | wei 0.5199
  LinEval 1500 | train 0.7235 | val 0.5546 | micro 0.5591 | wei 0.5170
  LinEval 1999 | train 0.7235 | val 0.5505 | micro 0.5552 | wei 0.5153

Linear evaluation  Acc: 0.6220  Wei-F1: 0.5163
[ablate-result] ablation=fixed_tau seed=13 dataset=bitotc task=classification result={'accuracy': 0.6219700574874878, 'weighted_f1': 0.5162799954414368}
