/nas/home/jahin/.local/lib/python3.10/site-packages/requests/__init__.py:113: RequestsDependencyWarning: urllib3 (1.26.5) or chardet (7.2.0)/charset_normalizer (3.4.4) doesn't match a supported version!
  warnings.warn(
[ablate] mode=none seed=7 dataset=dblp task=classification
/nas/home/jahin/.local/lib/python3.10/site-packages/torch/cuda/__init__.py:654: UserWarning: Can't initialize NVML
  warnings.warn("Can't initialize NVML")
[KAIROS] Using device: cuda:0 (NVIDIA RTX A6000)
[KAIROS] Classification task → λ_koop overridden to 0.0
[KAIROS] Large graph (25387 nodes) → mini-batch sampler fanout=[20, 20]

Training 200 epochs | 4 views | λ_koop=0.0 | PPR α=0.15

/nas/home/jahin/.local/lib/python3.10/site-packages/dgl/dataloading/dataloader.py:1144: DGLWarning: Dataloader CPU affinity opt is not enabled, consider switching it on (see enable_cpu_affinity() or CPU best practices for DGL [https://docs.dgl.ai/tutorials/cpu/cpu_best_practises.html])
  dgl_warning(
Epoch 00000 | NCE 79.4886 | KOOP 0.0000 | τ 0.0703 | Total 79.4886
Epoch 00001 | NCE 66.6172 | KOOP 0.0000 | τ 0.0705 | Total 66.6172
Epoch 00002 | NCE 59.6098 | KOOP 0.0000 | τ 0.0708 | Total 59.6098
Epoch 00003 | NCE 54.2764 | KOOP 0.0000 | τ 0.0709 | Total 54.2764
Epoch 00004 | NCE 50.7749 | KOOP 0.0000 | τ 0.0710 | Total 50.7749
Epoch 00005 | NCE 48.8464 | KOOP 0.0000 | τ 0.0710 | Total 48.8464
Epoch 00006 | NCE 46.0792 | KOOP 0.0000 | τ 0.0709 | Total 46.0792
Epoch 00007 | NCE 41.3410 | KOOP 0.0000 | τ 0.0708 | Total 41.3410
Epoch 00008 | NCE 42.1001 | KOOP 0.0000 | τ 0.0707 | Total 42.1001
Epoch 00009 | NCE 40.2587 | KOOP 0.0000 | τ 0.0706 | Total 40.2587
Epoch 00010 | NCE 37.7306 | KOOP 0.0000 | τ 0.0704 | Total 37.7306
Epoch 00011 | NCE 35.7435 | KOOP 0.0000 | τ 0.0702 | Total 35.7435
Epoch 00012 | NCE 34.7665 | KOOP 0.0000 | τ 0.0700 | Total 34.7665
Epoch 00013 | NCE 31.4144 | KOOP 0.0000 | τ 0.0698 | Total 31.4144
Epoch 00014 | NCE 32.7080 | KOOP 0.0000 | τ 0.0696 | Total 32.7080
Epoch 00015 | NCE 31.2589 | KOOP 0.0000 | τ 0.0694 | Total 31.2589
Epoch 00016 | NCE 30.4315 | KOOP 0.0000 | τ 0.0692 | Total 30.4315
Epoch 00017 | NCE 29.8340 | KOOP 0.0000 | τ 0.0690 | Total 29.8340
Epoch 00018 | NCE 28.7714 | KOOP 0.0000 | τ 0.0687 | Total 28.7714
Epoch 00019 | NCE 27.2069 | KOOP 0.0000 | τ 0.0685 | Total 27.2069
Epoch 00020 | NCE 25.8617 | KOOP 0.0000 | τ 0.0683 | Total 25.8617
Epoch 00021 | NCE 24.7454 | KOOP 0.0000 | τ 0.0680 | Total 24.7454
Epoch 00022 | NCE 25.0855 | KOOP 0.0000 | τ 0.0678 | Total 25.0855
Epoch 00023 | NCE 24.8465 | KOOP 0.0000 | τ 0.0676 | Total 24.8465
Epoch 00024 | NCE 23.5086 | KOOP 0.0000 | τ 0.0673 | Total 23.5086
Epoch 00025 | NCE 22.2667 | KOOP 0.0000 | τ 0.0670 | Total 22.2667
Epoch 00026 | NCE 21.8199 | KOOP 0.0000 | τ 0.0668 | Total 21.8199
Epoch 00027 | NCE 21.7407 | KOOP 0.0000 | τ 0.0665 | Total 21.7407
Epoch 00028 | NCE 22.0535 | KOOP 0.0000 | τ 0.0663 | Total 22.0535
Epoch 00029 | NCE 21.2115 | KOOP 0.0000 | τ 0.0660 | Total 21.2115
Epoch 00030 | NCE 19.4147 | KOOP 0.0000 | τ 0.0657 | Total 19.4147
Epoch 00031 | NCE 19.4242 | KOOP 0.0000 | τ 0.0655 | Total 19.4242
Epoch 00032 | NCE 19.2019 | KOOP 0.0000 | τ 0.0652 | Total 19.2019
Epoch 00033 | NCE 18.3712 | KOOP 0.0000 | τ 0.0650 | Total 18.3712
Epoch 00034 | NCE 18.5423 | KOOP 0.0000 | τ 0.0647 | Total 18.5423
Epoch 00035 | NCE 19.6125 | KOOP 0.0000 | τ 0.0644 | Total 19.6125
Epoch 00036 | NCE 18.2812 | KOOP 0.0000 | τ 0.0642 | Total 18.2812
Epoch 00037 | NCE 16.9491 | KOOP 0.0000 | τ 0.0639 | Total 16.9491
Epoch 00038 | NCE 16.3924 | KOOP 0.0000 | τ 0.0637 | Total 16.3924
Epoch 00039 | NCE 16.2313 | KOOP 0.0000 | τ 0.0634 | Total 16.2313
Epoch 00040 | NCE 15.9736 | KOOP 0.0000 | τ 0.0631 | Total 15.9736
Epoch 00041 | NCE 14.6989 | KOOP 0.0000 | τ 0.0629 | Total 14.6989
Epoch 00042 | NCE 15.7338 | KOOP 0.0000 | τ 0.0626 | Total 15.7338
Epoch 00043 | NCE 16.2405 | KOOP 0.0000 | τ 0.0624 | Total 16.2405
Epoch 00044 | NCE 15.7887 | KOOP 0.0000 | τ 0.0621 | Total 15.7887
Epoch 00045 | NCE 14.9828 | KOOP 0.0000 | τ 0.0619 | Total 14.9828
Epoch 00046 | NCE 14.3025 | KOOP 0.0000 | τ 0.0616 | Total 14.3025
Epoch 00047 | NCE 14.4327 | KOOP 0.0000 | τ 0.0614 | Total 14.4327
Epoch 00048 | NCE 13.4693 | KOOP 0.0000 | τ 0.0611 | Total 13.4693
Epoch 00049 | NCE 13.3688 | KOOP 0.0000 | τ 0.0609 | Total 13.3688
Epoch 00050 | NCE 12.9825 | KOOP 0.0000 | τ 0.0606 | Total 12.9825
Epoch 00051 | NCE 13.4075 | KOOP 0.0000 | τ 0.0604 | Total 13.4075
Epoch 00052 | NCE 13.5550 | KOOP 0.0000 | τ 0.0602 | Total 13.5550
Epoch 00053 | NCE 13.5539 | KOOP 0.0000 | τ 0.0599 | Total 13.5539
Epoch 00054 | NCE 13.2675 | KOOP 0.0000 | τ 0.0597 | Total 13.2675
Epoch 00055 | NCE 12.4461 | KOOP 0.0000 | τ 0.0595 | Total 12.4461
Epoch 00056 | NCE 11.8979 | KOOP 0.0000 | τ 0.0593 | Total 11.8979
Epoch 00057 | NCE 12.3307 | KOOP 0.0000 | τ 0.0590 | Total 12.3307
Epoch 00058 | NCE 12.7855 | KOOP 0.0000 | τ 0.0588 | Total 12.7855
Epoch 00059 | NCE 12.0875 | KOOP 0.0000 | τ 0.0586 | Total 12.0875
Epoch 00060 | NCE 12.4232 | KOOP 0.0000 | τ 0.0584 | Total 12.4232
Epoch 00061 | NCE 11.4296 | KOOP 0.0000 | τ 0.0582 | Total 11.4296
Epoch 00062 | NCE 11.1867 | KOOP 0.0000 | τ 0.0580 | Total 11.1867
Epoch 00063 | NCE 11.2551 | KOOP 0.0000 | τ 0.0578 | Total 11.2551
Epoch 00064 | NCE 10.9198 | KOOP 0.0000 | τ 0.0576 | Total 10.9198
Epoch 00065 | NCE 10.0178 | KOOP 0.0000 | τ 0.0574 | Total 10.0178
Epoch 00066 | NCE 10.4831 | KOOP 0.0000 | τ 0.0572 | Total 10.4831
Epoch 00067 | NCE 10.8411 | KOOP 0.0000 | τ 0.0570 | Total 10.8411
Epoch 00068 | NCE 11.2287 | KOOP 0.0000 | τ 0.0568 | Total 11.2287
Epoch 00069 | NCE 10.6012 | KOOP 0.0000 | τ 0.0567 | Total 10.6012
Epoch 00070 | NCE 10.7971 | KOOP 0.0000 | τ 0.0565 | Total 10.7971
Epoch 00071 | NCE 9.7407 | KOOP 0.0000 | τ 0.0563 | Total 9.7407
Epoch 00072 | NCE 9.8865 | KOOP 0.0000 | τ 0.0561 | Total 9.8865
Epoch 00073 | NCE 10.0627 | KOOP 0.0000 | τ 0.0559 | Total 10.0627
Epoch 00074 | NCE 10.3719 | KOOP 0.0000 | τ 0.0558 | Total 10.3719
Epoch 00075 | NCE 10.1429 | KOOP 0.0000 | τ 0.0556 | Total 10.1429
Epoch 00076 | NCE 10.3449 | KOOP 0.0000 | τ 0.0554 | Total 10.3449
Epoch 00077 | NCE 9.9627 | KOOP 0.0000 | τ 0.0553 | Total 9.9627
Epoch 00078 | NCE 9.8939 | KOOP 0.0000 | τ 0.0551 | Total 9.8939
Epoch 00079 | NCE 9.3098 | KOOP 0.0000 | τ 0.0550 | Total 9.3098
Epoch 00080 | NCE 8.9499 | KOOP 0.0000 | τ 0.0548 | Total 8.9499
Epoch 00081 | NCE 8.9453 | KOOP 0.0000 | τ 0.0547 | Total 8.9453
Epoch 00082 | NCE 8.8028 | KOOP 0.0000 | τ 0.0545 | Total 8.8028
Epoch 00083 | NCE 9.3445 | KOOP 0.0000 | τ 0.0544 | Total 9.3445
Epoch 00084 | NCE 9.2517 | KOOP 0.0000 | τ 0.0542 | Total 9.2517
Epoch 00085 | NCE 8.9032 | KOOP 0.0000 | τ 0.0541 | Total 8.9032
Epoch 00086 | NCE 9.5239 | KOOP 0.0000 | τ 0.0540 | Total 9.5239
Epoch 00087 | NCE 8.0881 | KOOP 0.0000 | τ 0.0538 | Total 8.0881
Epoch 00088 | NCE 8.3687 | KOOP 0.0000 | τ 0.0537 | Total 8.3687
Epoch 00089 | NCE 9.2927 | KOOP 0.0000 | τ 0.0536 | Total 9.2927
Epoch 00090 | NCE 8.9251 | KOOP 0.0000 | τ 0.0535 | Total 8.9251
Epoch 00091 | NCE 7.9682 | KOOP 0.0000 | τ 0.0533 | Total 7.9682
Epoch 00092 | NCE 8.5348 | KOOP 0.0000 | τ 0.0532 | Total 8.5348
Epoch 00093 | NCE 8.7968 | KOOP 0.0000 | τ 0.0531 | Total 8.7968
Epoch 00094 | NCE 8.0234 | KOOP 0.0000 | τ 0.0530 | Total 8.0234
Epoch 00095 | NCE 7.0042 | KOOP 0.0000 | τ 0.0529 | Total 7.0042
Epoch 00096 | NCE 8.1464 | KOOP 0.0000 | τ 0.0528 | Total 8.1464
Epoch 00097 | NCE 7.6738 | KOOP 0.0000 | τ 0.0526 | Total 7.6738
Epoch 00098 | NCE 7.9764 | KOOP 0.0000 | τ 0.0525 | Total 7.9764
Epoch 00099 | NCE 7.5153 | KOOP 0.0000 | τ 0.0524 | Total 7.5153
Epoch 00100 | NCE 7.5788 | KOOP 0.0000 | τ 0.0523 | Total 7.5788
Epoch 00101 | NCE 7.9406 | KOOP 0.0000 | τ 0.0522 | Total 7.9406
Epoch 00102 | NCE 7.3533 | KOOP 0.0000 | τ 0.0521 | Total 7.3533
Epoch 00103 | NCE 7.2519 | KOOP 0.0000 | τ 0.0520 | Total 7.2519
Epoch 00104 | NCE 8.3526 | KOOP 0.0000 | τ 0.0519 | Total 8.3526
Epoch 00105 | NCE 7.6529 | KOOP 0.0000 | τ 0.0518 | Total 7.6529
Epoch 00106 | NCE 7.1503 | KOOP 0.0000 | τ 0.0518 | Total 7.1503
Epoch 00107 | NCE 6.9456 | KOOP 0.0000 | τ 0.0517 | Total 6.9456
Epoch 00108 | NCE 7.5253 | KOOP 0.0000 | τ 0.0516 | Total 7.5253
Epoch 00109 | NCE 6.8305 | KOOP 0.0000 | τ 0.0515 | Total 6.8305
Epoch 00110 | NCE 8.1151 | KOOP 0.0000 | τ 0.0514 | Total 8.1151
Epoch 00111 | NCE 8.2817 | KOOP 0.0000 | τ 0.0513 | Total 8.2817
Epoch 00112 | NCE 6.5128 | KOOP 0.0000 | τ 0.0513 | Total 6.5128
Epoch 00113 | NCE 7.1385 | KOOP 0.0000 | τ 0.0512 | Total 7.1385
Epoch 00114 | NCE 6.7982 | KOOP 0.0000 | τ 0.0511 | Total 6.7982
Epoch 00115 | NCE 7.3022 | KOOP 0.0000 | τ 0.0510 | Total 7.3022
Epoch 00116 | NCE 7.1448 | KOOP 0.0000 | τ 0.0510 | Total 7.1448
Epoch 00117 | NCE 7.7491 | KOOP 0.0000 | τ 0.0509 | Total 7.7491
Epoch 00118 | NCE 6.7497 | KOOP 0.0000 | τ 0.0508 | Total 6.7497
Epoch 00119 | NCE 7.2303 | KOOP 0.0000 | τ 0.0508 | Total 7.2303
Epoch 00120 | NCE 7.1000 | KOOP 0.0000 | τ 0.0507 | Total 7.1000
Epoch 00121 | NCE 6.6439 | KOOP 0.0000 | τ 0.0506 | Total 6.6439
Epoch 00122 | NCE 6.8222 | KOOP 0.0000 | τ 0.0506 | Total 6.8222
Epoch 00123 | NCE 6.4521 | KOOP 0.0000 | τ 0.0505 | Total 6.4521
Epoch 00124 | NCE 6.1046 | KOOP 0.0000 | τ 0.0505 | Total 6.1046
Epoch 00125 | NCE 7.0764 | KOOP 0.0000 | τ 0.0504 | Total 7.0764
Epoch 00126 | NCE 7.5087 | KOOP 0.0000 | τ 0.0503 | Total 7.5087
Epoch 00127 | NCE 6.8173 | KOOP 0.0000 | τ 0.0503 | Total 6.8173
Epoch 00128 | NCE 6.6757 | KOOP 0.0000 | τ 0.0502 | Total 6.6757
Epoch 00129 | NCE 6.4520 | KOOP 0.0000 | τ 0.0502 | Total 6.4520
Epoch 00130 | NCE 6.6619 | KOOP 0.0000 | τ 0.0501 | Total 6.6619
Epoch 00131 | NCE 7.1590 | KOOP 0.0000 | τ 0.0501 | Total 7.1590
Epoch 00132 | NCE 6.5042 | KOOP 0.0000 | τ 0.0501 | Total 6.5042
Epoch 00133 | NCE 6.5539 | KOOP 0.0000 | τ 0.0500 | Total 6.5539
Epoch 00134 | NCE 6.3893 | KOOP 0.0000 | τ 0.0500 | Total 6.3893
Epoch 00135 | NCE 7.0809 | KOOP 0.0000 | τ 0.0499 | Total 7.0809
Epoch 00136 | NCE 6.0672 | KOOP 0.0000 | τ 0.0499 | Total 6.0672
Epoch 00137 | NCE 6.6467 | KOOP 0.0000 | τ 0.0498 | Total 6.6467
Epoch 00138 | NCE 6.1891 | KOOP 0.0000 | τ 0.0498 | Total 6.1891
Epoch 00139 | NCE 6.2302 | KOOP 0.0000 | τ 0.0498 | Total 6.2302
Epoch 00140 | NCE 7.0688 | KOOP 0.0000 | τ 0.0497 | Total 7.0688
Epoch 00141 | NCE 5.6979 | KOOP 0.0000 | τ 0.0497 | Total 5.6979
Epoch 00142 | NCE 6.2722 | KOOP 0.0000 | τ 0.0497 | Total 6.2722
Epoch 00143 | NCE 6.5883 | KOOP 0.0000 | τ 0.0496 | Total 6.5883
Epoch 00144 | NCE 6.6151 | KOOP 0.0000 | τ 0.0496 | Total 6.6151
Epoch 00145 | NCE 6.0730 | KOOP 0.0000 | τ 0.0496 | Total 6.0730
Epoch 00146 | NCE 6.3794 | KOOP 0.0000 | τ 0.0495 | Total 6.3794
Epoch 00147 | NCE 5.7962 | KOOP 0.0000 | τ 0.0495 | Total 5.7962
Epoch 00148 | NCE 6.3208 | KOOP 0.0000 | τ 0.0495 | Total 6.3208
Epoch 00149 | NCE 6.1351 | KOOP 0.0000 | τ 0.0494 | Total 6.1351
Epoch 00150 | NCE 5.8225 | KOOP 0.0000 | τ 0.0494 | Total 5.8225
Epoch 00151 | NCE 6.4799 | KOOP 0.0000 | τ 0.0494 | Total 6.4799
Epoch 00152 | NCE 6.2080 | KOOP 0.0000 | τ 0.0494 | Total 6.2080
Epoch 00153 | NCE 5.1657 | KOOP 0.0000 | τ 0.0494 | Total 5.1657
Epoch 00154 | NCE 6.1350 | KOOP 0.0000 | τ 0.0493 | Total 6.1350
Epoch 00155 | NCE 5.9313 | KOOP 0.0000 | τ 0.0493 | Total 5.9313
Epoch 00156 | NCE 6.1979 | KOOP 0.0000 | τ 0.0493 | Total 6.1979
Epoch 00157 | NCE 6.1631 | KOOP 0.0000 | τ 0.0493 | Total 6.1631
Epoch 00158 | NCE 6.2399 | KOOP 0.0000 | τ 0.0492 | Total 6.2399
Epoch 00159 | NCE 5.9927 | KOOP 0.0000 | τ 0.0492 | Total 5.9927
Epoch 00160 | NCE 5.8544 | KOOP 0.0000 | τ 0.0492 | Total 5.8544
Epoch 00161 | NCE 5.5247 | KOOP 0.0000 | τ 0.0492 | Total 5.5247
Epoch 00162 | NCE 5.8826 | KOOP 0.0000 | τ 0.0492 | Total 5.8826
Epoch 00163 | NCE 6.0630 | KOOP 0.0000 | τ 0.0492 | Total 6.0630
Epoch 00164 | NCE 5.5947 | KOOP 0.0000 | τ 0.0492 | Total 5.5947
Epoch 00165 | NCE 5.2686 | KOOP 0.0000 | τ 0.0491 | Total 5.2686
Epoch 00166 | NCE 5.4659 | KOOP 0.0000 | τ 0.0491 | Total 5.4659
Epoch 00167 | NCE 5.4869 | KOOP 0.0000 | τ 0.0491 | Total 5.4869
Epoch 00168 | NCE 6.2746 | KOOP 0.0000 | τ 0.0491 | Total 6.2746
Epoch 00169 | NCE 5.2971 | KOOP 0.0000 | τ 0.0491 | Total 5.2971
Epoch 00170 | NCE 6.4256 | KOOP 0.0000 | τ 0.0491 | Total 6.4256
Epoch 00171 | NCE 5.7131 | KOOP 0.0000 | τ 0.0491 | Total 5.7131
Epoch 00172 | NCE 6.0583 | KOOP 0.0000 | τ 0.0491 | Total 6.0583
Epoch 00173 | NCE 5.2014 | KOOP 0.0000 | τ 0.0491 | Total 5.2014
Epoch 00174 | NCE 6.2025 | KOOP 0.0000 | τ 0.0490 | Total 6.2025
Epoch 00175 | NCE 5.8759 | KOOP 0.0000 | τ 0.0490 | Total 5.8759
Epoch 00176 | NCE 6.3244 | KOOP 0.0000 | τ 0.0490 | Total 6.3244
Epoch 00177 | NCE 6.7459 | KOOP 0.0000 | τ 0.0490 | Total 6.7459
Epoch 00178 | NCE 5.5503 | KOOP 0.0000 | τ 0.0490 | Total 5.5503
Epoch 00179 | NCE 5.5230 | KOOP 0.0000 | τ 0.0490 | Total 5.5230
Epoch 00180 | NCE 5.9410 | KOOP 0.0000 | τ 0.0490 | Total 5.9410
Epoch 00181 | NCE 5.6495 | KOOP 0.0000 | τ 0.0490 | Total 5.6495
Epoch 00182 | NCE 5.3847 | KOOP 0.0000 | τ 0.0490 | Total 5.3847
Epoch 00183 | NCE 5.8597 | KOOP 0.0000 | τ 0.0490 | Total 5.8597
Epoch 00184 | NCE 5.8121 | KOOP 0.0000 | τ 0.0490 | Total 5.8121
Epoch 00185 | NCE 5.8317 | KOOP 0.0000 | τ 0.0490 | Total 5.8317
Epoch 00186 | NCE 5.7505 | KOOP 0.0000 | τ 0.0490 | Total 5.7505
Epoch 00187 | NCE 5.8641 | KOOP 0.0000 | τ 0.0490 | Total 5.8641
Epoch 00188 | NCE 5.2406 | KOOP 0.0000 | τ 0.0490 | Total 5.2406
Epoch 00189 | NCE 5.0624 | KOOP 0.0000 | τ 0.0490 | Total 5.0624
Epoch 00190 | NCE 6.1158 | KOOP 0.0000 | τ 0.0490 | Total 6.1158
Epoch 00191 | NCE 5.5077 | KOOP 0.0000 | τ 0.0490 | Total 5.5077
Epoch 00192 | NCE 5.9989 | KOOP 0.0000 | τ 0.0490 | Total 5.9989
Epoch 00193 | NCE 5.6211 | KOOP 0.0000 | τ 0.0490 | Total 5.6211
Epoch 00194 | NCE 5.9925 | KOOP 0.0000 | τ 0.0490 | Total 5.9925
Epoch 00195 | NCE 4.7526 | KOOP 0.0000 | τ 0.0490 | Total 4.7526
Epoch 00196 | NCE 5.2331 | KOOP 0.0000 | τ 0.0490 | Total 5.2331
Epoch 00197 | NCE 5.5033 | KOOP 0.0000 | τ 0.0490 | Total 5.5033
Epoch 00198 | NCE 6.0064 | KOOP 0.0000 | τ 0.0490 | Total 6.0064
Epoch 00199 | NCE 5.6119 | KOOP 0.0000 | τ 0.0490 | Total 5.6119
  LinEval    0 | train 0.1795 | val 0.2911 | micro 0.2933 | wei 0.2698
  LinEval  500 | train 0.7886 | val 0.7468 | micro 0.7413 | wei 0.7382
  LinEval 1000 | train 0.7921 | val 0.7393 | micro 0.7380 | wei 0.7348
  LinEval 1500 | train 0.7929 | val 0.7420 | micro 0.7356 | wei 0.7324
  LinEval 1999 | train 0.7941 | val 0.7412 | micro 0.7350 | wei 0.7319
  LinEval    0 | train 0.1235 | val 0.2576 | micro 0.2592 | wei 0.2128
  LinEval  500 | train 0.7886 | val 0.7475 | micro 0.7415 | wei 0.7385
  LinEval 1000 | train 0.7933 | val 0.7404 | micro 0.7376 | wei 0.7344
  LinEval 1500 | train 0.7929 | val 0.7401 | micro 0.7360 | wei 0.7329
  LinEval 1999 | train 0.7933 | val 0.7412 | micro 0.7356 | wei 0.7324
  LinEval    0 | train 0.0903 | val 0.1768 | micro 0.1813 | wei 0.1472
  LinEval  500 | train 0.7893 | val 0.7464 | micro 0.7411 | wei 0.7381
  LinEval 1000 | train 0.7925 | val 0.7397 | micro 0.7379 | wei 0.7347
  LinEval 1500 | train 0.7941 | val 0.7408 | micro 0.7361 | wei 0.7329
  LinEval 1999 | train 0.7941 | val 0.7412 | micro 0.7355 | wei 0.7324
  LinEval    0 | train 0.0686 | val 0.1371 | micro 0.1373 | wei 0.1168
  LinEval  500 | train 0.7866 | val 0.7452 | micro 0.7403 | wei 0.7372
  LinEval 1000 | train 0.7933 | val 0.7420 | micro 0.7378 | wei 0.7346
  LinEval 1500 | train 0.7937 | val 0.7404 | micro 0.7357 | wei 0.7325
  LinEval 1999 | train 0.7945 | val 0.7416 | micro 0.7356 | wei 0.7324
  LinEval    0 | train 0.1034 | val 0.1792 | micro 0.1851 | wei 0.1707
  LinEval  500 | train 0.7878 | val 0.7452 | micro 0.7413 | wei 0.7384
  LinEval 1000 | train 0.7941 | val 0.7401 | micro 0.7378 | wei 0.7347
  LinEval 1500 | train 0.7925 | val 0.7404 | micro 0.7362 | wei 0.7330
  LinEval 1999 | train 0.7941 | val 0.7412 | micro 0.7356 | wei 0.7325

Linear evaluation  Acc: 0.7423  Wei-F1: 0.7392
[ablate-result] ablation=none seed=7 dataset=dblp task=classification result={'accuracy': 0.742283284664154, 'weighted_f1': 0.7391642928123474}
