/nas/home/jahin/.local/lib/python3.10/site-packages/requests/__init__.py:113: RequestsDependencyWarning: urllib3 (1.26.5) or chardet (7.2.0)/charset_normalizer (3.4.4) doesn't match a supported version!
  warnings.warn(
/nas/home/jahin/.local/lib/python3.10/site-packages/outdated/__init__.py:36: UserWarning: pkg_resources is deprecated as an API. See https://setuptools.pypa.io/en/latest/pkg_resources.html. The pkg_resources package is slated for removal as early as 2025-11-30. Refrain from using this package or pin to Setuptools<81.
  from pkg_resources import parse_version
[ablate] mode=no_koop_anomaly seed=42 dataset=reddit task=anomaly_detection
[KAIROS] Using device: cuda:0 (NVIDIA RTX A5000)
Constructing structural anomaly nodes...
Done. 3000 structural nodes (45000 edges)

Constructing attribute anomaly nodes...
Done. 3000 attribute anomaly nodes

[KAIROS] Large graph (898194 nodes) → mini-batch sampler fanout=[20, 20]

[KAIROS] Backbone: gat
Training 200 epochs | 4 views | λ_koop=0.0 | PPR α=0.15

/nas/home/jahin/.local/lib/python3.10/site-packages/dgl/dataloading/dataloader.py:1144: DGLWarning: Dataloader CPU affinity opt is not enabled, consider switching it on (see enable_cpu_affinity() or CPU best practices for DGL [https://docs.dgl.ai/tutorials/cpu/cpu_best_practises.html])
  dgl_warning(
Epoch 00000 | NCE 76.1145 | KOOP 0.0000 | τ 0.0703 | Total 76.1145
Epoch 00001 | NCE 71.3236 | KOOP 0.0000 | τ 0.0706 | Total 71.3236
Epoch 00002 | NCE 65.6649 | KOOP 0.0000 | τ 0.0708 | Total 65.6649
Epoch 00003 | NCE 63.9695 | KOOP 0.0000 | τ 0.0711 | Total 63.9695
Epoch 00004 | NCE 57.5997 | KOOP 0.0000 | τ 0.0712 | Total 57.5997
Epoch 00005 | NCE 57.0816 | KOOP 0.0000 | τ 0.0713 | Total 57.0816
Epoch 00006 | NCE 52.7723 | KOOP 0.0000 | τ 0.0713 | Total 52.7723
Epoch 00007 | NCE 54.0339 | KOOP 0.0000 | τ 0.0713 | Total 54.0339
Epoch 00008 | NCE 49.4119 | KOOP 0.0000 | τ 0.0712 | Total 49.4119
Epoch 00009 | NCE 47.1831 | KOOP 0.0000 | τ 0.0711 | Total 47.1831
Epoch 00010 | NCE 47.7773 | KOOP 0.0000 | τ 0.0709 | Total 47.7773
Epoch 00011 | NCE 43.1443 | KOOP 0.0000 | τ 0.0708 | Total 43.1443
Epoch 00012 | NCE 44.1180 | KOOP 0.0000 | τ 0.0706 | Total 44.1180
Epoch 00013 | NCE 38.2318 | KOOP 0.0000 | τ 0.0704 | Total 38.2318
Epoch 00014 | NCE 39.8976 | KOOP 0.0000 | τ 0.0702 | Total 39.8976
Epoch 00015 | NCE 37.8498 | KOOP 0.0000 | τ 0.0700 | Total 37.8498
Epoch 00016 | NCE 36.8352 | KOOP 0.0000 | τ 0.0698 | Total 36.8352
Epoch 00017 | NCE 34.9169 | KOOP 0.0000 | τ 0.0696 | Total 34.9169
Epoch 00018 | NCE 31.6234 | KOOP 0.0000 | τ 0.0694 | Total 31.6234
Epoch 00019 | NCE 33.2755 | KOOP 0.0000 | τ 0.0692 | Total 33.2755
Epoch 00020 | NCE 31.0573 | KOOP 0.0000 | τ 0.0689 | Total 31.0573
Epoch 00021 | NCE 28.8346 | KOOP 0.0000 | τ 0.0687 | Total 28.8346
Epoch 00022 | NCE 26.1053 | KOOP 0.0000 | τ 0.0684 | Total 26.1053
Epoch 00023 | NCE 27.3763 | KOOP 0.0000 | τ 0.0682 | Total 27.3763
Epoch 00024 | NCE 27.6526 | KOOP 0.0000 | τ 0.0679 | Total 27.6526
Epoch 00025 | NCE 24.8231 | KOOP 0.0000 | τ 0.0677 | Total 24.8231
Epoch 00026 | NCE 24.0568 | KOOP 0.0000 | τ 0.0674 | Total 24.0568
Epoch 00027 | NCE 23.2490 | KOOP 0.0000 | τ 0.0671 | Total 23.2490
Epoch 00028 | NCE 22.9992 | KOOP 0.0000 | τ 0.0669 | Total 22.9992
Epoch 00029 | NCE 23.6981 | KOOP 0.0000 | τ 0.0666 | Total 23.6981
Epoch 00030 | NCE 21.9423 | KOOP 0.0000 | τ 0.0663 | Total 21.9423
Epoch 00031 | NCE 19.2029 | KOOP 0.0000 | τ 0.0660 | Total 19.2029
Epoch 00032 | NCE 19.6811 | KOOP 0.0000 | τ 0.0658 | Total 19.6811
Epoch 00033 | NCE 18.8047 | KOOP 0.0000 | τ 0.0655 | Total 18.8047
Epoch 00034 | NCE 19.5511 | KOOP 0.0000 | τ 0.0652 | Total 19.5511
Epoch 00035 | NCE 15.5855 | KOOP 0.0000 | τ 0.0649 | Total 15.5855
Epoch 00036 | NCE 16.7194 | KOOP 0.0000 | τ 0.0646 | Total 16.7194
Epoch 00037 | NCE 11.9313 | KOOP 0.0000 | τ 0.0643 | Total 11.9313
Epoch 00038 | NCE 17.5390 | KOOP 0.0000 | τ 0.0641 | Total 17.5390
Epoch 00039 | NCE 15.9353 | KOOP 0.0000 | τ 0.0638 | Total 15.9353
Epoch 00040 | NCE 14.8202 | KOOP 0.0000 | τ 0.0635 | Total 14.8202
Epoch 00041 | NCE 15.3652 | KOOP 0.0000 | τ 0.0632 | Total 15.3652
Epoch 00042 | NCE 14.3241 | KOOP 0.0000 | τ 0.0629 | Total 14.3241
Epoch 00043 | NCE 13.9322 | KOOP 0.0000 | τ 0.0627 | Total 13.9322
Epoch 00044 | NCE 12.4710 | KOOP 0.0000 | τ 0.0624 | Total 12.4710
Epoch 00045 | NCE 13.0761 | KOOP 0.0000 | τ 0.0621 | Total 13.0761
Epoch 00046 | NCE 12.8775 | KOOP 0.0000 | τ 0.0619 | Total 12.8775
Epoch 00047 | NCE 14.2910 | KOOP 0.0000 | τ 0.0616 | Total 14.2910
Epoch 00048 | NCE 12.2371 | KOOP 0.0000 | τ 0.0613 | Total 12.2371
Epoch 00049 | NCE 13.8754 | KOOP 0.0000 | τ 0.0611 | Total 13.8754
Epoch 00050 | NCE 10.1248 | KOOP 0.0000 | τ 0.0608 | Total 10.1248
Epoch 00051 | NCE 10.6099 | KOOP 0.0000 | τ 0.0606 | Total 10.6099
Epoch 00052 | NCE 12.0087 | KOOP 0.0000 | τ 0.0603 | Total 12.0087
Epoch 00053 | NCE 9.0279 | KOOP 0.0000 | τ 0.0601 | Total 9.0279
Epoch 00054 | NCE 11.0998 | KOOP 0.0000 | τ 0.0598 | Total 11.0998
Epoch 00055 | NCE 11.5294 | KOOP 0.0000 | τ 0.0596 | Total 11.5294
Epoch 00056 | NCE 9.2591 | KOOP 0.0000 | τ 0.0593 | Total 9.2591
Epoch 00057 | NCE 9.6816 | KOOP 0.0000 | τ 0.0591 | Total 9.6816
Epoch 00058 | NCE 10.6581 | KOOP 0.0000 | τ 0.0589 | Total 10.6581
Epoch 00059 | NCE 8.4117 | KOOP 0.0000 | τ 0.0586 | Total 8.4117
Epoch 00060 | NCE 9.8893 | KOOP 0.0000 | τ 0.0584 | Total 9.8893
Epoch 00061 | NCE 8.3788 | KOOP 0.0000 | τ 0.0582 | Total 8.3788
Epoch 00062 | NCE 8.6997 | KOOP 0.0000 | τ 0.0580 | Total 8.6997
Epoch 00063 | NCE 8.5506 | KOOP 0.0000 | τ 0.0578 | Total 8.5506
Epoch 00064 | NCE 9.0415 | KOOP 0.0000 | τ 0.0575 | Total 9.0415
Epoch 00065 | NCE 7.7268 | KOOP 0.0000 | τ 0.0573 | Total 7.7268
Epoch 00066 | NCE 7.7201 | KOOP 0.0000 | τ 0.0571 | Total 7.7201
Epoch 00067 | NCE 9.2849 | KOOP 0.0000 | τ 0.0569 | Total 9.2849
Epoch 00068 | NCE 7.9291 | KOOP 0.0000 | τ 0.0567 | Total 7.9291
Epoch 00069 | NCE 8.0649 | KOOP 0.0000 | τ 0.0565 | Total 8.0649
Epoch 00070 | NCE 8.2324 | KOOP 0.0000 | τ 0.0563 | Total 8.2324
Epoch 00071 | NCE 7.9295 | KOOP 0.0000 | τ 0.0561 | Total 7.9295
Epoch 00072 | NCE 8.2268 | KOOP 0.0000 | τ 0.0560 | Total 8.2268
Epoch 00073 | NCE 6.9038 | KOOP 0.0000 | τ 0.0558 | Total 6.9038
Epoch 00074 | NCE 6.7788 | KOOP 0.0000 | τ 0.0556 | Total 6.7788
Epoch 00075 | NCE 7.6567 | KOOP 0.0000 | τ 0.0554 | Total 7.6567
Epoch 00076 | NCE 7.3012 | KOOP 0.0000 | τ 0.0552 | Total 7.3012
Epoch 00077 | NCE 8.4456 | KOOP 0.0000 | τ 0.0551 | Total 8.4456
Epoch 00078 | NCE 6.9802 | KOOP 0.0000 | τ 0.0549 | Total 6.9802
Epoch 00079 | NCE 6.0976 | KOOP 0.0000 | τ 0.0548 | Total 6.0976
Epoch 00080 | NCE 7.4394 | KOOP 0.0000 | τ 0.0546 | Total 7.4394
Epoch 00081 | NCE 5.3787 | KOOP 0.0000 | τ 0.0544 | Total 5.3787
Epoch 00082 | NCE 7.9686 | KOOP 0.0000 | τ 0.0543 | Total 7.9686
Epoch 00083 | NCE 7.3866 | KOOP 0.0000 | τ 0.0541 | Total 7.3866
Epoch 00084 | NCE 5.7735 | KOOP 0.0000 | τ 0.0540 | Total 5.7735
Epoch 00085 | NCE 6.6873 | KOOP 0.0000 | τ 0.0538 | Total 6.6873
Epoch 00086 | NCE 6.1948 | KOOP 0.0000 | τ 0.0537 | Total 6.1948
Epoch 00087 | NCE 6.3246 | KOOP 0.0000 | τ 0.0536 | Total 6.3246
Epoch 00088 | NCE 6.4279 | KOOP 0.0000 | τ 0.0534 | Total 6.4279
Epoch 00089 | NCE 6.0864 | KOOP 0.0000 | τ 0.0533 | Total 6.0864
Epoch 00090 | NCE 6.5331 | KOOP 0.0000 | τ 0.0532 | Total 6.5331
Epoch 00091 | NCE 6.2438 | KOOP 0.0000 | τ 0.0530 | Total 6.2438
Epoch 00092 | NCE 4.6230 | KOOP 0.0000 | τ 0.0529 | Total 4.6230
Epoch 00093 | NCE 5.5204 | KOOP 0.0000 | τ 0.0528 | Total 5.5204
Epoch 00094 | NCE 6.4763 | KOOP 0.0000 | τ 0.0527 | Total 6.4763
Epoch 00095 | NCE 6.1233 | KOOP 0.0000 | τ 0.0526 | Total 6.1233
Epoch 00096 | NCE 4.9263 | KOOP 0.0000 | τ 0.0524 | Total 4.9263
Epoch 00097 | NCE 5.8744 | KOOP 0.0000 | τ 0.0523 | Total 5.8744
Epoch 00098 | NCE 4.1004 | KOOP 0.0000 | τ 0.0522 | Total 4.1004
Epoch 00099 | NCE 5.9367 | KOOP 0.0000 | τ 0.0521 | Total 5.9367
Epoch 00100 | NCE 5.1570 | KOOP 0.0000 | τ 0.0520 | Total 5.1570
Epoch 00101 | NCE 5.6527 | KOOP 0.0000 | τ 0.0519 | Total 5.6527
Epoch 00102 | NCE 6.5367 | KOOP 0.0000 | τ 0.0518 | Total 6.5367
Epoch 00103 | NCE 6.2583 | KOOP 0.0000 | τ 0.0517 | Total 6.2583
Epoch 00104 | NCE 4.8752 | KOOP 0.0000 | τ 0.0516 | Total 4.8752
Epoch 00105 | NCE 5.2015 | KOOP 0.0000 | τ 0.0515 | Total 5.2015
Epoch 00106 | NCE 5.0115 | KOOP 0.0000 | τ 0.0514 | Total 5.0115
Epoch 00107 | NCE 5.2337 | KOOP 0.0000 | τ 0.0513 | Total 5.2337
Epoch 00108 | NCE 4.8330 | KOOP 0.0000 | τ 0.0512 | Total 4.8330
Epoch 00109 | NCE 4.9592 | KOOP 0.0000 | τ 0.0511 | Total 4.9592
Epoch 00110 | NCE 4.9711 | KOOP 0.0000 | τ 0.0511 | Total 4.9711
Epoch 00111 | NCE 4.4500 | KOOP 0.0000 | τ 0.0510 | Total 4.4500
Epoch 00112 | NCE 4.1059 | KOOP 0.0000 | τ 0.0509 | Total 4.1059
Epoch 00113 | NCE 4.6252 | KOOP 0.0000 | τ 0.0508 | Total 4.6252
Epoch 00114 | NCE 5.4015 | KOOP 0.0000 | τ 0.0507 | Total 5.4015
Epoch 00115 | NCE 4.0534 | KOOP 0.0000 | τ 0.0507 | Total 4.0534
Epoch 00116 | NCE 4.8369 | KOOP 0.0000 | τ 0.0506 | Total 4.8369
Epoch 00117 | NCE 3.8881 | KOOP 0.0000 | τ 0.0505 | Total 3.8881
Epoch 00118 | NCE 4.6283 | KOOP 0.0000 | τ 0.0504 | Total 4.6283
Epoch 00119 | NCE 3.8439 | KOOP 0.0000 | τ 0.0504 | Total 3.8439
Epoch 00120 | NCE 4.1206 | KOOP 0.0000 | τ 0.0503 | Total 4.1206
Epoch 00121 | NCE 3.9986 | KOOP 0.0000 | τ 0.0502 | Total 3.9986
Epoch 00122 | NCE 4.0807 | KOOP 0.0000 | τ 0.0502 | Total 4.0807
Epoch 00123 | NCE 4.5257 | KOOP 0.0000 | τ 0.0501 | Total 4.5257
Epoch 00124 | NCE 4.8977 | KOOP 0.0000 | τ 0.0500 | Total 4.8977
Epoch 00125 | NCE 4.3598 | KOOP 0.0000 | τ 0.0500 | Total 4.3598
Epoch 00126 | NCE 4.3585 | KOOP 0.0000 | τ 0.0499 | Total 4.3585
Epoch 00127 | NCE 3.7191 | KOOP 0.0000 | τ 0.0498 | Total 3.7191
Epoch 00128 | NCE 4.7166 | KOOP 0.0000 | τ 0.0498 | Total 4.7166
Epoch 00129 | NCE 3.6858 | KOOP 0.0000 | τ 0.0497 | Total 3.6858
Epoch 00130 | NCE 3.8955 | KOOP 0.0000 | τ 0.0497 | Total 3.8955
Epoch 00131 | NCE 3.0348 | KOOP 0.0000 | τ 0.0496 | Total 3.0348
Epoch 00132 | NCE 6.0014 | KOOP 0.0000 | τ 0.0496 | Total 6.0014
Epoch 00133 | NCE 4.4217 | KOOP 0.0000 | τ 0.0495 | Total 4.4217
Epoch 00134 | NCE 4.4593 | KOOP 0.0000 | τ 0.0495 | Total 4.4593
Epoch 00135 | NCE 4.3174 | KOOP 0.0000 | τ 0.0494 | Total 4.3174
Epoch 00136 | NCE 4.7180 | KOOP 0.0000 | τ 0.0494 | Total 4.7180
Epoch 00137 | NCE 4.2346 | KOOP 0.0000 | τ 0.0494 | Total 4.2346
Epoch 00138 | NCE 3.3458 | KOOP 0.0000 | τ 0.0493 | Total 3.3458
Epoch 00139 | NCE 3.6073 | KOOP 0.0000 | τ 0.0493 | Total 3.6073
Epoch 00140 | NCE 4.4871 | KOOP 0.0000 | τ 0.0492 | Total 4.4871
Epoch 00141 | NCE 4.3138 | KOOP 0.0000 | τ 0.0492 | Total 4.3138
Epoch 00142 | NCE 3.9622 | KOOP 0.0000 | τ 0.0492 | Total 3.9622
Epoch 00143 | NCE 4.3907 | KOOP 0.0000 | τ 0.0491 | Total 4.3907
Epoch 00144 | NCE 3.7259 | KOOP 0.0000 | τ 0.0491 | Total 3.7259
Epoch 00145 | NCE 4.4259 | KOOP 0.0000 | τ 0.0491 | Total 4.4259
Epoch 00146 | NCE 3.0846 | KOOP 0.0000 | τ 0.0490 | Total 3.0846
Epoch 00147 | NCE 4.4440 | KOOP 0.0000 | τ 0.0490 | Total 4.4440
Epoch 00148 | NCE 4.4709 | KOOP 0.0000 | τ 0.0490 | Total 4.4709
Epoch 00149 | NCE 3.4687 | KOOP 0.0000 | τ 0.0490 | Total 3.4687
Epoch 00150 | NCE 4.3012 | KOOP 0.0000 | τ 0.0489 | Total 4.3012
Epoch 00151 | NCE 4.8214 | KOOP 0.0000 | τ 0.0489 | Total 4.8214
Epoch 00152 | NCE 3.4068 | KOOP 0.0000 | τ 0.0489 | Total 3.4068
Epoch 00153 | NCE 3.6423 | KOOP 0.0000 | τ 0.0489 | Total 3.6423
Epoch 00154 | NCE 3.7122 | KOOP 0.0000 | τ 0.0488 | Total 3.7122
Epoch 00155 | NCE 4.3294 | KOOP 0.0000 | τ 0.0488 | Total 4.3294
Epoch 00156 | NCE 4.2027 | KOOP 0.0000 | τ 0.0488 | Total 4.2027
Epoch 00157 | NCE 3.8948 | KOOP 0.0000 | τ 0.0488 | Total 3.8948
Epoch 00158 | NCE 3.1165 | KOOP 0.0000 | τ 0.0487 | Total 3.1165
Epoch 00159 | NCE 3.1346 | KOOP 0.0000 | τ 0.0487 | Total 3.1346
Epoch 00160 | NCE 4.6853 | KOOP 0.0000 | τ 0.0487 | Total 4.6853
Epoch 00161 | NCE 4.7465 | KOOP 0.0000 | τ 0.0487 | Total 4.7465
Epoch 00162 | NCE 3.9942 | KOOP 0.0000 | τ 0.0487 | Total 3.9942
Epoch 00163 | NCE 3.4655 | KOOP 0.0000 | τ 0.0487 | Total 3.4655
Epoch 00164 | NCE 4.8519 | KOOP 0.0000 | τ 0.0487 | Total 4.8519
Epoch 00165 | NCE 4.6877 | KOOP 0.0000 | τ 0.0486 | Total 4.6877
Epoch 00166 | NCE 4.2244 | KOOP 0.0000 | τ 0.0486 | Total 4.2244
Epoch 00167 | NCE 2.7363 | KOOP 0.0000 | τ 0.0486 | Total 2.7363
Epoch 00168 | NCE 3.4285 | KOOP 0.0000 | τ 0.0486 | Total 3.4285
Epoch 00169 | NCE 3.6745 | KOOP 0.0000 | τ 0.0486 | Total 3.6745
Epoch 00170 | NCE 3.7144 | KOOP 0.0000 | τ 0.0486 | Total 3.7144
Epoch 00171 | NCE 3.6786 | KOOP 0.0000 | τ 0.0486 | Total 3.6786
Epoch 00172 | NCE 3.6931 | KOOP 0.0000 | τ 0.0486 | Total 3.6931
Epoch 00173 | NCE 3.4264 | KOOP 0.0000 | τ 0.0486 | Total 3.4264
Epoch 00174 | NCE 3.6479 | KOOP 0.0000 | τ 0.0486 | Total 3.6479
Epoch 00175 | NCE 3.9686 | KOOP 0.0000 | τ 0.0485 | Total 3.9686
Epoch 00176 | NCE 3.9009 | KOOP 0.0000 | τ 0.0485 | Total 3.9009
Epoch 00177 | NCE 4.0699 | KOOP 0.0000 | τ 0.0485 | Total 4.0699
Epoch 00178 | NCE 3.1374 | KOOP 0.0000 | τ 0.0485 | Total 3.1374
Epoch 00179 | NCE 4.2876 | KOOP 0.0000 | τ 0.0485 | Total 4.2876
Epoch 00180 | NCE 4.1862 | KOOP 0.0000 | τ 0.0485 | Total 4.1862
Epoch 00181 | NCE 3.9640 | KOOP 0.0000 | τ 0.0485 | Total 3.9640
Epoch 00182 | NCE 3.3594 | KOOP 0.0000 | τ 0.0485 | Total 3.3594
Epoch 00183 | NCE 4.3924 | KOOP 0.0000 | τ 0.0485 | Total 4.3924
Epoch 00184 | NCE 3.7407 | KOOP 0.0000 | τ 0.0485 | Total 3.7407
Epoch 00185 | NCE 3.1774 | KOOP 0.0000 | τ 0.0485 | Total 3.1774
Epoch 00186 | NCE 4.4857 | KOOP 0.0000 | τ 0.0485 | Total 4.4857
Epoch 00187 | NCE 3.4736 | KOOP 0.0000 | τ 0.0485 | Total 3.4736
Epoch 00188 | NCE 4.6977 | KOOP 0.0000 | τ 0.0485 | Total 4.6977
Epoch 00189 | NCE 3.2605 | KOOP 0.0000 | τ 0.0485 | Total 3.2605
Epoch 00190 | NCE 4.6159 | KOOP 0.0000 | τ 0.0485 | Total 4.6159
Epoch 00191 | NCE 3.4035 | KOOP 0.0000 | τ 0.0485 | Total 3.4035
Epoch 00192 | NCE 3.3454 | KOOP 0.0000 | τ 0.0485 | Total 3.3454
Epoch 00193 | NCE 3.0847 | KOOP 0.0000 | τ 0.0485 | Total 3.0847
Epoch 00194 | NCE 3.5999 | KOOP 0.0000 | τ 0.0485 | Total 3.5999
Epoch 00195 | NCE 4.2919 | KOOP 0.0000 | τ 0.0485 | Total 4.2919
Epoch 00196 | NCE 3.3558 | KOOP 0.0000 | τ 0.0485 | Total 3.3558
Epoch 00197 | NCE 3.5176 | KOOP 0.0000 | τ 0.0485 | Total 3.5176
Epoch 00198 | NCE 4.2271 | KOOP 0.0000 | τ 0.0485 | Total 4.2271
Epoch 00199 | NCE 3.8065 | KOOP 0.0000 | τ 0.0485 | Total 3.8065

AUC (S1+S2+S3 combined): 0.9523
  S1 temporal: 0.9076 | S2 Koopman: 0.9178 | S3 nbr-dev: 0.6027
[ablate-result] ablation=no_koop_anomaly seed=42 dataset=reddit task=anomaly_detection result={'auc': 0.9523142642370008, 'auc_s1': 0.9076102788930062, 'auc_s2': 0.917836793903568, 'auc_s3': 0.6026855986478277}
