/nas/home/jahin/.local/lib/python3.10/site-packages/requests/__init__.py:113: RequestsDependencyWarning: urllib3 (1.26.5) or chardet (7.2.0)/charset_normalizer (3.4.4) doesn't match a supported version!
  warnings.warn(
============================================================
Model            : KAIROS v2
Dataset          : reddit
Task             : anomaly_detection
Hidden dim       : 128
Layers           : 2
Embed dim        : 64
Snapshots        : 4
Views            : 4
Strategy         : sequential
Epochs           : 200
PPR alpha        : 0.15
λ_koop           : 1.0 (0 if classification)
============================================================

/nas/home/jahin/.local/lib/python3.10/site-packages/torch/cuda/__init__.py:654: UserWarning: Can't initialize NVML
  warnings.warn("Can't initialize NVML")
[KAIROS] Using device: cuda:0 (NVIDIA RTX A6000)
Constructing structural anomaly nodes...
Done. 3000 structural nodes (45000 edges)

Constructing attribute anomaly nodes...
Done. 3000 attribute anomaly nodes

[KAIROS] Large graph (898194 nodes) → mini-batch sampler fanout=[20, 20]

Training 200 epochs | 4 views | λ_koop=1.0 | PPR α=0.15

/nas/home/jahin/.local/lib/python3.10/site-packages/dgl/dataloading/dataloader.py:1144: DGLWarning: Dataloader CPU affinity opt is not enabled, consider switching it on (see enable_cpu_affinity() or CPU best practices for DGL [https://docs.dgl.ai/tutorials/cpu/cpu_best_practises.html])
  dgl_warning(
Epoch 00000 | NCE 87.7167 | KOOP 0.1741 | τ 0.0703 | Total 87.8909
Epoch 00001 | NCE 76.0382 | KOOP 0.1669 | τ 0.0706 | Total 76.2051
Epoch 00002 | NCE 70.2822 | KOOP 0.1502 | τ 0.0708 | Total 70.4324
Epoch 00003 | NCE 67.0857 | KOOP 0.1364 | τ 0.0711 | Total 67.2221
Epoch 00004 | NCE 64.1115 | KOOP 0.1324 | τ 0.0713 | Total 64.2439
Epoch 00005 | NCE 61.1511 | KOOP 0.1209 | τ 0.0715 | Total 61.2720
Epoch 00006 | NCE 58.8470 | KOOP 0.1175 | τ 0.0716 | Total 58.9645
Epoch 00007 | NCE 56.4570 | KOOP 0.1066 | τ 0.0717 | Total 56.5636
Epoch 00008 | NCE 55.1723 | KOOP 0.1057 | τ 0.0717 | Total 55.2780
Epoch 00009 | NCE 52.7544 | KOOP 0.0922 | τ 0.0716 | Total 52.8466
Epoch 00010 | NCE 50.9424 | KOOP 0.0930 | τ 0.0715 | Total 51.0354
Epoch 00011 | NCE 49.7230 | KOOP 0.0910 | τ 0.0714 | Total 49.8140
Epoch 00012 | NCE 47.7374 | KOOP 0.0877 | τ 0.0713 | Total 47.8251
Epoch 00013 | NCE 45.1356 | KOOP 0.0789 | τ 0.0712 | Total 45.2144
Epoch 00014 | NCE 45.8778 | KOOP 0.0802 | τ 0.0710 | Total 45.9580
Epoch 00015 | NCE 43.4110 | KOOP 0.0794 | τ 0.0708 | Total 43.4904
Epoch 00016 | NCE 41.4418 | KOOP 0.0767 | τ 0.0707 | Total 41.5185
Epoch 00017 | NCE 39.2616 | KOOP 0.0696 | τ 0.0705 | Total 39.3311
Epoch 00018 | NCE 36.8811 | KOOP 0.0723 | τ 0.0703 | Total 36.9534
Epoch 00019 | NCE 36.6386 | KOOP 0.0737 | τ 0.0701 | Total 36.7123
Epoch 00020 | NCE 34.1032 | KOOP 0.0666 | τ 0.0698 | Total 34.1698
Epoch 00021 | NCE 33.2383 | KOOP 0.0611 | τ 0.0696 | Total 33.2994
Epoch 00022 | NCE 32.0898 | KOOP 0.0643 | τ 0.0694 | Total 32.1541
Epoch 00023 | NCE 31.3695 | KOOP 0.0649 | τ 0.0692 | Total 31.4344
Epoch 00024 | NCE 30.7014 | KOOP 0.0644 | τ 0.0689 | Total 30.7658
Epoch 00025 | NCE 28.5616 | KOOP 0.0631 | τ 0.0687 | Total 28.6247
Epoch 00026 | NCE 27.7517 | KOOP 0.0655 | τ 0.0685 | Total 27.8172
Epoch 00027 | NCE 26.9736 | KOOP 0.0618 | τ 0.0682 | Total 27.0354
Epoch 00028 | NCE 24.3357 | KOOP 0.0566 | τ 0.0679 | Total 24.3923
Epoch 00029 | NCE 24.1880 | KOOP 0.0545 | τ 0.0677 | Total 24.2424
Epoch 00030 | NCE 22.9026 | KOOP 0.0530 | τ 0.0674 | Total 22.9556
Epoch 00031 | NCE 22.9794 | KOOP 0.0585 | τ 0.0672 | Total 23.0379
Epoch 00032 | NCE 21.8501 | KOOP 0.0545 | τ 0.0669 | Total 21.9046
Epoch 00033 | NCE 22.5971 | KOOP 0.0571 | τ 0.0666 | Total 22.6543
Epoch 00034 | NCE 19.0188 | KOOP 0.0491 | τ 0.0663 | Total 19.0679
Epoch 00035 | NCE 19.6342 | KOOP 0.0506 | τ 0.0661 | Total 19.6848
Epoch 00036 | NCE 19.9293 | KOOP 0.0538 | τ 0.0658 | Total 19.9831
Epoch 00037 | NCE 20.1571 | KOOP 0.0518 | τ 0.0655 | Total 20.2089
Epoch 00038 | NCE 18.8646 | KOOP 0.0522 | τ 0.0652 | Total 18.9168
Epoch 00039 | NCE 18.3758 | KOOP 0.0483 | τ 0.0650 | Total 18.4240
Epoch 00040 | NCE 16.7168 | KOOP 0.0515 | τ 0.0647 | Total 16.7683
Epoch 00041 | NCE 16.9145 | KOOP 0.0436 | τ 0.0644 | Total 16.9582
Epoch 00042 | NCE 15.8399 | KOOP 0.0468 | τ 0.0641 | Total 15.8868
Epoch 00043 | NCE 15.4372 | KOOP 0.0504 | τ 0.0639 | Total 15.4877
Epoch 00044 | NCE 16.3263 | KOOP 0.0452 | τ 0.0636 | Total 16.3715
Epoch 00045 | NCE 16.4331 | KOOP 0.0510 | τ 0.0633 | Total 16.4840
Epoch 00046 | NCE 14.4953 | KOOP 0.0475 | τ 0.0631 | Total 14.5428
Epoch 00047 | NCE 13.8922 | KOOP 0.0458 | τ 0.0628 | Total 13.9380
Epoch 00048 | NCE 13.4769 | KOOP 0.0452 | τ 0.0625 | Total 13.5222
Epoch 00049 | NCE 13.6858 | KOOP 0.0440 | τ 0.0623 | Total 13.7298
Epoch 00050 | NCE 14.1276 | KOOP 0.0441 | τ 0.0620 | Total 14.1717
Epoch 00051 | NCE 13.5576 | KOOP 0.0458 | τ 0.0618 | Total 13.6034
Epoch 00052 | NCE 12.6310 | KOOP 0.0432 | τ 0.0615 | Total 12.6742
Epoch 00053 | NCE 12.6443 | KOOP 0.0397 | τ 0.0613 | Total 12.6840
Epoch 00054 | NCE 11.7802 | KOOP 0.0418 | τ 0.0610 | Total 11.8221
Epoch 00055 | NCE 11.3574 | KOOP 0.0434 | τ 0.0608 | Total 11.4008
Epoch 00056 | NCE 12.3043 | KOOP 0.0438 | τ 0.0605 | Total 12.3481
Epoch 00057 | NCE 12.4927 | KOOP 0.0391 | τ 0.0603 | Total 12.5318
Epoch 00058 | NCE 11.8540 | KOOP 0.0419 | τ 0.0600 | Total 11.8959
Epoch 00059 | NCE 10.4378 | KOOP 0.0393 | τ 0.0598 | Total 10.4771
Epoch 00060 | NCE 11.7880 | KOOP 0.0443 | τ 0.0596 | Total 11.8324
Epoch 00061 | NCE 11.1499 | KOOP 0.0393 | τ 0.0593 | Total 11.1892
Epoch 00062 | NCE 10.3196 | KOOP 0.0391 | τ 0.0591 | Total 10.3588
Epoch 00063 | NCE 10.1437 | KOOP 0.0406 | τ 0.0589 | Total 10.1844
Epoch 00064 | NCE 11.1791 | KOOP 0.0434 | τ 0.0587 | Total 11.2226
Epoch 00065 | NCE 10.1381 | KOOP 0.0385 | τ 0.0585 | Total 10.1766
Epoch 00066 | NCE 10.0000 | KOOP 0.0401 | τ 0.0583 | Total 10.0402
Epoch 00067 | NCE 9.9509 | KOOP 0.0413 | τ 0.0581 | Total 9.9922
Epoch 00068 | NCE 9.1532 | KOOP 0.0396 | τ 0.0579 | Total 9.1928
Epoch 00069 | NCE 10.1111 | KOOP 0.0377 | τ 0.0577 | Total 10.1488
Epoch 00070 | NCE 8.5473 | KOOP 0.0368 | τ 0.0575 | Total 8.5842
Epoch 00071 | NCE 8.6542 | KOOP 0.0376 | τ 0.0573 | Total 8.6918
Epoch 00072 | NCE 8.2937 | KOOP 0.0378 | τ 0.0571 | Total 8.3315
Epoch 00073 | NCE 7.7693 | KOOP 0.0331 | τ 0.0569 | Total 7.8025
Epoch 00074 | NCE 8.9782 | KOOP 0.0370 | τ 0.0567 | Total 9.0152
Epoch 00075 | NCE 8.4214 | KOOP 0.0364 | τ 0.0565 | Total 8.4578
Epoch 00076 | NCE 7.7023 | KOOP 0.0360 | τ 0.0563 | Total 7.7382
Epoch 00077 | NCE 8.6725 | KOOP 0.0390 | τ 0.0561 | Total 8.7115
Epoch 00078 | NCE 7.4614 | KOOP 0.0348 | τ 0.0560 | Total 7.4962
Epoch 00079 | NCE 8.0774 | KOOP 0.0388 | τ 0.0558 | Total 8.1163
Epoch 00080 | NCE 7.4099 | KOOP 0.0356 | τ 0.0556 | Total 7.4455
Epoch 00081 | NCE 7.3297 | KOOP 0.0354 | τ 0.0555 | Total 7.3652
Epoch 00082 | NCE 6.7938 | KOOP 0.0357 | τ 0.0553 | Total 6.8295
Epoch 00083 | NCE 7.5530 | KOOP 0.0372 | τ 0.0551 | Total 7.5903
Epoch 00084 | NCE 6.9056 | KOOP 0.0354 | τ 0.0550 | Total 6.9410
Epoch 00085 | NCE 7.5155 | KOOP 0.0344 | τ 0.0548 | Total 7.5499
Epoch 00086 | NCE 6.8502 | KOOP 0.0345 | τ 0.0547 | Total 6.8847
Epoch 00087 | NCE 7.9958 | KOOP 0.0389 | τ 0.0545 | Total 8.0347
Epoch 00088 | NCE 6.2553 | KOOP 0.0343 | τ 0.0544 | Total 6.2897
Epoch 00089 | NCE 6.5740 | KOOP 0.0344 | τ 0.0542 | Total 6.6085
Epoch 00090 | NCE 5.9984 | KOOP 0.0333 | τ 0.0541 | Total 6.0317
Epoch 00091 | NCE 6.8299 | KOOP 0.0357 | τ 0.0539 | Total 6.8656
Epoch 00092 | NCE 6.3151 | KOOP 0.0368 | τ 0.0538 | Total 6.3520
Epoch 00093 | NCE 6.5139 | KOOP 0.0353 | τ 0.0537 | Total 6.5492
Epoch 00094 | NCE 6.8733 | KOOP 0.0362 | τ 0.0535 | Total 6.9095
Epoch 00095 | NCE 6.6674 | KOOP 0.0328 | τ 0.0534 | Total 6.7002
Epoch 00096 | NCE 6.7424 | KOOP 0.0352 | τ 0.0533 | Total 6.7776
Epoch 00097 | NCE 5.7543 | KOOP 0.0326 | τ 0.0532 | Total 5.7869
Epoch 00098 | NCE 7.3781 | KOOP 0.0382 | τ 0.0530 | Total 7.4163
Epoch 00099 | NCE 7.2715 | KOOP 0.0361 | τ 0.0529 | Total 7.3077
Epoch 00100 | NCE 6.2645 | KOOP 0.0320 | τ 0.0528 | Total 6.2966
Epoch 00101 | NCE 6.3588 | KOOP 0.0332 | τ 0.0527 | Total 6.3921
Epoch 00102 | NCE 5.1563 | KOOP 0.0324 | τ 0.0526 | Total 5.1888
Epoch 00103 | NCE 6.0061 | KOOP 0.0347 | τ 0.0525 | Total 6.0408
Epoch 00104 | NCE 6.1373 | KOOP 0.0341 | τ 0.0524 | Total 6.1714
Epoch 00105 | NCE 5.8935 | KOOP 0.0310 | τ 0.0523 | Total 5.9245
Epoch 00106 | NCE 6.0231 | KOOP 0.0337 | τ 0.0522 | Total 6.0569
Epoch 00107 | NCE 5.6560 | KOOP 0.0323 | τ 0.0521 | Total 5.6883
Epoch 00108 | NCE 6.8616 | KOOP 0.0377 | τ 0.0520 | Total 6.8994
Epoch 00109 | NCE 5.8387 | KOOP 0.0335 | τ 0.0519 | Total 5.8723
Epoch 00110 | NCE 6.1353 | KOOP 0.0362 | τ 0.0518 | Total 6.1716
Epoch 00111 | NCE 5.6881 | KOOP 0.0352 | τ 0.0517 | Total 5.7233
Epoch 00112 | NCE 5.6925 | KOOP 0.0348 | τ 0.0517 | Total 5.7274
Epoch 00113 | NCE 5.5760 | KOOP 0.0346 | τ 0.0516 | Total 5.6106
Epoch 00114 | NCE 5.9820 | KOOP 0.0321 | τ 0.0515 | Total 6.0141
Epoch 00115 | NCE 6.4593 | KOOP 0.0361 | τ 0.0514 | Total 6.4954
Epoch 00116 | NCE 5.2560 | KOOP 0.0303 | τ 0.0513 | Total 5.2864
Epoch 00117 | NCE 5.0187 | KOOP 0.0295 | τ 0.0513 | Total 5.0482
Epoch 00118 | NCE 5.6827 | KOOP 0.0322 | τ 0.0512 | Total 5.7150
Epoch 00119 | NCE 5.5222 | KOOP 0.0324 | τ 0.0511 | Total 5.5546
Epoch 00120 | NCE 5.9163 | KOOP 0.0366 | τ 0.0511 | Total 5.9530
Epoch 00121 | NCE 5.1766 | KOOP 0.0322 | τ 0.0510 | Total 5.2089
Epoch 00122 | NCE 5.0679 | KOOP 0.0295 | τ 0.0509 | Total 5.0975
Epoch 00123 | NCE 4.6587 | KOOP 0.0308 | τ 0.0509 | Total 4.6896
Epoch 00124 | NCE 5.4802 | KOOP 0.0357 | τ 0.0508 | Total 5.5159
Epoch 00125 | NCE 5.4251 | KOOP 0.0308 | τ 0.0507 | Total 5.4560
Epoch 00126 | NCE 5.3037 | KOOP 0.0328 | τ 0.0507 | Total 5.3365
Epoch 00127 | NCE 5.3087 | KOOP 0.0325 | τ 0.0506 | Total 5.3413
Epoch 00128 | NCE 4.4235 | KOOP 0.0284 | τ 0.0506 | Total 4.4520
Epoch 00129 | NCE 5.1398 | KOOP 0.0351 | τ 0.0505 | Total 5.1750
Epoch 00130 | NCE 4.8411 | KOOP 0.0337 | τ 0.0504 | Total 4.8749
Epoch 00131 | NCE 5.2597 | KOOP 0.0340 | τ 0.0504 | Total 5.2938
Epoch 00132 | NCE 5.0647 | KOOP 0.0335 | τ 0.0503 | Total 5.0982
Epoch 00133 | NCE 5.5462 | KOOP 0.0349 | τ 0.0503 | Total 5.5812
Epoch 00134 | NCE 4.4344 | KOOP 0.0319 | τ 0.0502 | Total 4.4664
Epoch 00135 | NCE 5.1116 | KOOP 0.0330 | τ 0.0502 | Total 5.1446
Epoch 00136 | NCE 5.2228 | KOOP 0.0308 | τ 0.0501 | Total 5.2536
Epoch 00137 | NCE 4.3836 | KOOP 0.0316 | τ 0.0501 | Total 4.4153
Epoch 00138 | NCE 5.1124 | KOOP 0.0335 | τ 0.0501 | Total 5.1459
Epoch 00139 | NCE 4.9710 | KOOP 0.0296 | τ 0.0500 | Total 5.0006
Epoch 00140 | NCE 4.7072 | KOOP 0.0303 | τ 0.0500 | Total 4.7375
Epoch 00141 | NCE 4.9469 | KOOP 0.0319 | τ 0.0499 | Total 4.9789
Epoch 00142 | NCE 4.8218 | KOOP 0.0314 | τ 0.0499 | Total 4.8533
Epoch 00143 | NCE 4.4242 | KOOP 0.0311 | τ 0.0499 | Total 4.4554
Epoch 00144 | NCE 4.5803 | KOOP 0.0320 | τ 0.0498 | Total 4.6124
Epoch 00145 | NCE 4.6986 | KOOP 0.0317 | τ 0.0498 | Total 4.7304
Epoch 00146 | NCE 4.8418 | KOOP 0.0307 | τ 0.0498 | Total 4.8725
Epoch 00147 | NCE 4.5323 | KOOP 0.0331 | τ 0.0497 | Total 4.5654
Epoch 00148 | NCE 4.5530 | KOOP 0.0326 | τ 0.0497 | Total 4.5856
Epoch 00149 | NCE 4.8432 | KOOP 0.0352 | τ 0.0497 | Total 4.8785
Epoch 00150 | NCE 4.7199 | KOOP 0.0311 | τ 0.0496 | Total 4.7510
Epoch 00151 | NCE 4.2106 | KOOP 0.0295 | τ 0.0496 | Total 4.2402
Epoch 00152 | NCE 4.8462 | KOOP 0.0333 | τ 0.0496 | Total 4.8796
Epoch 00153 | NCE 4.4997 | KOOP 0.0311 | τ 0.0496 | Total 4.5308
Epoch 00154 | NCE 4.1694 | KOOP 0.0305 | τ 0.0495 | Total 4.1999
Epoch 00155 | NCE 4.0879 | KOOP 0.0296 | τ 0.0495 | Total 4.1175
Epoch 00156 | NCE 4.3346 | KOOP 0.0308 | τ 0.0495 | Total 4.3654
Epoch 00157 | NCE 3.8816 | KOOP 0.0279 | τ 0.0495 | Total 3.9096
Epoch 00158 | NCE 4.5780 | KOOP 0.0309 | τ 0.0495 | Total 4.6089
Epoch 00159 | NCE 4.2688 | KOOP 0.0310 | τ 0.0494 | Total 4.2999
Epoch 00160 | NCE 4.3901 | KOOP 0.0329 | τ 0.0494 | Total 4.4230
Epoch 00161 | NCE 4.4230 | KOOP 0.0310 | τ 0.0494 | Total 4.4540
Epoch 00162 | NCE 4.5899 | KOOP 0.0306 | τ 0.0494 | Total 4.6206
Epoch 00163 | NCE 4.3769 | KOOP 0.0337 | τ 0.0494 | Total 4.4107
Epoch 00164 | NCE 4.0819 | KOOP 0.0300 | τ 0.0494 | Total 4.1119
Epoch 00165 | NCE 4.3355 | KOOP 0.0298 | τ 0.0493 | Total 4.3653
Epoch 00166 | NCE 4.9312 | KOOP 0.0323 | τ 0.0493 | Total 4.9635
Epoch 00167 | NCE 4.5299 | KOOP 0.0340 | τ 0.0493 | Total 4.5640
Epoch 00168 | NCE 4.7664 | KOOP 0.0329 | τ 0.0493 | Total 4.7993
Epoch 00169 | NCE 4.4815 | KOOP 0.0303 | τ 0.0493 | Total 4.5119
Epoch 00170 | NCE 4.3737 | KOOP 0.0305 | τ 0.0493 | Total 4.4043
Epoch 00171 | NCE 4.0237 | KOOP 0.0294 | τ 0.0493 | Total 4.0531
Epoch 00172 | NCE 4.6004 | KOOP 0.0305 | τ 0.0493 | Total 4.6309
Epoch 00173 | NCE 4.8652 | KOOP 0.0317 | τ 0.0493 | Total 4.8970
Epoch 00174 | NCE 4.3639 | KOOP 0.0312 | τ 0.0492 | Total 4.3951
Epoch 00175 | NCE 4.2787 | KOOP 0.0306 | τ 0.0492 | Total 4.3093
Epoch 00176 | NCE 4.6717 | KOOP 0.0306 | τ 0.0492 | Total 4.7024
Epoch 00177 | NCE 4.8378 | KOOP 0.0337 | τ 0.0492 | Total 4.8716
Epoch 00178 | NCE 3.8128 | KOOP 0.0305 | τ 0.0492 | Total 3.8434
Epoch 00179 | NCE 4.6950 | KOOP 0.0325 | τ 0.0492 | Total 4.7275
Epoch 00180 | NCE 4.3395 | KOOP 0.0308 | τ 0.0492 | Total 4.3703
Epoch 00181 | NCE 5.3492 | KOOP 0.0344 | τ 0.0492 | Total 5.3837
Epoch 00182 | NCE 4.0343 | KOOP 0.0294 | τ 0.0492 | Total 4.0637
Epoch 00183 | NCE 4.0712 | KOOP 0.0320 | τ 0.0492 | Total 4.1033
Epoch 00184 | NCE 5.5933 | KOOP 0.0355 | τ 0.0492 | Total 5.6289
Epoch 00185 | NCE 3.6029 | KOOP 0.0292 | τ 0.0492 | Total 3.6323
Epoch 00186 | NCE 4.1083 | KOOP 0.0324 | τ 0.0492 | Total 4.1408
Epoch 00187 | NCE 3.4716 | KOOP 0.0280 | τ 0.0492 | Total 3.4997
Epoch 00188 | NCE 5.0307 | KOOP 0.0330 | τ 0.0492 | Total 5.0637
Epoch 00189 | NCE 4.8125 | KOOP 0.0336 | τ 0.0492 | Total 4.8462
Epoch 00190 | NCE 4.3740 | KOOP 0.0304 | τ 0.0492 | Total 4.4045
Epoch 00191 | NCE 4.7682 | KOOP 0.0324 | τ 0.0492 | Total 4.8007
Epoch 00192 | NCE 4.2630 | KOOP 0.0294 | τ 0.0492 | Total 4.2924
Epoch 00193 | NCE 4.5629 | KOOP 0.0322 | τ 0.0492 | Total 4.5951
Epoch 00194 | NCE 3.8072 | KOOP 0.0306 | τ 0.0492 | Total 3.8379
Epoch 00195 | NCE 4.7221 | KOOP 0.0304 | τ 0.0492 | Total 4.7525
Epoch 00196 | NCE 4.2558 | KOOP 0.0323 | τ 0.0492 | Total 4.2881
Epoch 00197 | NCE 4.7654 | KOOP 0.0316 | τ 0.0492 | Total 4.7971
Epoch 00198 | NCE 4.7396 | KOOP 0.0342 | τ 0.0492 | Total 4.7738
Epoch 00199 | NCE 3.6558 | KOOP 0.0287 | τ 0.0492 | Total 3.6845

AUC (S1+S2+S3 combined): 0.6421
  S1 temporal: 0.5015 | S2 Koopman: 0.5078 | S3 nbr-dev: 0.6882
