/nas/home/jahin/.local/lib/python3.10/site-packages/requests/__init__.py:113: RequestsDependencyWarning: urllib3 (1.26.5) or chardet (7.2.0)/charset_normalizer (3.4.4) doesn't match a supported version!
  warnings.warn(
[ablate] mode=fixed_tau seed=13 dataset=reddit task=classification
[KAIROS] Using device: cuda:0 (NVIDIA RTX A5000)
[KAIROS] Classification task → λ_koop overridden to 0.0
[KAIROS] Large graph (898194 nodes) → mini-batch sampler fanout=[20, 20]

[KAIROS] Backbone: gcn
Training 200 epochs | 4 views | λ_koop=0.0 | PPR α=0.15

/nas/home/jahin/.local/lib/python3.10/site-packages/dgl/dataloading/dataloader.py:1144: DGLWarning: Dataloader CPU affinity opt is not enabled, consider switching it on (see enable_cpu_affinity() or CPU best practices for DGL [https://docs.dgl.ai/tutorials/cpu/cpu_best_practises.html])
  dgl_warning(
Epoch 00000 | NCE 73.7281 | KOOP 0.0000 | τ 0.5000 | Total 73.7281
Epoch 00001 | NCE 73.4069 | KOOP 0.0000 | τ 0.5000 | Total 73.4069
Epoch 00002 | NCE 71.0848 | KOOP 0.0000 | τ 0.5000 | Total 71.0848
Epoch 00003 | NCE 70.7121 | KOOP 0.0000 | τ 0.5000 | Total 70.7121
Epoch 00004 | NCE 69.3006 | KOOP 0.0000 | τ 0.5000 | Total 69.3006
Epoch 00005 | NCE 70.0211 | KOOP 0.0000 | τ 0.5000 | Total 70.0211
Epoch 00006 | NCE 69.2658 | KOOP 0.0000 | τ 0.5000 | Total 69.2658
Epoch 00007 | NCE 68.7875 | KOOP 0.0000 | τ 0.5000 | Total 68.7875
Epoch 00008 | NCE 67.4563 | KOOP 0.0000 | τ 0.5000 | Total 67.4563
Epoch 00009 | NCE 67.3936 | KOOP 0.0000 | τ 0.5000 | Total 67.3936
Epoch 00010 | NCE 67.5863 | KOOP 0.0000 | τ 0.5000 | Total 67.5863
Epoch 00011 | NCE 66.5755 | KOOP 0.0000 | τ 0.5000 | Total 66.5755
Epoch 00012 | NCE 67.4554 | KOOP 0.0000 | τ 0.5000 | Total 67.4554
Epoch 00013 | NCE 66.0488 | KOOP 0.0000 | τ 0.5000 | Total 66.0488
Epoch 00014 | NCE 64.6912 | KOOP 0.0000 | τ 0.5000 | Total 64.6912
Epoch 00015 | NCE 65.6902 | KOOP 0.0000 | τ 0.5000 | Total 65.6902
Epoch 00016 | NCE 64.4389 | KOOP 0.0000 | τ 0.5000 | Total 64.4389
Epoch 00017 | NCE 64.9699 | KOOP 0.0000 | τ 0.5000 | Total 64.9699
Epoch 00018 | NCE 64.9897 | KOOP 0.0000 | τ 0.5000 | Total 64.9897
Epoch 00019 | NCE 64.9389 | KOOP 0.0000 | τ 0.5000 | Total 64.9389
Epoch 00020 | NCE 64.0660 | KOOP 0.0000 | τ 0.5000 | Total 64.0660
Epoch 00021 | NCE 63.5835 | KOOP 0.0000 | τ 0.5000 | Total 63.5835
Epoch 00022 | NCE 63.7187 | KOOP 0.0000 | τ 0.5000 | Total 63.7187
Epoch 00023 | NCE 64.1521 | KOOP 0.0000 | τ 0.5000 | Total 64.1521
Epoch 00024 | NCE 64.4783 | KOOP 0.0000 | τ 0.5000 | Total 64.4783
Epoch 00025 | NCE 64.5866 | KOOP 0.0000 | τ 0.5000 | Total 64.5866
Epoch 00026 | NCE 62.5542 | KOOP 0.0000 | τ 0.5000 | Total 62.5542
Epoch 00027 | NCE 63.6823 | KOOP 0.0000 | τ 0.5000 | Total 63.6823
Epoch 00028 | NCE 62.7799 | KOOP 0.0000 | τ 0.5000 | Total 62.7799
Epoch 00029 | NCE 61.9198 | KOOP 0.0000 | τ 0.5000 | Total 61.9198
Epoch 00030 | NCE 61.5258 | KOOP 0.0000 | τ 0.5000 | Total 61.5258
Epoch 00031 | NCE 62.3318 | KOOP 0.0000 | τ 0.5000 | Total 62.3318
Epoch 00032 | NCE 62.9196 | KOOP 0.0000 | τ 0.5000 | Total 62.9196
Epoch 00033 | NCE 62.4955 | KOOP 0.0000 | τ 0.5000 | Total 62.4955
Epoch 00034 | NCE 61.8838 | KOOP 0.0000 | τ 0.5000 | Total 61.8838
Epoch 00035 | NCE 62.5582 | KOOP 0.0000 | τ 0.5000 | Total 62.5582
Epoch 00036 | NCE 62.5476 | KOOP 0.0000 | τ 0.5000 | Total 62.5476
Epoch 00037 | NCE 61.4775 | KOOP 0.0000 | τ 0.5000 | Total 61.4775
Epoch 00038 | NCE 63.2890 | KOOP 0.0000 | τ 0.5000 | Total 63.2890
Epoch 00039 | NCE 62.2907 | KOOP 0.0000 | τ 0.5000 | Total 62.2907
Epoch 00040 | NCE 62.5222 | KOOP 0.0000 | τ 0.5000 | Total 62.5222
Epoch 00041 | NCE 62.0452 | KOOP 0.0000 | τ 0.5000 | Total 62.0452
Epoch 00042 | NCE 61.7368 | KOOP 0.0000 | τ 0.5000 | Total 61.7368
Epoch 00043 | NCE 60.7029 | KOOP 0.0000 | τ 0.5000 | Total 60.7029
Epoch 00044 | NCE 62.0602 | KOOP 0.0000 | τ 0.5000 | Total 62.0602
Epoch 00045 | NCE 62.3875 | KOOP 0.0000 | τ 0.5000 | Total 62.3875
Epoch 00046 | NCE 62.1791 | KOOP 0.0000 | τ 0.5000 | Total 62.1791
Epoch 00047 | NCE 62.5480 | KOOP 0.0000 | τ 0.5000 | Total 62.5480
Epoch 00048 | NCE 62.6241 | KOOP 0.0000 | τ 0.5000 | Total 62.6241
Epoch 00049 | NCE 61.8019 | KOOP 0.0000 | τ 0.5000 | Total 61.8019
Epoch 00050 | NCE 61.0038 | KOOP 0.0000 | τ 0.5000 | Total 61.0038
Epoch 00051 | NCE 61.3225 | KOOP 0.0000 | τ 0.5000 | Total 61.3225
Epoch 00052 | NCE 62.6945 | KOOP 0.0000 | τ 0.5000 | Total 62.6945
Epoch 00053 | NCE 62.1833 | KOOP 0.0000 | τ 0.5000 | Total 62.1833
Epoch 00054 | NCE 60.5173 | KOOP 0.0000 | τ 0.5000 | Total 60.5173
Epoch 00055 | NCE 62.1736 | KOOP 0.0000 | τ 0.5000 | Total 62.1736
Epoch 00056 | NCE 61.0282 | KOOP 0.0000 | τ 0.5000 | Total 61.0282
Epoch 00057 | NCE 60.6713 | KOOP 0.0000 | τ 0.5000 | Total 60.6713
Epoch 00058 | NCE 61.4920 | KOOP 0.0000 | τ 0.5000 | Total 61.4920
Epoch 00059 | NCE 62.0816 | KOOP 0.0000 | τ 0.5000 | Total 62.0816
Epoch 00060 | NCE 62.3532 | KOOP 0.0000 | τ 0.5000 | Total 62.3532
Epoch 00061 | NCE 61.6834 | KOOP 0.0000 | τ 0.5000 | Total 61.6834
Epoch 00062 | NCE 61.4715 | KOOP 0.0000 | τ 0.5000 | Total 61.4715
Epoch 00063 | NCE 62.1703 | KOOP 0.0000 | τ 0.5000 | Total 62.1703
Epoch 00064 | NCE 60.4980 | KOOP 0.0000 | τ 0.5000 | Total 60.4980
Epoch 00065 | NCE 62.4023 | KOOP 0.0000 | τ 0.5000 | Total 62.4023
Epoch 00066 | NCE 61.1354 | KOOP 0.0000 | τ 0.5000 | Total 61.1354
Epoch 00067 | NCE 61.6930 | KOOP 0.0000 | τ 0.5000 | Total 61.6930
Epoch 00068 | NCE 61.4297 | KOOP 0.0000 | τ 0.5000 | Total 61.4297
Epoch 00069 | NCE 59.8519 | KOOP 0.0000 | τ 0.5000 | Total 59.8519
Epoch 00070 | NCE 61.2009 | KOOP 0.0000 | τ 0.5000 | Total 61.2009
Epoch 00071 | NCE 61.9524 | KOOP 0.0000 | τ 0.5000 | Total 61.9524
Epoch 00072 | NCE 60.8605 | KOOP 0.0000 | τ 0.5000 | Total 60.8605
Epoch 00073 | NCE 61.9864 | KOOP 0.0000 | τ 0.5000 | Total 61.9864
Epoch 00074 | NCE 61.8711 | KOOP 0.0000 | τ 0.5000 | Total 61.8711
Epoch 00075 | NCE 60.7479 | KOOP 0.0000 | τ 0.5000 | Total 60.7479
Epoch 00076 | NCE 61.8162 | KOOP 0.0000 | τ 0.5000 | Total 61.8162
Epoch 00077 | NCE 60.9022 | KOOP 0.0000 | τ 0.5000 | Total 60.9022
Epoch 00078 | NCE 61.4421 | KOOP 0.0000 | τ 0.5000 | Total 61.4421
Epoch 00079 | NCE 60.9018 | KOOP 0.0000 | τ 0.5000 | Total 60.9018
Epoch 00080 | NCE 59.9608 | KOOP 0.0000 | τ 0.5000 | Total 59.9608
Epoch 00081 | NCE 61.2312 | KOOP 0.0000 | τ 0.5000 | Total 61.2312
Epoch 00082 | NCE 61.7065 | KOOP 0.0000 | τ 0.5000 | Total 61.7065
Epoch 00083 | NCE 59.3879 | KOOP 0.0000 | τ 0.5000 | Total 59.3879
Epoch 00084 | NCE 62.0820 | KOOP 0.0000 | τ 0.5000 | Total 62.0820
Epoch 00085 | NCE 60.9843 | KOOP 0.0000 | τ 0.5000 | Total 60.9843
Epoch 00086 | NCE 60.5007 | KOOP 0.0000 | τ 0.5000 | Total 60.5007
Epoch 00087 | NCE 60.9358 | KOOP 0.0000 | τ 0.5000 | Total 60.9358
Epoch 00088 | NCE 60.0182 | KOOP 0.0000 | τ 0.5000 | Total 60.0182
Epoch 00089 | NCE 59.3638 | KOOP 0.0000 | τ 0.5000 | Total 59.3638
Epoch 00090 | NCE 60.8254 | KOOP 0.0000 | τ 0.5000 | Total 60.8254
Epoch 00091 | NCE 61.2633 | KOOP 0.0000 | τ 0.5000 | Total 61.2633
Epoch 00092 | NCE 60.7692 | KOOP 0.0000 | τ 0.5000 | Total 60.7692
Epoch 00093 | NCE 60.8990 | KOOP 0.0000 | τ 0.5000 | Total 60.8990
Epoch 00094 | NCE 61.5866 | KOOP 0.0000 | τ 0.5000 | Total 61.5866
Epoch 00095 | NCE 61.9109 | KOOP 0.0000 | τ 0.5000 | Total 61.9109
Epoch 00096 | NCE 61.7676 | KOOP 0.0000 | τ 0.5000 | Total 61.7676
Epoch 00097 | NCE 61.4038 | KOOP 0.0000 | τ 0.5000 | Total 61.4038
Epoch 00098 | NCE 61.2899 | KOOP 0.0000 | τ 0.5000 | Total 61.2899
Epoch 00099 | NCE 61.8073 | KOOP 0.0000 | τ 0.5000 | Total 61.8073
Epoch 00100 | NCE 60.7901 | KOOP 0.0000 | τ 0.5000 | Total 60.7901
Epoch 00101 | NCE 60.4588 | KOOP 0.0000 | τ 0.5000 | Total 60.4588
Epoch 00102 | NCE 60.8760 | KOOP 0.0000 | τ 0.5000 | Total 60.8760
Epoch 00103 | NCE 61.2447 | KOOP 0.0000 | τ 0.5000 | Total 61.2447
Epoch 00104 | NCE 61.5270 | KOOP 0.0000 | τ 0.5000 | Total 61.5270
Epoch 00105 | NCE 60.8440 | KOOP 0.0000 | τ 0.5000 | Total 60.8440
Epoch 00106 | NCE 59.4976 | KOOP 0.0000 | τ 0.5000 | Total 59.4976
Epoch 00107 | NCE 60.8556 | KOOP 0.0000 | τ 0.5000 | Total 60.8556
Epoch 00108 | NCE 61.0470 | KOOP 0.0000 | τ 0.5000 | Total 61.0470
Epoch 00109 | NCE 60.9214 | KOOP 0.0000 | τ 0.5000 | Total 60.9214
Epoch 00110 | NCE 60.7272 | KOOP 0.0000 | τ 0.5000 | Total 60.7272
Epoch 00111 | NCE 60.8330 | KOOP 0.0000 | τ 0.5000 | Total 60.8330
Epoch 00112 | NCE 60.9555 | KOOP 0.0000 | τ 0.5000 | Total 60.9555
Epoch 00113 | NCE 61.4878 | KOOP 0.0000 | τ 0.5000 | Total 61.4878
Epoch 00114 | NCE 60.8815 | KOOP 0.0000 | τ 0.5000 | Total 60.8815
Epoch 00115 | NCE 60.2625 | KOOP 0.0000 | τ 0.5000 | Total 60.2625
Epoch 00116 | NCE 61.1763 | KOOP 0.0000 | τ 0.5000 | Total 61.1763
Epoch 00117 | NCE 61.4209 | KOOP 0.0000 | τ 0.5000 | Total 61.4209
Epoch 00118 | NCE 60.9618 | KOOP 0.0000 | τ 0.5000 | Total 60.9618
Epoch 00119 | NCE 60.9389 | KOOP 0.0000 | τ 0.5000 | Total 60.9389
Epoch 00120 | NCE 60.5277 | KOOP 0.0000 | τ 0.5000 | Total 60.5277
Epoch 00121 | NCE 59.3806 | KOOP 0.0000 | τ 0.5000 | Total 59.3806
Epoch 00122 | NCE 60.2909 | KOOP 0.0000 | τ 0.5000 | Total 60.2909
Epoch 00123 | NCE 61.0239 | KOOP 0.0000 | τ 0.5000 | Total 61.0239
Epoch 00124 | NCE 59.4841 | KOOP 0.0000 | τ 0.5000 | Total 59.4841
Epoch 00125 | NCE 61.3211 | KOOP 0.0000 | τ 0.5000 | Total 61.3211
Epoch 00126 | NCE 59.9574 | KOOP 0.0000 | τ 0.5000 | Total 59.9574
Epoch 00127 | NCE 61.2244 | KOOP 0.0000 | τ 0.5000 | Total 61.2244
Epoch 00128 | NCE 60.2057 | KOOP 0.0000 | τ 0.5000 | Total 60.2057
Epoch 00129 | NCE 61.3391 | KOOP 0.0000 | τ 0.5000 | Total 61.3391
Epoch 00130 | NCE 60.2427 | KOOP 0.0000 | τ 0.5000 | Total 60.2427
Epoch 00131 | NCE 60.5003 | KOOP 0.0000 | τ 0.5000 | Total 60.5003
Epoch 00132 | NCE 60.2415 | KOOP 0.0000 | τ 0.5000 | Total 60.2415
Epoch 00133 | NCE 61.1220 | KOOP 0.0000 | τ 0.5000 | Total 61.1220
Epoch 00134 | NCE 60.1286 | KOOP 0.0000 | τ 0.5000 | Total 60.1286
Epoch 00135 | NCE 61.5261 | KOOP 0.0000 | τ 0.5000 | Total 61.5261
Epoch 00136 | NCE 60.8630 | KOOP 0.0000 | τ 0.5000 | Total 60.8630
Epoch 00137 | NCE 60.6845 | KOOP 0.0000 | τ 0.5000 | Total 60.6845
Epoch 00138 | NCE 61.1932 | KOOP 0.0000 | τ 0.5000 | Total 61.1932
Epoch 00139 | NCE 59.8720 | KOOP 0.0000 | τ 0.5000 | Total 59.8720
Epoch 00140 | NCE 60.4547 | KOOP 0.0000 | τ 0.5000 | Total 60.4547
Epoch 00141 | NCE 59.3686 | KOOP 0.0000 | τ 0.5000 | Total 59.3686
Epoch 00142 | NCE 60.4545 | KOOP 0.0000 | τ 0.5000 | Total 60.4545
Epoch 00143 | NCE 61.6510 | KOOP 0.0000 | τ 0.5000 | Total 61.6510
Epoch 00144 | NCE 60.9786 | KOOP 0.0000 | τ 0.5000 | Total 60.9786
Epoch 00145 | NCE 59.6058 | KOOP 0.0000 | τ 0.5000 | Total 59.6058
Epoch 00146 | NCE 60.6912 | KOOP 0.0000 | τ 0.5000 | Total 60.6912
Epoch 00147 | NCE 59.9611 | KOOP 0.0000 | τ 0.5000 | Total 59.9611
Epoch 00148 | NCE 60.3973 | KOOP 0.0000 | τ 0.5000 | Total 60.3973
Epoch 00149 | NCE 60.0920 | KOOP 0.0000 | τ 0.5000 | Total 60.0920
Epoch 00150 | NCE 61.3101 | KOOP 0.0000 | τ 0.5000 | Total 61.3101
Epoch 00151 | NCE 61.0266 | KOOP 0.0000 | τ 0.5000 | Total 61.0266
Epoch 00152 | NCE 61.5704 | KOOP 0.0000 | τ 0.5000 | Total 61.5704
Epoch 00153 | NCE 60.7222 | KOOP 0.0000 | τ 0.5000 | Total 60.7222
Epoch 00154 | NCE 61.9316 | KOOP 0.0000 | τ 0.5000 | Total 61.9316
Epoch 00155 | NCE 61.1019 | KOOP 0.0000 | τ 0.5000 | Total 61.1019
Epoch 00156 | NCE 60.4748 | KOOP 0.0000 | τ 0.5000 | Total 60.4748
Epoch 00157 | NCE 60.4392 | KOOP 0.0000 | τ 0.5000 | Total 60.4392
Epoch 00158 | NCE 59.0861 | KOOP 0.0000 | τ 0.5000 | Total 59.0861
Epoch 00159 | NCE 60.5101 | KOOP 0.0000 | τ 0.5000 | Total 60.5101
Epoch 00160 | NCE 59.8875 | KOOP 0.0000 | τ 0.5000 | Total 59.8875
Epoch 00161 | NCE 60.8007 | KOOP 0.0000 | τ 0.5000 | Total 60.8007
Epoch 00162 | NCE 60.2322 | KOOP 0.0000 | τ 0.5000 | Total 60.2322
Epoch 00163 | NCE 60.3817 | KOOP 0.0000 | τ 0.5000 | Total 60.3817
Epoch 00164 | NCE 61.2615 | KOOP 0.0000 | τ 0.5000 | Total 61.2615
Epoch 00165 | NCE 60.5312 | KOOP 0.0000 | τ 0.5000 | Total 60.5312
Epoch 00166 | NCE 60.6578 | KOOP 0.0000 | τ 0.5000 | Total 60.6578
Epoch 00167 | NCE 60.3388 | KOOP 0.0000 | τ 0.5000 | Total 60.3388
Epoch 00168 | NCE 60.5043 | KOOP 0.0000 | τ 0.5000 | Total 60.5043
Epoch 00169 | NCE 60.4017 | KOOP 0.0000 | τ 0.5000 | Total 60.4017
Epoch 00170 | NCE 59.9418 | KOOP 0.0000 | τ 0.5000 | Total 59.9418
Epoch 00171 | NCE 60.6912 | KOOP 0.0000 | τ 0.5000 | Total 60.6912
Epoch 00172 | NCE 60.9305 | KOOP 0.0000 | τ 0.5000 | Total 60.9305
Epoch 00173 | NCE 60.0290 | KOOP 0.0000 | τ 0.5000 | Total 60.0290
Epoch 00174 | NCE 60.4619 | KOOP 0.0000 | τ 0.5000 | Total 60.4619
Epoch 00175 | NCE 61.3471 | KOOP 0.0000 | τ 0.5000 | Total 61.3471
Epoch 00176 | NCE 59.6434 | KOOP 0.0000 | τ 0.5000 | Total 59.6434
Epoch 00177 | NCE 60.8973 | KOOP 0.0000 | τ 0.5000 | Total 60.8973
Epoch 00178 | NCE 60.1378 | KOOP 0.0000 | τ 0.5000 | Total 60.1378
Epoch 00179 | NCE 60.7774 | KOOP 0.0000 | τ 0.5000 | Total 60.7774
Epoch 00180 | NCE 59.6504 | KOOP 0.0000 | τ 0.5000 | Total 59.6504
Epoch 00181 | NCE 61.3999 | KOOP 0.0000 | τ 0.5000 | Total 61.3999
Epoch 00182 | NCE 60.5339 | KOOP 0.0000 | τ 0.5000 | Total 60.5339
Epoch 00183 | NCE 60.7702 | KOOP 0.0000 | τ 0.5000 | Total 60.7702
Epoch 00184 | NCE 60.7722 | KOOP 0.0000 | τ 0.5000 | Total 60.7722
Epoch 00185 | NCE 60.8814 | KOOP 0.0000 | τ 0.5000 | Total 60.8814
Epoch 00186 | NCE 61.1011 | KOOP 0.0000 | τ 0.5000 | Total 61.1011
Epoch 00187 | NCE 60.1865 | KOOP 0.0000 | τ 0.5000 | Total 60.1865
Epoch 00188 | NCE 61.0284 | KOOP 0.0000 | τ 0.5000 | Total 61.0284
Epoch 00189 | NCE 60.5715 | KOOP 0.0000 | τ 0.5000 | Total 60.5715
Epoch 00190 | NCE 61.4001 | KOOP 0.0000 | τ 0.5000 | Total 61.4001
Epoch 00191 | NCE 60.3372 | KOOP 0.0000 | τ 0.5000 | Total 60.3372
Epoch 00192 | NCE 60.8085 | KOOP 0.0000 | τ 0.5000 | Total 60.8085
Epoch 00193 | NCE 60.0927 | KOOP 0.0000 | τ 0.5000 | Total 60.0927
Epoch 00194 | NCE 60.7627 | KOOP 0.0000 | τ 0.5000 | Total 60.7627
Epoch 00195 | NCE 61.8073 | KOOP 0.0000 | τ 0.5000 | Total 61.8073
Epoch 00196 | NCE 60.3122 | KOOP 0.0000 | τ 0.5000 | Total 60.3122
Epoch 00197 | NCE 60.6770 | KOOP 0.0000 | τ 0.5000 | Total 60.6770
Epoch 00198 | NCE 60.5764 | KOOP 0.0000 | τ 0.5000 | Total 60.5764
Epoch 00199 | NCE 60.1889 | KOOP 0.0000 | τ 0.5000 | Total 60.1889
  LinEval    0 | train 0.6883 | val 0.1992 | micro 0.1992 | wei 0.0978
  LinEval  500 | train 0.7154 | val 0.7038 | micro 0.7032 | wei 0.6021
  LinEval 1000 | train 0.7204 | val 0.6996 | micro 0.7013 | wei 0.6084
  LinEval 1500 | train 0.7247 | val 0.6962 | micro 0.6991 | wei 0.6089
  LinEval 1999 | train 0.7272 | val 0.6970 | micro 0.6982 | wei 0.6110
  LinEval    0 | train 0.1807 | val 0.3814 | micro 0.3658 | wei 0.3717
  LinEval  500 | train 0.7103 | val 0.7063 | micro 0.7028 | wei 0.6004
  LinEval 1000 | train 0.7171 | val 0.6979 | micro 0.7021 | wei 0.6066
  LinEval 1500 | train 0.7230 | val 0.6979 | micro 0.7001 | wei 0.6085
  LinEval 1999 | train 0.7247 | val 0.6954 | micro 0.6995 | wei 0.6114
  LinEval    0 | train 0.1976 | val 0.6895 | micro 0.6895 | wei 0.5659
  LinEval  500 | train 0.7002 | val 0.7004 | micro 0.7001 | wei 0.5935
  LinEval 1000 | train 0.7145 | val 0.7038 | micro 0.7041 | wei 0.6067
  LinEval 1500 | train 0.7196 | val 0.6987 | micro 0.7013 | wei 0.6072
  LinEval 1999 | train 0.7247 | val 0.6996 | micro 0.7012 | wei 0.6125
  LinEval    0 | train 0.6867 | val 0.6895 | micro 0.6896 | wei 0.5629
  LinEval  500 | train 0.7145 | val 0.7004 | micro 0.7033 | wei 0.6043
  LinEval 1000 | train 0.7238 | val 0.6937 | micro 0.7011 | wei 0.6083
  LinEval 1500 | train 0.7255 | val 0.6945 | micro 0.6993 | wei 0.6105
  LinEval 1999 | train 0.7306 | val 0.6962 | micro 0.6991 | wei 0.6130
  LinEval    0 | train 0.3649 | val 0.6152 | micro 0.6233 | wei 0.5544
  LinEval  500 | train 0.7095 | val 0.7004 | micro 0.7026 | wei 0.6008
  LinEval 1000 | train 0.7179 | val 0.6987 | micro 0.7020 | wei 0.6064
  LinEval 1500 | train 0.7230 | val 0.6996 | micro 0.7009 | wei 0.6110
  LinEval 1999 | train 0.7272 | val 0.6979 | micro 0.7004 | wei 0.6127

Linear evaluation  Acc: 0.7031  Wei-F1: 0.6015
[ablate-result] ablation=fixed_tau seed=13 dataset=reddit task=classification result={'accuracy': 0.7030801177024841, 'weighted_f1': 0.6014744639396667}
