/nas/home/jahin/.local/lib/python3.10/site-packages/requests/__init__.py:113: RequestsDependencyWarning: urllib3 (1.26.5) or chardet (7.2.0)/charset_normalizer (3.4.4) doesn't match a supported version!
  warnings.warn(
/nas/home/jahin/.local/lib/python3.10/site-packages/outdated/__init__.py:36: UserWarning: pkg_resources is deprecated as an API. See https://setuptools.pypa.io/en/latest/pkg_resources.html. The pkg_resources package is slated for removal as early as 2025-11-30. Refrain from using this package or pin to Setuptools<81.
  from pkg_resources import parse_version
[ablate] mode=fixed_tau seed=7 dataset=reddit task=anomaly_detection
[KAIROS] Using device: cuda:0 (NVIDIA RTX A5000)
Constructing structural anomaly nodes...
Done. 3000 structural nodes (45000 edges)

Constructing attribute anomaly nodes...
Done. 3000 attribute anomaly nodes

[KAIROS] Large graph (898194 nodes) → mini-batch sampler fanout=[20, 20]

[KAIROS] Backbone: gat
Training 200 epochs | 4 views | λ_koop=1.0 | PPR α=0.15

/nas/home/jahin/.local/lib/python3.10/site-packages/dgl/dataloading/dataloader.py:1144: DGLWarning: Dataloader CPU affinity opt is not enabled, consider switching it on (see enable_cpu_affinity() or CPU best practices for DGL [https://docs.dgl.ai/tutorials/cpu/cpu_best_practises.html])
  dgl_warning(
Epoch 00000 | NCE 78.6396 | KOOP 0.1412 | τ 0.5000 | Total 78.7808
Epoch 00001 | NCE 76.5858 | KOOP 0.1378 | τ 0.5000 | Total 76.7236
Epoch 00002 | NCE 74.9703 | KOOP 0.0864 | τ 0.5000 | Total 75.0567
Epoch 00003 | NCE 74.6166 | KOOP 0.0966 | τ 0.5000 | Total 74.7132
Epoch 00004 | NCE 73.0666 | KOOP 0.0886 | τ 0.5000 | Total 73.1552
Epoch 00005 | NCE 72.4715 | KOOP 0.0831 | τ 0.5000 | Total 72.5546
Epoch 00006 | NCE 71.8978 | KOOP 0.0800 | τ 0.5000 | Total 71.9778
Epoch 00007 | NCE 71.8594 | KOOP 0.0856 | τ 0.5000 | Total 71.9450
Epoch 00008 | NCE 70.9949 | KOOP 0.0794 | τ 0.5000 | Total 71.0743
Epoch 00009 | NCE 70.6683 | KOOP 0.0707 | τ 0.5000 | Total 70.7391
Epoch 00010 | NCE 69.9214 | KOOP 0.0721 | τ 0.5000 | Total 69.9935
Epoch 00011 | NCE 69.5057 | KOOP 0.0722 | τ 0.5000 | Total 69.5779
Epoch 00012 | NCE 69.1790 | KOOP 0.0677 | τ 0.5000 | Total 69.2467
Epoch 00013 | NCE 68.5409 | KOOP 0.0624 | τ 0.5000 | Total 68.6033
Epoch 00014 | NCE 67.6233 | KOOP 0.0647 | τ 0.5000 | Total 67.6880
Epoch 00015 | NCE 67.1685 | KOOP 0.0514 | τ 0.5000 | Total 67.2200
Epoch 00016 | NCE 67.1816 | KOOP 0.0546 | τ 0.5000 | Total 67.2362
Epoch 00017 | NCE 66.9359 | KOOP 0.0506 | τ 0.5000 | Total 66.9866
Epoch 00018 | NCE 66.5728 | KOOP 0.0693 | τ 0.5000 | Total 66.6422
Epoch 00019 | NCE 66.1329 | KOOP 0.0500 | τ 0.5000 | Total 66.1829
Epoch 00020 | NCE 66.7549 | KOOP 0.0589 | τ 0.5000 | Total 66.8139
Epoch 00021 | NCE 66.0414 | KOOP 0.0527 | τ 0.5000 | Total 66.0941
Epoch 00022 | NCE 65.6074 | KOOP 0.0542 | τ 0.5000 | Total 65.6616
Epoch 00023 | NCE 65.6793 | KOOP 0.0531 | τ 0.5000 | Total 65.7324
Epoch 00024 | NCE 65.5309 | KOOP 0.0510 | τ 0.5000 | Total 65.5819
Epoch 00025 | NCE 65.0972 | KOOP 0.0443 | τ 0.5000 | Total 65.1416
Epoch 00026 | NCE 64.5775 | KOOP 0.0458 | τ 0.5000 | Total 64.6233
Epoch 00027 | NCE 64.7421 | KOOP 0.0452 | τ 0.5000 | Total 64.7873
Epoch 00028 | NCE 65.0525 | KOOP 0.0594 | τ 0.5000 | Total 65.1118
Epoch 00029 | NCE 64.5498 | KOOP 0.0512 | τ 0.5000 | Total 64.6010
Epoch 00030 | NCE 65.3552 | KOOP 0.0486 | τ 0.5000 | Total 65.4038
Epoch 00031 | NCE 64.7143 | KOOP 0.0478 | τ 0.5000 | Total 64.7622
Epoch 00032 | NCE 64.0574 | KOOP 0.0418 | τ 0.5000 | Total 64.0993
Epoch 00033 | NCE 64.0302 | KOOP 0.0401 | τ 0.5000 | Total 64.0702
Epoch 00034 | NCE 63.4393 | KOOP 0.0365 | τ 0.5000 | Total 63.4758
Epoch 00035 | NCE 63.9249 | KOOP 0.0428 | τ 0.5000 | Total 63.9676
Epoch 00036 | NCE 63.8083 | KOOP 0.0339 | τ 0.5000 | Total 63.8422
Epoch 00037 | NCE 63.5896 | KOOP 0.0345 | τ 0.5000 | Total 63.6242
Epoch 00038 | NCE 62.8647 | KOOP 0.0268 | τ 0.5000 | Total 62.8915
Epoch 00039 | NCE 63.8125 | KOOP 0.0417 | τ 0.5000 | Total 63.8542
Epoch 00040 | NCE 63.7036 | KOOP 0.0361 | τ 0.5000 | Total 63.7396
Epoch 00041 | NCE 63.5264 | KOOP 0.0342 | τ 0.5000 | Total 63.5606
Epoch 00042 | NCE 63.6272 | KOOP 0.0383 | τ 0.5000 | Total 63.6655
Epoch 00043 | NCE 63.2719 | KOOP 0.0338 | τ 0.5000 | Total 63.3058
Epoch 00044 | NCE 62.5663 | KOOP 0.0254 | τ 0.5000 | Total 62.5918
Epoch 00045 | NCE 63.5403 | KOOP 0.0386 | τ 0.5000 | Total 63.5789
Epoch 00046 | NCE 63.5459 | KOOP 0.0432 | τ 0.5000 | Total 63.5892
Epoch 00047 | NCE 63.0700 | KOOP 0.0331 | τ 0.5000 | Total 63.1031
Epoch 00048 | NCE 63.2992 | KOOP 0.0348 | τ 0.5000 | Total 63.3340
Epoch 00049 | NCE 63.0042 | KOOP 0.0345 | τ 0.5000 | Total 63.0387
Epoch 00050 | NCE 63.1743 | KOOP 0.0310 | τ 0.5000 | Total 63.2054
Epoch 00051 | NCE 63.4499 | KOOP 0.0436 | τ 0.5000 | Total 63.4936
Epoch 00052 | NCE 63.5050 | KOOP 0.0379 | τ 0.5000 | Total 63.5429
Epoch 00053 | NCE 63.3984 | KOOP 0.0382 | τ 0.5000 | Total 63.4366
Epoch 00054 | NCE 63.0518 | KOOP 0.0375 | τ 0.5000 | Total 63.0894
Epoch 00055 | NCE 63.3037 | KOOP 0.0362 | τ 0.5000 | Total 63.3399
Epoch 00056 | NCE 63.2658 | KOOP 0.0342 | τ 0.5000 | Total 63.3000
Epoch 00057 | NCE 63.1593 | KOOP 0.0337 | τ 0.5000 | Total 63.1930
Epoch 00058 | NCE 62.8569 | KOOP 0.0288 | τ 0.5000 | Total 62.8857
Epoch 00059 | NCE 62.8394 | KOOP 0.0322 | τ 0.5000 | Total 62.8716
Epoch 00060 | NCE 62.8634 | KOOP 0.0339 | τ 0.5000 | Total 62.8973
Epoch 00061 | NCE 62.6688 | KOOP 0.0288 | τ 0.5000 | Total 62.6977
Epoch 00062 | NCE 62.7187 | KOOP 0.0320 | τ 0.5000 | Total 62.7508
Epoch 00063 | NCE 62.8416 | KOOP 0.0356 | τ 0.5000 | Total 62.8772
Epoch 00064 | NCE 63.1492 | KOOP 0.0317 | τ 0.5000 | Total 63.1810
Epoch 00065 | NCE 62.8640 | KOOP 0.0299 | τ 0.5000 | Total 62.8940
Epoch 00066 | NCE 62.7286 | KOOP 0.0334 | τ 0.5000 | Total 62.7620
Epoch 00067 | NCE 62.3534 | KOOP 0.0290 | τ 0.5000 | Total 62.3824
Epoch 00068 | NCE 62.8679 | KOOP 0.0328 | τ 0.5000 | Total 62.9008
Epoch 00069 | NCE 62.6438 | KOOP 0.0305 | τ 0.5000 | Total 62.6743
Epoch 00070 | NCE 61.9445 | KOOP 0.0283 | τ 0.5000 | Total 61.9728
Epoch 00071 | NCE 62.6235 | KOOP 0.0308 | τ 0.5000 | Total 62.6543
Epoch 00072 | NCE 62.6418 | KOOP 0.0308 | τ 0.5000 | Total 62.6727
Epoch 00073 | NCE 62.2752 | KOOP 0.0284 | τ 0.5000 | Total 62.3036
Epoch 00074 | NCE 62.5122 | KOOP 0.0269 | τ 0.5000 | Total 62.5392
Epoch 00075 | NCE 61.9055 | KOOP 0.0232 | τ 0.5000 | Total 61.9287
Epoch 00076 | NCE 62.0620 | KOOP 0.0242 | τ 0.5000 | Total 62.0862
Epoch 00077 | NCE 62.2949 | KOOP 0.0284 | τ 0.5000 | Total 62.3234
Epoch 00078 | NCE 62.7018 | KOOP 0.0330 | τ 0.5000 | Total 62.7348
Epoch 00079 | NCE 62.6122 | KOOP 0.0299 | τ 0.5000 | Total 62.6421
Epoch 00080 | NCE 62.1395 | KOOP 0.0306 | τ 0.5000 | Total 62.1701
Epoch 00081 | NCE 62.2472 | KOOP 0.0273 | τ 0.5000 | Total 62.2745
Epoch 00082 | NCE 62.2354 | KOOP 0.0281 | τ 0.5000 | Total 62.2635
Epoch 00083 | NCE 62.4249 | KOOP 0.0326 | τ 0.5000 | Total 62.4575
Epoch 00084 | NCE 61.9979 | KOOP 0.0284 | τ 0.5000 | Total 62.0263
Epoch 00085 | NCE 62.3905 | KOOP 0.0315 | τ 0.5000 | Total 62.4219
Epoch 00086 | NCE 62.4712 | KOOP 0.0335 | τ 0.5000 | Total 62.5048
Epoch 00087 | NCE 62.4545 | KOOP 0.0296 | τ 0.5000 | Total 62.4842
Epoch 00088 | NCE 62.2218 | KOOP 0.0295 | τ 0.5000 | Total 62.2513
Epoch 00089 | NCE 61.9337 | KOOP 0.0268 | τ 0.5000 | Total 61.9605
Epoch 00090 | NCE 61.7551 | KOOP 0.0218 | τ 0.5000 | Total 61.7769
Epoch 00091 | NCE 62.1687 | KOOP 0.0286 | τ 0.5000 | Total 62.1973
Epoch 00092 | NCE 62.3807 | KOOP 0.0267 | τ 0.5000 | Total 62.4074
Epoch 00093 | NCE 62.3210 | KOOP 0.0294 | τ 0.5000 | Total 62.3504
Epoch 00094 | NCE 62.0960 | KOOP 0.0282 | τ 0.5000 | Total 62.1243
Epoch 00095 | NCE 62.1384 | KOOP 0.0266 | τ 0.5000 | Total 62.1650
Epoch 00096 | NCE 61.9038 | KOOP 0.0257 | τ 0.5000 | Total 61.9296
Epoch 00097 | NCE 61.9671 | KOOP 0.0259 | τ 0.5000 | Total 61.9931
Epoch 00098 | NCE 62.1250 | KOOP 0.0299 | τ 0.5000 | Total 62.1549
Epoch 00099 | NCE 62.2244 | KOOP 0.0270 | τ 0.5000 | Total 62.2514
Epoch 00100 | NCE 62.3806 | KOOP 0.0376 | τ 0.5000 | Total 62.4183
Epoch 00101 | NCE 62.2904 | KOOP 0.0257 | τ 0.5000 | Total 62.3162
Epoch 00102 | NCE 62.1505 | KOOP 0.0251 | τ 0.5000 | Total 62.1756
Epoch 00103 | NCE 62.5640 | KOOP 0.0402 | τ 0.5000 | Total 62.6042
Epoch 00104 | NCE 61.7661 | KOOP 0.0241 | τ 0.5000 | Total 61.7902
Epoch 00105 | NCE 62.0828 | KOOP 0.0243 | τ 0.5000 | Total 62.1071
Epoch 00106 | NCE 61.6528 | KOOP 0.0257 | τ 0.5000 | Total 61.6786
Epoch 00107 | NCE 61.7440 | KOOP 0.0235 | τ 0.5000 | Total 61.7675
Epoch 00108 | NCE 61.9091 | KOOP 0.0244 | τ 0.5000 | Total 61.9335
Epoch 00109 | NCE 61.7997 | KOOP 0.0222 | τ 0.5000 | Total 61.8220
Epoch 00110 | NCE 61.6843 | KOOP 0.0233 | τ 0.5000 | Total 61.7077
Epoch 00111 | NCE 62.4250 | KOOP 0.0309 | τ 0.5000 | Total 62.4559
Epoch 00112 | NCE 61.8529 | KOOP 0.0259 | τ 0.5000 | Total 61.8789
Epoch 00113 | NCE 61.6817 | KOOP 0.0246 | τ 0.5000 | Total 61.7064
Epoch 00114 | NCE 61.6985 | KOOP 0.0200 | τ 0.5000 | Total 61.7185
Epoch 00115 | NCE 61.9977 | KOOP 0.0268 | τ 0.5000 | Total 62.0246
Epoch 00116 | NCE 61.7895 | KOOP 0.0221 | τ 0.5000 | Total 61.8116
Epoch 00117 | NCE 62.0821 | KOOP 0.0247 | τ 0.5000 | Total 62.1068
Epoch 00118 | NCE 62.5072 | KOOP 0.0329 | τ 0.5000 | Total 62.5401
Epoch 00119 | NCE 61.8661 | KOOP 0.0237 | τ 0.5000 | Total 61.8898
Epoch 00120 | NCE 62.0550 | KOOP 0.0263 | τ 0.5000 | Total 62.0813
Epoch 00121 | NCE 61.4723 | KOOP 0.0213 | τ 0.5000 | Total 61.4937
Epoch 00122 | NCE 61.8677 | KOOP 0.0260 | τ 0.5000 | Total 61.8938
Epoch 00123 | NCE 61.9961 | KOOP 0.0258 | τ 0.5000 | Total 62.0220
Epoch 00124 | NCE 62.1457 | KOOP 0.0277 | τ 0.5000 | Total 62.1734
Epoch 00125 | NCE 62.2379 | KOOP 0.0276 | τ 0.5000 | Total 62.2656
Epoch 00126 | NCE 62.1302 | KOOP 0.0232 | τ 0.5000 | Total 62.1534
Epoch 00127 | NCE 62.1152 | KOOP 0.0301 | τ 0.5000 | Total 62.1454
Epoch 00128 | NCE 62.2777 | KOOP 0.0279 | τ 0.5000 | Total 62.3056
Epoch 00129 | NCE 61.5685 | KOOP 0.0205 | τ 0.5000 | Total 61.5890
Epoch 00130 | NCE 61.8202 | KOOP 0.0220 | τ 0.5000 | Total 61.8423
Epoch 00131 | NCE 62.1173 | KOOP 0.0248 | τ 0.5000 | Total 62.1422
Epoch 00132 | NCE 61.8439 | KOOP 0.0229 | τ 0.5000 | Total 61.8669
Epoch 00133 | NCE 61.7132 | KOOP 0.0220 | τ 0.5000 | Total 61.7353
Epoch 00134 | NCE 61.3523 | KOOP 0.0188 | τ 0.5000 | Total 61.3712
Epoch 00135 | NCE 62.2521 | KOOP 0.0255 | τ 0.5000 | Total 62.2777
Epoch 00136 | NCE 61.8328 | KOOP 0.0226 | τ 0.5000 | Total 61.8554
Epoch 00137 | NCE 62.4291 | KOOP 0.0290 | τ 0.5000 | Total 62.4581
Epoch 00138 | NCE 61.4224 | KOOP 0.0192 | τ 0.5000 | Total 61.4417
Epoch 00139 | NCE 62.0248 | KOOP 0.0264 | τ 0.5000 | Total 62.0512
Epoch 00140 | NCE 61.7831 | KOOP 0.0222 | τ 0.5000 | Total 61.8053
Epoch 00141 | NCE 61.5004 | KOOP 0.0180 | τ 0.5000 | Total 61.5184
Epoch 00142 | NCE 62.1879 | KOOP 0.0251 | τ 0.5000 | Total 62.2130
Epoch 00143 | NCE 61.8989 | KOOP 0.0224 | τ 0.5000 | Total 61.9213
Epoch 00144 | NCE 61.9016 | KOOP 0.0235 | τ 0.5000 | Total 61.9252
Epoch 00145 | NCE 61.6614 | KOOP 0.0194 | τ 0.5000 | Total 61.6808
Epoch 00146 | NCE 61.2823 | KOOP 0.0181 | τ 0.5000 | Total 61.3004
Epoch 00147 | NCE 61.7909 | KOOP 0.0214 | τ 0.5000 | Total 61.8124
Epoch 00148 | NCE 61.6731 | KOOP 0.0207 | τ 0.5000 | Total 61.6938
Epoch 00149 | NCE 62.2128 | KOOP 0.0272 | τ 0.5000 | Total 62.2400
Epoch 00150 | NCE 61.5244 | KOOP 0.0180 | τ 0.5000 | Total 61.5425
Epoch 00151 | NCE 61.8022 | KOOP 0.0229 | τ 0.5000 | Total 61.8251
Epoch 00152 | NCE 61.8809 | KOOP 0.0229 | τ 0.5000 | Total 61.9039
Epoch 00153 | NCE 61.6448 | KOOP 0.0200 | τ 0.5000 | Total 61.6648
Epoch 00154 | NCE 61.9189 | KOOP 0.0226 | τ 0.5000 | Total 61.9415
Epoch 00155 | NCE 61.7697 | KOOP 0.0220 | τ 0.5000 | Total 61.7918
Epoch 00156 | NCE 61.7730 | KOOP 0.0228 | τ 0.5000 | Total 61.7959
Epoch 00157 | NCE 61.9861 | KOOP 0.0216 | τ 0.5000 | Total 62.0078
Epoch 00158 | NCE 61.7581 | KOOP 0.0243 | τ 0.5000 | Total 61.7825
Epoch 00159 | NCE 61.7134 | KOOP 0.0213 | τ 0.5000 | Total 61.7347
Epoch 00160 | NCE 61.6087 | KOOP 0.0212 | τ 0.5000 | Total 61.6299
Epoch 00161 | NCE 62.1781 | KOOP 0.0249 | τ 0.5000 | Total 62.2031
Epoch 00162 | NCE 61.6815 | KOOP 0.0190 | τ 0.5000 | Total 61.7006
Epoch 00163 | NCE 62.1790 | KOOP 0.0255 | τ 0.5000 | Total 62.2046
Epoch 00164 | NCE 62.2855 | KOOP 0.0250 | τ 0.5000 | Total 62.3106
Epoch 00165 | NCE 62.2550 | KOOP 0.0268 | τ 0.5000 | Total 62.2818
Epoch 00166 | NCE 61.9324 | KOOP 0.0237 | τ 0.5000 | Total 61.9561
Epoch 00167 | NCE 62.1822 | KOOP 0.0340 | τ 0.5000 | Total 62.2163
Epoch 00168 | NCE 61.9316 | KOOP 0.0237 | τ 0.5000 | Total 61.9554
Epoch 00169 | NCE 62.1792 | KOOP 0.0263 | τ 0.5000 | Total 62.2055
Epoch 00170 | NCE 61.8537 | KOOP 0.0220 | τ 0.5000 | Total 61.8757
Epoch 00171 | NCE 62.0336 | KOOP 0.0232 | τ 0.5000 | Total 62.0569
Epoch 00172 | NCE 61.5144 | KOOP 0.0211 | τ 0.5000 | Total 61.5355
Epoch 00173 | NCE 61.9490 | KOOP 0.0291 | τ 0.5000 | Total 61.9782
Epoch 00174 | NCE 62.1737 | KOOP 0.0237 | τ 0.5000 | Total 62.1974
Epoch 00175 | NCE 61.9674 | KOOP 0.0271 | τ 0.5000 | Total 61.9945
Epoch 00176 | NCE 62.0310 | KOOP 0.0262 | τ 0.5000 | Total 62.0572
Epoch 00177 | NCE 61.7236 | KOOP 0.0215 | τ 0.5000 | Total 61.7452
Epoch 00178 | NCE 61.8617 | KOOP 0.0232 | τ 0.5000 | Total 61.8849
Epoch 00179 | NCE 62.3650 | KOOP 0.0285 | τ 0.5000 | Total 62.3936
Epoch 00180 | NCE 61.3959 | KOOP 0.0190 | τ 0.5000 | Total 61.4150
Epoch 00181 | NCE 61.7916 | KOOP 0.0210 | τ 0.5000 | Total 61.8127
Epoch 00182 | NCE 62.0069 | KOOP 0.0217 | τ 0.5000 | Total 62.0287
Epoch 00183 | NCE 61.4014 | KOOP 0.0181 | τ 0.5000 | Total 61.4195
Epoch 00184 | NCE 62.0737 | KOOP 0.0249 | τ 0.5000 | Total 62.0987
Epoch 00185 | NCE 61.9944 | KOOP 0.0278 | τ 0.5000 | Total 62.0223
Epoch 00186 | NCE 61.4710 | KOOP 0.0196 | τ 0.5000 | Total 61.4907
Epoch 00187 | NCE 61.5316 | KOOP 0.0212 | τ 0.5000 | Total 61.5528
Epoch 00188 | NCE 61.9008 | KOOP 0.0229 | τ 0.5000 | Total 61.9238
Epoch 00189 | NCE 62.1588 | KOOP 0.0250 | τ 0.5000 | Total 62.1838
Epoch 00190 | NCE 61.4388 | KOOP 0.0182 | τ 0.5000 | Total 61.4571
Epoch 00191 | NCE 61.6387 | KOOP 0.0193 | τ 0.5000 | Total 61.6581
Epoch 00192 | NCE 61.9895 | KOOP 0.0243 | τ 0.5000 | Total 62.0138
Epoch 00193 | NCE 61.6876 | KOOP 0.0193 | τ 0.5000 | Total 61.7069
Epoch 00194 | NCE 61.2626 | KOOP 0.0206 | τ 0.5000 | Total 61.2832
Epoch 00195 | NCE 61.4873 | KOOP 0.0195 | τ 0.5000 | Total 61.5069
Epoch 00196 | NCE 61.9886 | KOOP 0.0237 | τ 0.5000 | Total 62.0124
Epoch 00197 | NCE 61.9885 | KOOP 0.0232 | τ 0.5000 | Total 62.0117
Epoch 00198 | NCE 61.7913 | KOOP 0.0212 | τ 0.5000 | Total 61.8126
Epoch 00199 | NCE 62.1475 | KOOP 0.0211 | τ 0.5000 | Total 62.1687

AUC (S1+S2+S3 combined): 0.9260
  S1 temporal: 0.9099 | S2 Koopman: 0.8842 | S3 nbr-dev: 0.5489
[ablate-result] ablation=fixed_tau seed=7 dataset=reddit task=anomaly_detection result={'auc': 0.9259582317111898, 'auc_s1': 0.9099452590094381, 'auc_s2': 0.8841816013856478, 'auc_s3': 0.5489268352323972}
