/nas/home/jahin/.local/lib/python3.10/site-packages/requests/__init__.py:113: RequestsDependencyWarning: urllib3 (1.26.5) or chardet (7.2.0)/charset_normalizer (3.4.4) doesn't match a supported version!
  warnings.warn(
[ablate] mode=fixed_tau seed=7 dataset=reddit task=classification
[KAIROS] Using device: cuda:0 (NVIDIA RTX A5000)
[KAIROS] Classification task → λ_koop overridden to 0.0
[KAIROS] Large graph (898194 nodes) → mini-batch sampler fanout=[20, 20]

[KAIROS] Backbone: gcn
Training 200 epochs | 4 views | λ_koop=0.0 | PPR α=0.15

/nas/home/jahin/.local/lib/python3.10/site-packages/dgl/dataloading/dataloader.py:1144: DGLWarning: Dataloader CPU affinity opt is not enabled, consider switching it on (see enable_cpu_affinity() or CPU best practices for DGL [https://docs.dgl.ai/tutorials/cpu/cpu_best_practises.html])
  dgl_warning(
Epoch 00000 | NCE 73.6049 | KOOP 0.0000 | τ 0.5000 | Total 73.6049
Epoch 00001 | NCE 73.4503 | KOOP 0.0000 | τ 0.5000 | Total 73.4503
Epoch 00002 | NCE 71.1356 | KOOP 0.0000 | τ 0.5000 | Total 71.1356
Epoch 00003 | NCE 70.4161 | KOOP 0.0000 | τ 0.5000 | Total 70.4161
Epoch 00004 | NCE 69.8450 | KOOP 0.0000 | τ 0.5000 | Total 69.8450
Epoch 00005 | NCE 70.1889 | KOOP 0.0000 | τ 0.5000 | Total 70.1889
Epoch 00006 | NCE 69.1381 | KOOP 0.0000 | τ 0.5000 | Total 69.1381
Epoch 00007 | NCE 67.7173 | KOOP 0.0000 | τ 0.5000 | Total 67.7173
Epoch 00008 | NCE 67.5858 | KOOP 0.0000 | τ 0.5000 | Total 67.5858
Epoch 00009 | NCE 66.6154 | KOOP 0.0000 | τ 0.5000 | Total 66.6154
Epoch 00010 | NCE 65.9423 | KOOP 0.0000 | τ 0.5000 | Total 65.9423
Epoch 00011 | NCE 67.0611 | KOOP 0.0000 | τ 0.5000 | Total 67.0611
Epoch 00012 | NCE 66.5023 | KOOP 0.0000 | τ 0.5000 | Total 66.5023
Epoch 00013 | NCE 65.4114 | KOOP 0.0000 | τ 0.5000 | Total 65.4114
Epoch 00014 | NCE 65.9252 | KOOP 0.0000 | τ 0.5000 | Total 65.9252
Epoch 00015 | NCE 64.4374 | KOOP 0.0000 | τ 0.5000 | Total 64.4374
Epoch 00016 | NCE 64.2150 | KOOP 0.0000 | τ 0.5000 | Total 64.2150
Epoch 00017 | NCE 64.9482 | KOOP 0.0000 | τ 0.5000 | Total 64.9482
Epoch 00018 | NCE 63.9761 | KOOP 0.0000 | τ 0.5000 | Total 63.9761
Epoch 00019 | NCE 64.7866 | KOOP 0.0000 | τ 0.5000 | Total 64.7866
Epoch 00020 | NCE 63.7868 | KOOP 0.0000 | τ 0.5000 | Total 63.7868
Epoch 00021 | NCE 64.4862 | KOOP 0.0000 | τ 0.5000 | Total 64.4862
Epoch 00022 | NCE 64.0488 | KOOP 0.0000 | τ 0.5000 | Total 64.0488
Epoch 00023 | NCE 62.8841 | KOOP 0.0000 | τ 0.5000 | Total 62.8841
Epoch 00024 | NCE 63.7402 | KOOP 0.0000 | τ 0.5000 | Total 63.7402
Epoch 00025 | NCE 64.0136 | KOOP 0.0000 | τ 0.5000 | Total 64.0136
Epoch 00026 | NCE 64.2491 | KOOP 0.0000 | τ 0.5000 | Total 64.2491
Epoch 00027 | NCE 62.6253 | KOOP 0.0000 | τ 0.5000 | Total 62.6253
Epoch 00028 | NCE 62.8579 | KOOP 0.0000 | τ 0.5000 | Total 62.8579
Epoch 00029 | NCE 64.1070 | KOOP 0.0000 | τ 0.5000 | Total 64.1070
Epoch 00030 | NCE 63.9416 | KOOP 0.0000 | τ 0.5000 | Total 63.9416
Epoch 00031 | NCE 62.9834 | KOOP 0.0000 | τ 0.5000 | Total 62.9834
Epoch 00032 | NCE 63.2758 | KOOP 0.0000 | τ 0.5000 | Total 63.2758
Epoch 00033 | NCE 63.0967 | KOOP 0.0000 | τ 0.5000 | Total 63.0967
Epoch 00034 | NCE 62.9490 | KOOP 0.0000 | τ 0.5000 | Total 62.9490
Epoch 00035 | NCE 63.0403 | KOOP 0.0000 | τ 0.5000 | Total 63.0403
Epoch 00036 | NCE 63.1563 | KOOP 0.0000 | τ 0.5000 | Total 63.1563
Epoch 00037 | NCE 63.5379 | KOOP 0.0000 | τ 0.5000 | Total 63.5379
Epoch 00038 | NCE 62.4344 | KOOP 0.0000 | τ 0.5000 | Total 62.4344
Epoch 00039 | NCE 61.6466 | KOOP 0.0000 | τ 0.5000 | Total 61.6466
Epoch 00040 | NCE 61.7450 | KOOP 0.0000 | τ 0.5000 | Total 61.7450
Epoch 00041 | NCE 62.9916 | KOOP 0.0000 | τ 0.5000 | Total 62.9916
Epoch 00042 | NCE 62.2895 | KOOP 0.0000 | τ 0.5000 | Total 62.2895
Epoch 00043 | NCE 61.1464 | KOOP 0.0000 | τ 0.5000 | Total 61.1464
Epoch 00044 | NCE 62.1466 | KOOP 0.0000 | τ 0.5000 | Total 62.1466
Epoch 00045 | NCE 62.1688 | KOOP 0.0000 | τ 0.5000 | Total 62.1688
Epoch 00046 | NCE 62.1113 | KOOP 0.0000 | τ 0.5000 | Total 62.1113
Epoch 00047 | NCE 62.8798 | KOOP 0.0000 | τ 0.5000 | Total 62.8798
Epoch 00048 | NCE 62.6591 | KOOP 0.0000 | τ 0.5000 | Total 62.6591
Epoch 00049 | NCE 62.0128 | KOOP 0.0000 | τ 0.5000 | Total 62.0128
Epoch 00050 | NCE 62.0364 | KOOP 0.0000 | τ 0.5000 | Total 62.0364
Epoch 00051 | NCE 61.5359 | KOOP 0.0000 | τ 0.5000 | Total 61.5359
Epoch 00052 | NCE 62.5397 | KOOP 0.0000 | τ 0.5000 | Total 62.5397
Epoch 00053 | NCE 62.3383 | KOOP 0.0000 | τ 0.5000 | Total 62.3383
Epoch 00054 | NCE 61.6336 | KOOP 0.0000 | τ 0.5000 | Total 61.6336
Epoch 00055 | NCE 61.1248 | KOOP 0.0000 | τ 0.5000 | Total 61.1248
Epoch 00056 | NCE 62.1866 | KOOP 0.0000 | τ 0.5000 | Total 62.1866
Epoch 00057 | NCE 61.8725 | KOOP 0.0000 | τ 0.5000 | Total 61.8725
Epoch 00058 | NCE 61.8343 | KOOP 0.0000 | τ 0.5000 | Total 61.8343
Epoch 00059 | NCE 62.3792 | KOOP 0.0000 | τ 0.5000 | Total 62.3792
Epoch 00060 | NCE 62.1079 | KOOP 0.0000 | τ 0.5000 | Total 62.1079
Epoch 00061 | NCE 61.6326 | KOOP 0.0000 | τ 0.5000 | Total 61.6326
Epoch 00062 | NCE 61.9283 | KOOP 0.0000 | τ 0.5000 | Total 61.9283
Epoch 00063 | NCE 60.5599 | KOOP 0.0000 | τ 0.5000 | Total 60.5599
Epoch 00064 | NCE 61.5390 | KOOP 0.0000 | τ 0.5000 | Total 61.5390
Epoch 00065 | NCE 62.1847 | KOOP 0.0000 | τ 0.5000 | Total 62.1847
Epoch 00066 | NCE 62.2816 | KOOP 0.0000 | τ 0.5000 | Total 62.2816
Epoch 00067 | NCE 61.7343 | KOOP 0.0000 | τ 0.5000 | Total 61.7343
Epoch 00068 | NCE 61.8149 | KOOP 0.0000 | τ 0.5000 | Total 61.8149
Epoch 00069 | NCE 61.3973 | KOOP 0.0000 | τ 0.5000 | Total 61.3973
Epoch 00070 | NCE 61.3325 | KOOP 0.0000 | τ 0.5000 | Total 61.3325
Epoch 00071 | NCE 61.5612 | KOOP 0.0000 | τ 0.5000 | Total 61.5612
Epoch 00072 | NCE 61.0704 | KOOP 0.0000 | τ 0.5000 | Total 61.0704
Epoch 00073 | NCE 60.2579 | KOOP 0.0000 | τ 0.5000 | Total 60.2579
Epoch 00074 | NCE 61.3267 | KOOP 0.0000 | τ 0.5000 | Total 61.3267
Epoch 00075 | NCE 61.8824 | KOOP 0.0000 | τ 0.5000 | Total 61.8824
Epoch 00076 | NCE 61.9718 | KOOP 0.0000 | τ 0.5000 | Total 61.9718
Epoch 00077 | NCE 61.8142 | KOOP 0.0000 | τ 0.5000 | Total 61.8142
Epoch 00078 | NCE 60.2578 | KOOP 0.0000 | τ 0.5000 | Total 60.2578
Epoch 00079 | NCE 60.6853 | KOOP 0.0000 | τ 0.5000 | Total 60.6853
Epoch 00080 | NCE 62.1406 | KOOP 0.0000 | τ 0.5000 | Total 62.1406
Epoch 00081 | NCE 60.3019 | KOOP 0.0000 | τ 0.5000 | Total 60.3019
Epoch 00082 | NCE 60.7259 | KOOP 0.0000 | τ 0.5000 | Total 60.7259
Epoch 00083 | NCE 61.2228 | KOOP 0.0000 | τ 0.5000 | Total 61.2228
Epoch 00084 | NCE 61.2475 | KOOP 0.0000 | τ 0.5000 | Total 61.2475
Epoch 00085 | NCE 61.2770 | KOOP 0.0000 | τ 0.5000 | Total 61.2770
Epoch 00086 | NCE 61.8763 | KOOP 0.0000 | τ 0.5000 | Total 61.8763
Epoch 00087 | NCE 60.7843 | KOOP 0.0000 | τ 0.5000 | Total 60.7843
Epoch 00088 | NCE 62.5708 | KOOP 0.0000 | τ 0.5000 | Total 62.5708
Epoch 00089 | NCE 58.9798 | KOOP 0.0000 | τ 0.5000 | Total 58.9798
Epoch 00090 | NCE 61.6968 | KOOP 0.0000 | τ 0.5000 | Total 61.6968
Epoch 00091 | NCE 61.6907 | KOOP 0.0000 | τ 0.5000 | Total 61.6907
Epoch 00092 | NCE 60.9092 | KOOP 0.0000 | τ 0.5000 | Total 60.9092
Epoch 00093 | NCE 61.3677 | KOOP 0.0000 | τ 0.5000 | Total 61.3677
Epoch 00094 | NCE 60.4767 | KOOP 0.0000 | τ 0.5000 | Total 60.4767
Epoch 00095 | NCE 61.8151 | KOOP 0.0000 | τ 0.5000 | Total 61.8151
Epoch 00096 | NCE 61.3363 | KOOP 0.0000 | τ 0.5000 | Total 61.3363
Epoch 00097 | NCE 60.5246 | KOOP 0.0000 | τ 0.5000 | Total 60.5246
Epoch 00098 | NCE 61.3889 | KOOP 0.0000 | τ 0.5000 | Total 61.3889
Epoch 00099 | NCE 61.4235 | KOOP 0.0000 | τ 0.5000 | Total 61.4235
Epoch 00100 | NCE 62.3726 | KOOP 0.0000 | τ 0.5000 | Total 62.3726
Epoch 00101 | NCE 61.2202 | KOOP 0.0000 | τ 0.5000 | Total 61.2202
Epoch 00102 | NCE 61.4049 | KOOP 0.0000 | τ 0.5000 | Total 61.4049
Epoch 00103 | NCE 61.1957 | KOOP 0.0000 | τ 0.5000 | Total 61.1957
Epoch 00104 | NCE 61.9412 | KOOP 0.0000 | τ 0.5000 | Total 61.9412
Epoch 00105 | NCE 61.9647 | KOOP 0.0000 | τ 0.5000 | Total 61.9647
Epoch 00106 | NCE 61.3592 | KOOP 0.0000 | τ 0.5000 | Total 61.3592
Epoch 00107 | NCE 61.5737 | KOOP 0.0000 | τ 0.5000 | Total 61.5737
Epoch 00108 | NCE 61.2781 | KOOP 0.0000 | τ 0.5000 | Total 61.2781
Epoch 00109 | NCE 61.3816 | KOOP 0.0000 | τ 0.5000 | Total 61.3816
Epoch 00110 | NCE 61.0239 | KOOP 0.0000 | τ 0.5000 | Total 61.0239
Epoch 00111 | NCE 61.3132 | KOOP 0.0000 | τ 0.5000 | Total 61.3132
Epoch 00112 | NCE 61.6464 | KOOP 0.0000 | τ 0.5000 | Total 61.6464
Epoch 00113 | NCE 61.2581 | KOOP 0.0000 | τ 0.5000 | Total 61.2581
Epoch 00114 | NCE 61.7882 | KOOP 0.0000 | τ 0.5000 | Total 61.7882
Epoch 00115 | NCE 61.2710 | KOOP 0.0000 | τ 0.5000 | Total 61.2710
Epoch 00116 | NCE 61.2846 | KOOP 0.0000 | τ 0.5000 | Total 61.2846
Epoch 00117 | NCE 61.9657 | KOOP 0.0000 | τ 0.5000 | Total 61.9657
Epoch 00118 | NCE 59.8451 | KOOP 0.0000 | τ 0.5000 | Total 59.8451
Epoch 00119 | NCE 61.8615 | KOOP 0.0000 | τ 0.5000 | Total 61.8615
Epoch 00120 | NCE 61.6078 | KOOP 0.0000 | τ 0.5000 | Total 61.6078
Epoch 00121 | NCE 60.5014 | KOOP 0.0000 | τ 0.5000 | Total 60.5014
Epoch 00122 | NCE 61.0656 | KOOP 0.0000 | τ 0.5000 | Total 61.0656
Epoch 00123 | NCE 61.6385 | KOOP 0.0000 | τ 0.5000 | Total 61.6385
Epoch 00124 | NCE 60.0786 | KOOP 0.0000 | τ 0.5000 | Total 60.0786
Epoch 00125 | NCE 61.2180 | KOOP 0.0000 | τ 0.5000 | Total 61.2180
Epoch 00126 | NCE 61.5164 | KOOP 0.0000 | τ 0.5000 | Total 61.5164
Epoch 00127 | NCE 60.4430 | KOOP 0.0000 | τ 0.5000 | Total 60.4430
Epoch 00128 | NCE 60.9456 | KOOP 0.0000 | τ 0.5000 | Total 60.9456
Epoch 00129 | NCE 60.6893 | KOOP 0.0000 | τ 0.5000 | Total 60.6893
Epoch 00130 | NCE 61.1598 | KOOP 0.0000 | τ 0.5000 | Total 61.1598
Epoch 00131 | NCE 61.1668 | KOOP 0.0000 | τ 0.5000 | Total 61.1668
Epoch 00132 | NCE 61.4084 | KOOP 0.0000 | τ 0.5000 | Total 61.4084
Epoch 00133 | NCE 61.4536 | KOOP 0.0000 | τ 0.5000 | Total 61.4536
Epoch 00134 | NCE 61.0392 | KOOP 0.0000 | τ 0.5000 | Total 61.0392
Epoch 00135 | NCE 60.7741 | KOOP 0.0000 | τ 0.5000 | Total 60.7741
Epoch 00136 | NCE 60.7189 | KOOP 0.0000 | τ 0.5000 | Total 60.7189
Epoch 00137 | NCE 62.1851 | KOOP 0.0000 | τ 0.5000 | Total 62.1851
Epoch 00138 | NCE 61.3922 | KOOP 0.0000 | τ 0.5000 | Total 61.3922
Epoch 00139 | NCE 60.5424 | KOOP 0.0000 | τ 0.5000 | Total 60.5424
Epoch 00140 | NCE 60.4904 | KOOP 0.0000 | τ 0.5000 | Total 60.4904
Epoch 00141 | NCE 60.3823 | KOOP 0.0000 | τ 0.5000 | Total 60.3823
Epoch 00142 | NCE 61.8348 | KOOP 0.0000 | τ 0.5000 | Total 61.8348
Epoch 00143 | NCE 59.9449 | KOOP 0.0000 | τ 0.5000 | Total 59.9449
Epoch 00144 | NCE 61.6154 | KOOP 0.0000 | τ 0.5000 | Total 61.6154
Epoch 00145 | NCE 60.9552 | KOOP 0.0000 | τ 0.5000 | Total 60.9552
Epoch 00146 | NCE 61.1015 | KOOP 0.0000 | τ 0.5000 | Total 61.1015
Epoch 00147 | NCE 60.1046 | KOOP 0.0000 | τ 0.5000 | Total 60.1046
Epoch 00148 | NCE 60.2719 | KOOP 0.0000 | τ 0.5000 | Total 60.2719
Epoch 00149 | NCE 61.3096 | KOOP 0.0000 | τ 0.5000 | Total 61.3096
Epoch 00150 | NCE 60.1427 | KOOP 0.0000 | τ 0.5000 | Total 60.1427
Epoch 00151 | NCE 61.0864 | KOOP 0.0000 | τ 0.5000 | Total 61.0864
Epoch 00152 | NCE 61.7936 | KOOP 0.0000 | τ 0.5000 | Total 61.7936
Epoch 00153 | NCE 59.8571 | KOOP 0.0000 | τ 0.5000 | Total 59.8571
Epoch 00154 | NCE 60.4067 | KOOP 0.0000 | τ 0.5000 | Total 60.4067
Epoch 00155 | NCE 61.2780 | KOOP 0.0000 | τ 0.5000 | Total 61.2780
Epoch 00156 | NCE 61.2237 | KOOP 0.0000 | τ 0.5000 | Total 61.2237
Epoch 00157 | NCE 59.9468 | KOOP 0.0000 | τ 0.5000 | Total 59.9468
Epoch 00158 | NCE 60.3949 | KOOP 0.0000 | τ 0.5000 | Total 60.3949
Epoch 00159 | NCE 59.0046 | KOOP 0.0000 | τ 0.5000 | Total 59.0046
Epoch 00160 | NCE 61.0328 | KOOP 0.0000 | τ 0.5000 | Total 61.0328
Epoch 00161 | NCE 59.3807 | KOOP 0.0000 | τ 0.5000 | Total 59.3807
Epoch 00162 | NCE 59.8781 | KOOP 0.0000 | τ 0.5000 | Total 59.8781
Epoch 00163 | NCE 59.5633 | KOOP 0.0000 | τ 0.5000 | Total 59.5633
Epoch 00164 | NCE 60.5991 | KOOP 0.0000 | τ 0.5000 | Total 60.5991
Epoch 00165 | NCE 60.7058 | KOOP 0.0000 | τ 0.5000 | Total 60.7058
Epoch 00166 | NCE 59.9373 | KOOP 0.0000 | τ 0.5000 | Total 59.9373
Epoch 00167 | NCE 61.0726 | KOOP 0.0000 | τ 0.5000 | Total 61.0726
Epoch 00168 | NCE 60.0282 | KOOP 0.0000 | τ 0.5000 | Total 60.0282
Epoch 00169 | NCE 60.2129 | KOOP 0.0000 | τ 0.5000 | Total 60.2129
Epoch 00170 | NCE 60.0821 | KOOP 0.0000 | τ 0.5000 | Total 60.0821
Epoch 00171 | NCE 61.2306 | KOOP 0.0000 | τ 0.5000 | Total 61.2306
Epoch 00172 | NCE 60.4019 | KOOP 0.0000 | τ 0.5000 | Total 60.4019
Epoch 00173 | NCE 60.8951 | KOOP 0.0000 | τ 0.5000 | Total 60.8951
Epoch 00174 | NCE 59.6797 | KOOP 0.0000 | τ 0.5000 | Total 59.6797
Epoch 00175 | NCE 61.1242 | KOOP 0.0000 | τ 0.5000 | Total 61.1242
Epoch 00176 | NCE 60.5300 | KOOP 0.0000 | τ 0.5000 | Total 60.5300
Epoch 00177 | NCE 60.5196 | KOOP 0.0000 | τ 0.5000 | Total 60.5196
Epoch 00178 | NCE 60.3412 | KOOP 0.0000 | τ 0.5000 | Total 60.3412
Epoch 00179 | NCE 60.8828 | KOOP 0.0000 | τ 0.5000 | Total 60.8828
Epoch 00180 | NCE 61.1209 | KOOP 0.0000 | τ 0.5000 | Total 61.1209
Epoch 00181 | NCE 60.2461 | KOOP 0.0000 | τ 0.5000 | Total 60.2461
Epoch 00182 | NCE 59.5324 | KOOP 0.0000 | τ 0.5000 | Total 59.5324
Epoch 00183 | NCE 60.8082 | KOOP 0.0000 | τ 0.5000 | Total 60.8082
Epoch 00184 | NCE 60.1631 | KOOP 0.0000 | τ 0.5000 | Total 60.1631
Epoch 00185 | NCE 59.0971 | KOOP 0.0000 | τ 0.5000 | Total 59.0971
Epoch 00186 | NCE 59.9007 | KOOP 0.0000 | τ 0.5000 | Total 59.9007
Epoch 00187 | NCE 60.4134 | KOOP 0.0000 | τ 0.5000 | Total 60.4134
Epoch 00188 | NCE 60.7643 | KOOP 0.0000 | τ 0.5000 | Total 60.7643
Epoch 00189 | NCE 60.1496 | KOOP 0.0000 | τ 0.5000 | Total 60.1496
Epoch 00190 | NCE 61.3958 | KOOP 0.0000 | τ 0.5000 | Total 61.3958
Epoch 00191 | NCE 60.5597 | KOOP 0.0000 | τ 0.5000 | Total 60.5597
Epoch 00192 | NCE 61.3912 | KOOP 0.0000 | τ 0.5000 | Total 61.3912
Epoch 00193 | NCE 60.5017 | KOOP 0.0000 | τ 0.5000 | Total 60.5017
Epoch 00194 | NCE 60.8335 | KOOP 0.0000 | τ 0.5000 | Total 60.8335
Epoch 00195 | NCE 60.1613 | KOOP 0.0000 | τ 0.5000 | Total 60.1613
Epoch 00196 | NCE 60.5605 | KOOP 0.0000 | τ 0.5000 | Total 60.5605
Epoch 00197 | NCE 60.0457 | KOOP 0.0000 | τ 0.5000 | Total 60.0457
Epoch 00198 | NCE 60.5083 | KOOP 0.0000 | τ 0.5000 | Total 60.5083
Epoch 00199 | NCE 60.3109 | KOOP 0.0000 | τ 0.5000 | Total 60.3109
  LinEval    0 | train 0.1816 | val 0.2304 | micro 0.2302 | wei 0.1631
  LinEval  500 | train 0.7128 | val 0.7089 | micro 0.7021 | wei 0.6080
  LinEval 1000 | train 0.7196 | val 0.7055 | micro 0.7018 | wei 0.6125
  LinEval 1500 | train 0.7238 | val 0.6945 | micro 0.7007 | wei 0.6144
  LinEval 1999 | train 0.7272 | val 0.6911 | micro 0.6986 | wei 0.6139
  LinEval    0 | train 0.6495 | val 0.6430 | micro 0.6513 | wei 0.5605
  LinEval  500 | train 0.7162 | val 0.7055 | micro 0.7018 | wei 0.6117
  LinEval 1000 | train 0.7221 | val 0.6954 | micro 0.7012 | wei 0.6152
  LinEval 1500 | train 0.7221 | val 0.6810 | micro 0.6962 | wei 0.6311
  LinEval 1999 | train 0.7247 | val 0.6895 | micro 0.6981 | wei 0.6156
  LinEval    0 | train 0.5034 | val 0.6869 | micro 0.6874 | wei 0.5637
  LinEval  500 | train 0.7179 | val 0.7013 | micro 0.7022 | wei 0.6132
  LinEval 1000 | train 0.7280 | val 0.6903 | micro 0.7000 | wei 0.6174
  LinEval 1500 | train 0.7255 | val 0.6920 | micro 0.6972 | wei 0.6135
  LinEval 1999 | train 0.7255 | val 0.6878 | micro 0.6974 | wei 0.6148
  LinEval    0 | train 0.6039 | val 0.6835 | micro 0.6851 | wei 0.5633
  LinEval  500 | train 0.7171 | val 0.7080 | micro 0.7016 | wei 0.6102
  LinEval 1000 | train 0.7230 | val 0.7013 | micro 0.7018 | wei 0.6144
  LinEval 1500 | train 0.7221 | val 0.6954 | micro 0.7007 | wei 0.6162
  LinEval 1999 | train 0.7221 | val 0.6903 | micro 0.6993 | wei 0.6156
  LinEval    0 | train 0.1833 | val 0.6886 | micro 0.6895 | wei 0.5631
  LinEval  500 | train 0.7154 | val 0.7105 | micro 0.7013 | wei 0.6094
  LinEval 1000 | train 0.7221 | val 0.6962 | micro 0.7014 | wei 0.6142
  LinEval 1500 | train 0.7272 | val 0.6895 | micro 0.6989 | wei 0.6141
  LinEval 1999 | train 0.7264 | val 0.6911 | micro 0.6974 | wei 0.6139

Linear evaluation  Acc: 0.7003  Wei-F1: 0.6056
[ablate-result] ablation=fixed_tau seed=7 dataset=reddit task=classification result={'accuracy': 0.7003375291824341, 'weighted_f1': 0.6055997014045715}
