/nas/home/jahin/.local/lib/python3.10/site-packages/requests/__init__.py:113: RequestsDependencyWarning: urllib3 (1.26.5) or chardet (7.2.0)/charset_normalizer (3.4.4) doesn't match a supported version!
  warnings.warn(
[ablate] mode=no_koop_anomaly seed=24 dataset=reddit task=anomaly_detection
[KAIROS] Using device: cuda:0 (NVIDIA RTX A5000)
Constructing structural anomaly nodes...
Done. 3000 structural nodes (45000 edges)

Constructing attribute anomaly nodes...
Done. 3000 attribute anomaly nodes

[KAIROS] Large graph (898194 nodes) → mini-batch sampler fanout=[20, 20]

[KAIROS] Backbone: gat
Training 200 epochs | 4 views | λ_koop=0.0 | PPR α=0.15

/nas/home/jahin/.local/lib/python3.10/site-packages/dgl/dataloading/dataloader.py:1144: DGLWarning: Dataloader CPU affinity opt is not enabled, consider switching it on (see enable_cpu_affinity() or CPU best practices for DGL [https://docs.dgl.ai/tutorials/cpu/cpu_best_practises.html])
  dgl_warning(
Epoch 00000 | NCE 77.3503 | KOOP 0.0000 | τ 0.0703 | Total 77.3503
Epoch 00001 | NCE 70.3950 | KOOP 0.0000 | τ 0.0706 | Total 70.3950
Epoch 00002 | NCE 65.1231 | KOOP 0.0000 | τ 0.0708 | Total 65.1231
Epoch 00003 | NCE 62.9915 | KOOP 0.0000 | τ 0.0711 | Total 62.9915
Epoch 00004 | NCE 61.4832 | KOOP 0.0000 | τ 0.0713 | Total 61.4832
Epoch 00005 | NCE 59.5714 | KOOP 0.0000 | τ 0.0715 | Total 59.5714
Epoch 00006 | NCE 54.9935 | KOOP 0.0000 | τ 0.0716 | Total 54.9935
Epoch 00007 | NCE 54.8633 | KOOP 0.0000 | τ 0.0716 | Total 54.8633
Epoch 00008 | NCE 50.5840 | KOOP 0.0000 | τ 0.0716 | Total 50.5840
Epoch 00009 | NCE 47.4978 | KOOP 0.0000 | τ 0.0715 | Total 47.4978
Epoch 00010 | NCE 43.9991 | KOOP 0.0000 | τ 0.0714 | Total 43.9991
Epoch 00011 | NCE 44.6342 | KOOP 0.0000 | τ 0.0713 | Total 44.6342
Epoch 00012 | NCE 45.2000 | KOOP 0.0000 | τ 0.0711 | Total 45.2000
Epoch 00013 | NCE 42.7212 | KOOP 0.0000 | τ 0.0710 | Total 42.7212
Epoch 00014 | NCE 43.4712 | KOOP 0.0000 | τ 0.0708 | Total 43.4712
Epoch 00015 | NCE 40.1641 | KOOP 0.0000 | τ 0.0706 | Total 40.1641
Epoch 00016 | NCE 39.2189 | KOOP 0.0000 | τ 0.0705 | Total 39.2189
Epoch 00017 | NCE 35.6532 | KOOP 0.0000 | τ 0.0703 | Total 35.6532
Epoch 00018 | NCE 32.9750 | KOOP 0.0000 | τ 0.0701 | Total 32.9750
Epoch 00019 | NCE 31.8351 | KOOP 0.0000 | τ 0.0699 | Total 31.8351
Epoch 00020 | NCE 29.6189 | KOOP 0.0000 | τ 0.0696 | Total 29.6189
Epoch 00021 | NCE 30.8452 | KOOP 0.0000 | τ 0.0694 | Total 30.8452
Epoch 00022 | NCE 29.2706 | KOOP 0.0000 | τ 0.0691 | Total 29.2706
Epoch 00023 | NCE 29.1288 | KOOP 0.0000 | τ 0.0689 | Total 29.1288
Epoch 00024 | NCE 28.3153 | KOOP 0.0000 | τ 0.0687 | Total 28.3153
Epoch 00025 | NCE 24.3808 | KOOP 0.0000 | τ 0.0684 | Total 24.3808
Epoch 00026 | NCE 25.4346 | KOOP 0.0000 | τ 0.0681 | Total 25.4346
Epoch 00027 | NCE 25.7290 | KOOP 0.0000 | τ 0.0679 | Total 25.7290
Epoch 00028 | NCE 22.3467 | KOOP 0.0000 | τ 0.0676 | Total 22.3467
Epoch 00029 | NCE 22.3382 | KOOP 0.0000 | τ 0.0673 | Total 22.3382
Epoch 00030 | NCE 19.8018 | KOOP 0.0000 | τ 0.0671 | Total 19.8018
Epoch 00031 | NCE 20.5400 | KOOP 0.0000 | τ 0.0668 | Total 20.5400
Epoch 00032 | NCE 20.4253 | KOOP 0.0000 | τ 0.0665 | Total 20.4253
Epoch 00033 | NCE 20.5778 | KOOP 0.0000 | τ 0.0662 | Total 20.5778
Epoch 00034 | NCE 17.9350 | KOOP 0.0000 | τ 0.0659 | Total 17.9350
Epoch 00035 | NCE 15.5280 | KOOP 0.0000 | τ 0.0657 | Total 15.5280
Epoch 00036 | NCE 19.6825 | KOOP 0.0000 | τ 0.0654 | Total 19.6825
Epoch 00037 | NCE 17.1571 | KOOP 0.0000 | τ 0.0651 | Total 17.1571
Epoch 00038 | NCE 16.4033 | KOOP 0.0000 | τ 0.0648 | Total 16.4033
Epoch 00039 | NCE 15.5292 | KOOP 0.0000 | τ 0.0645 | Total 15.5292
Epoch 00040 | NCE 16.9748 | KOOP 0.0000 | τ 0.0643 | Total 16.9748
Epoch 00041 | NCE 14.0894 | KOOP 0.0000 | τ 0.0640 | Total 14.0894
Epoch 00042 | NCE 15.2845 | KOOP 0.0000 | τ 0.0637 | Total 15.2845
Epoch 00043 | NCE 14.4804 | KOOP 0.0000 | τ 0.0634 | Total 14.4804
Epoch 00044 | NCE 14.2495 | KOOP 0.0000 | τ 0.0632 | Total 14.2495
Epoch 00045 | NCE 13.2224 | KOOP 0.0000 | τ 0.0629 | Total 13.2224
Epoch 00046 | NCE 10.3233 | KOOP 0.0000 | τ 0.0626 | Total 10.3233
Epoch 00047 | NCE 12.0487 | KOOP 0.0000 | τ 0.0623 | Total 12.0487
Epoch 00048 | NCE 10.5197 | KOOP 0.0000 | τ 0.0621 | Total 10.5197
Epoch 00049 | NCE 13.6037 | KOOP 0.0000 | τ 0.0618 | Total 13.6037
Epoch 00050 | NCE 11.3391 | KOOP 0.0000 | τ 0.0616 | Total 11.3391
Epoch 00051 | NCE 11.2900 | KOOP 0.0000 | τ 0.0613 | Total 11.2900
Epoch 00052 | NCE 10.1305 | KOOP 0.0000 | τ 0.0610 | Total 10.1305
Epoch 00053 | NCE 10.4659 | KOOP 0.0000 | τ 0.0608 | Total 10.4659
Epoch 00054 | NCE 10.1201 | KOOP 0.0000 | τ 0.0605 | Total 10.1201
Epoch 00055 | NCE 11.7637 | KOOP 0.0000 | τ 0.0603 | Total 11.7637
Epoch 00056 | NCE 10.8194 | KOOP 0.0000 | τ 0.0601 | Total 10.8194
Epoch 00057 | NCE 9.6716 | KOOP 0.0000 | τ 0.0598 | Total 9.6716
Epoch 00058 | NCE 10.7633 | KOOP 0.0000 | τ 0.0596 | Total 10.7633
Epoch 00059 | NCE 7.6611 | KOOP 0.0000 | τ 0.0593 | Total 7.6611
Epoch 00060 | NCE 9.8897 | KOOP 0.0000 | τ 0.0591 | Total 9.8897
Epoch 00061 | NCE 10.5072 | KOOP 0.0000 | τ 0.0589 | Total 10.5072
Epoch 00062 | NCE 7.8750 | KOOP 0.0000 | τ 0.0587 | Total 7.8750
Epoch 00063 | NCE 8.9517 | KOOP 0.0000 | τ 0.0585 | Total 8.9517
Epoch 00064 | NCE 9.9657 | KOOP 0.0000 | τ 0.0582 | Total 9.9657
Epoch 00065 | NCE 8.2917 | KOOP 0.0000 | τ 0.0580 | Total 8.2917
Epoch 00066 | NCE 9.3991 | KOOP 0.0000 | τ 0.0578 | Total 9.3991
Epoch 00067 | NCE 10.0947 | KOOP 0.0000 | τ 0.0576 | Total 10.0947
Epoch 00068 | NCE 8.6206 | KOOP 0.0000 | τ 0.0574 | Total 8.6206
Epoch 00069 | NCE 6.9427 | KOOP 0.0000 | τ 0.0572 | Total 6.9427
Epoch 00070 | NCE 8.5101 | KOOP 0.0000 | τ 0.0570 | Total 8.5101
Epoch 00071 | NCE 7.5586 | KOOP 0.0000 | τ 0.0569 | Total 7.5586
Epoch 00072 | NCE 6.7993 | KOOP 0.0000 | τ 0.0567 | Total 6.7993
Epoch 00073 | NCE 6.6902 | KOOP 0.0000 | τ 0.0565 | Total 6.6902
Epoch 00074 | NCE 7.5461 | KOOP 0.0000 | τ 0.0563 | Total 7.5461
Epoch 00075 | NCE 6.1571 | KOOP 0.0000 | τ 0.0561 | Total 6.1571
Epoch 00076 | NCE 7.3914 | KOOP 0.0000 | τ 0.0559 | Total 7.3914
Epoch 00077 | NCE 6.1087 | KOOP 0.0000 | τ 0.0558 | Total 6.1087
Epoch 00078 | NCE 6.1987 | KOOP 0.0000 | τ 0.0556 | Total 6.1987
Epoch 00079 | NCE 6.3287 | KOOP 0.0000 | τ 0.0554 | Total 6.3287
Epoch 00080 | NCE 5.8461 | KOOP 0.0000 | τ 0.0553 | Total 5.8461
Epoch 00081 | NCE 7.5162 | KOOP 0.0000 | τ 0.0551 | Total 7.5162
Epoch 00082 | NCE 5.7723 | KOOP 0.0000 | τ 0.0549 | Total 5.7723
Epoch 00083 | NCE 6.0409 | KOOP 0.0000 | τ 0.0548 | Total 6.0409
Epoch 00084 | NCE 6.2168 | KOOP 0.0000 | τ 0.0546 | Total 6.2168
Epoch 00085 | NCE 6.6776 | KOOP 0.0000 | τ 0.0545 | Total 6.6776
Epoch 00086 | NCE 6.9985 | KOOP 0.0000 | τ 0.0543 | Total 6.9985
Epoch 00087 | NCE 5.3167 | KOOP 0.0000 | τ 0.0542 | Total 5.3167
Epoch 00088 | NCE 5.0708 | KOOP 0.0000 | τ 0.0540 | Total 5.0708
Epoch 00089 | NCE 6.2507 | KOOP 0.0000 | τ 0.0539 | Total 6.2507
Epoch 00090 | NCE 5.4694 | KOOP 0.0000 | τ 0.0538 | Total 5.4694
Epoch 00091 | NCE 5.4997 | KOOP 0.0000 | τ 0.0536 | Total 5.4997
Epoch 00092 | NCE 5.8946 | KOOP 0.0000 | τ 0.0535 | Total 5.8946
Epoch 00093 | NCE 5.7954 | KOOP 0.0000 | τ 0.0534 | Total 5.7954
Epoch 00094 | NCE 6.0011 | KOOP 0.0000 | τ 0.0532 | Total 6.0011
Epoch 00095 | NCE 5.2171 | KOOP 0.0000 | τ 0.0531 | Total 5.2171
Epoch 00096 | NCE 4.5378 | KOOP 0.0000 | τ 0.0530 | Total 4.5378
Epoch 00097 | NCE 5.2541 | KOOP 0.0000 | τ 0.0529 | Total 5.2541
Epoch 00098 | NCE 5.5679 | KOOP 0.0000 | τ 0.0528 | Total 5.5679
Epoch 00099 | NCE 6.0420 | KOOP 0.0000 | τ 0.0527 | Total 6.0420
Epoch 00100 | NCE 6.3308 | KOOP 0.0000 | τ 0.0526 | Total 6.3308
Epoch 00101 | NCE 5.1850 | KOOP 0.0000 | τ 0.0524 | Total 5.1850
Epoch 00102 | NCE 5.8434 | KOOP 0.0000 | τ 0.0523 | Total 5.8434
Epoch 00103 | NCE 4.6681 | KOOP 0.0000 | τ 0.0522 | Total 4.6681
Epoch 00104 | NCE 5.8165 | KOOP 0.0000 | τ 0.0521 | Total 5.8165
Epoch 00105 | NCE 5.7861 | KOOP 0.0000 | τ 0.0520 | Total 5.7861
Epoch 00106 | NCE 2.5814 | KOOP 0.0000 | τ 0.0519 | Total 2.5814
Epoch 00107 | NCE 5.5500 | KOOP 0.0000 | τ 0.0519 | Total 5.5500
Epoch 00108 | NCE 5.2260 | KOOP 0.0000 | τ 0.0518 | Total 5.2260
Epoch 00109 | NCE 4.2630 | KOOP 0.0000 | τ 0.0517 | Total 4.2630
Epoch 00110 | NCE 4.6267 | KOOP 0.0000 | τ 0.0516 | Total 4.6267
Epoch 00111 | NCE 5.2514 | KOOP 0.0000 | τ 0.0515 | Total 5.2514
Epoch 00112 | NCE 4.7296 | KOOP 0.0000 | τ 0.0514 | Total 4.7296
Epoch 00113 | NCE 4.4733 | KOOP 0.0000 | τ 0.0513 | Total 4.4733
Epoch 00114 | NCE 4.5426 | KOOP 0.0000 | τ 0.0512 | Total 4.5426
Epoch 00115 | NCE 3.2795 | KOOP 0.0000 | τ 0.0512 | Total 3.2795
Epoch 00116 | NCE 4.8044 | KOOP 0.0000 | τ 0.0511 | Total 4.8044
Epoch 00117 | NCE 2.7806 | KOOP 0.0000 | τ 0.0510 | Total 2.7806
Epoch 00118 | NCE 4.7937 | KOOP 0.0000 | τ 0.0509 | Total 4.7937
Epoch 00119 | NCE 4.5937 | KOOP 0.0000 | τ 0.0509 | Total 4.5937
Epoch 00120 | NCE 4.5465 | KOOP 0.0000 | τ 0.0508 | Total 4.5465
Epoch 00121 | NCE 4.1626 | KOOP 0.0000 | τ 0.0507 | Total 4.1626
Epoch 00122 | NCE 3.7315 | KOOP 0.0000 | τ 0.0506 | Total 3.7315
Epoch 00123 | NCE 5.0805 | KOOP 0.0000 | τ 0.0506 | Total 5.0805
Epoch 00124 | NCE 4.1390 | KOOP 0.0000 | τ 0.0505 | Total 4.1390
Epoch 00125 | NCE 4.7542 | KOOP 0.0000 | τ 0.0505 | Total 4.7542
Epoch 00126 | NCE 4.8941 | KOOP 0.0000 | τ 0.0504 | Total 4.8941
Epoch 00127 | NCE 4.9665 | KOOP 0.0000 | τ 0.0503 | Total 4.9665
Epoch 00128 | NCE 4.0583 | KOOP 0.0000 | τ 0.0503 | Total 4.0583
Epoch 00129 | NCE 4.9802 | KOOP 0.0000 | τ 0.0502 | Total 4.9802
Epoch 00130 | NCE 4.1334 | KOOP 0.0000 | τ 0.0502 | Total 4.1334
Epoch 00131 | NCE 5.0221 | KOOP 0.0000 | τ 0.0501 | Total 5.0221
Epoch 00132 | NCE 3.9111 | KOOP 0.0000 | τ 0.0501 | Total 3.9111
Epoch 00133 | NCE 4.8907 | KOOP 0.0000 | τ 0.0500 | Total 4.8907
Epoch 00134 | NCE 4.2540 | KOOP 0.0000 | τ 0.0500 | Total 4.2540
Epoch 00135 | NCE 3.7682 | KOOP 0.0000 | τ 0.0499 | Total 3.7682
Epoch 00136 | NCE 4.3999 | KOOP 0.0000 | τ 0.0499 | Total 4.3999
Epoch 00137 | NCE 3.9780 | KOOP 0.0000 | τ 0.0498 | Total 3.9780
Epoch 00138 | NCE 4.4530 | KOOP 0.0000 | τ 0.0498 | Total 4.4530
Epoch 00139 | NCE 4.3134 | KOOP 0.0000 | τ 0.0498 | Total 4.3134
Epoch 00140 | NCE 4.2772 | KOOP 0.0000 | τ 0.0497 | Total 4.2772
Epoch 00141 | NCE 3.7277 | KOOP 0.0000 | τ 0.0497 | Total 3.7277
Epoch 00142 | NCE 2.5874 | KOOP 0.0000 | τ 0.0497 | Total 2.5874
Epoch 00143 | NCE 3.9727 | KOOP 0.0000 | τ 0.0496 | Total 3.9727
Epoch 00144 | NCE 4.9651 | KOOP 0.0000 | τ 0.0496 | Total 4.9651
Epoch 00145 | NCE 3.8427 | KOOP 0.0000 | τ 0.0496 | Total 3.8427
Epoch 00146 | NCE 4.1716 | KOOP 0.0000 | τ 0.0495 | Total 4.1716
Epoch 00147 | NCE 3.9609 | KOOP 0.0000 | τ 0.0495 | Total 3.9609
Epoch 00148 | NCE 3.5238 | KOOP 0.0000 | τ 0.0495 | Total 3.5238
Epoch 00149 | NCE 4.7421 | KOOP 0.0000 | τ 0.0494 | Total 4.7421
Epoch 00150 | NCE 4.9222 | KOOP 0.0000 | τ 0.0494 | Total 4.9222
Epoch 00151 | NCE 4.0182 | KOOP 0.0000 | τ 0.0494 | Total 4.0182
Epoch 00152 | NCE 4.6654 | KOOP 0.0000 | τ 0.0494 | Total 4.6654
Epoch 00153 | NCE 3.8210 | KOOP 0.0000 | τ 0.0493 | Total 3.8210
Epoch 00154 | NCE 4.3325 | KOOP 0.0000 | τ 0.0493 | Total 4.3325
Epoch 00155 | NCE 4.1277 | KOOP 0.0000 | τ 0.0493 | Total 4.1277
Epoch 00156 | NCE 3.5785 | KOOP 0.0000 | τ 0.0493 | Total 3.5785
Epoch 00157 | NCE 3.7827 | KOOP 0.0000 | τ 0.0492 | Total 3.7827
Epoch 00158 | NCE 3.3730 | KOOP 0.0000 | τ 0.0492 | Total 3.3730
Epoch 00159 | NCE 3.9811 | KOOP 0.0000 | τ 0.0492 | Total 3.9811
Epoch 00160 | NCE 3.6498 | KOOP 0.0000 | τ 0.0492 | Total 3.6498
Epoch 00161 | NCE 3.8431 | KOOP 0.0000 | τ 0.0492 | Total 3.8431
Epoch 00162 | NCE 2.9028 | KOOP 0.0000 | τ 0.0492 | Total 2.9028
Epoch 00163 | NCE 4.5338 | KOOP 0.0000 | τ 0.0491 | Total 4.5338
Epoch 00164 | NCE 3.7610 | KOOP 0.0000 | τ 0.0491 | Total 3.7610
Epoch 00165 | NCE 4.2643 | KOOP 0.0000 | τ 0.0491 | Total 4.2643
Epoch 00166 | NCE 3.9512 | KOOP 0.0000 | τ 0.0491 | Total 3.9512
Epoch 00167 | NCE 4.8380 | KOOP 0.0000 | τ 0.0491 | Total 4.8380
Epoch 00168 | NCE 4.5042 | KOOP 0.0000 | τ 0.0491 | Total 4.5042
Epoch 00169 | NCE 4.3175 | KOOP 0.0000 | τ 0.0491 | Total 4.3175
Epoch 00170 | NCE 3.5954 | KOOP 0.0000 | τ 0.0491 | Total 3.5954
Epoch 00171 | NCE 4.1035 | KOOP 0.0000 | τ 0.0491 | Total 4.1035
Epoch 00172 | NCE 3.2422 | KOOP 0.0000 | τ 0.0490 | Total 3.2422
Epoch 00173 | NCE 3.9703 | KOOP 0.0000 | τ 0.0490 | Total 3.9703
Epoch 00174 | NCE 3.4569 | KOOP 0.0000 | τ 0.0490 | Total 3.4569
Epoch 00175 | NCE 3.5042 | KOOP 0.0000 | τ 0.0490 | Total 3.5042
Epoch 00176 | NCE 4.3211 | KOOP 0.0000 | τ 0.0490 | Total 4.3211
Epoch 00177 | NCE 3.9560 | KOOP 0.0000 | τ 0.0490 | Total 3.9560
Epoch 00178 | NCE 4.0318 | KOOP 0.0000 | τ 0.0490 | Total 4.0318
Epoch 00179 | NCE 3.8868 | KOOP 0.0000 | τ 0.0490 | Total 3.8868
Epoch 00180 | NCE 4.2237 | KOOP 0.0000 | τ 0.0490 | Total 4.2237
Epoch 00181 | NCE 3.6554 | KOOP 0.0000 | τ 0.0490 | Total 3.6554
Epoch 00182 | NCE 3.1574 | KOOP 0.0000 | τ 0.0490 | Total 3.1574
Epoch 00183 | NCE 3.9028 | KOOP 0.0000 | τ 0.0490 | Total 3.9028
Epoch 00184 | NCE 4.3357 | KOOP 0.0000 | τ 0.0490 | Total 4.3357
Epoch 00185 | NCE 2.6699 | KOOP 0.0000 | τ 0.0490 | Total 2.6699
Epoch 00186 | NCE 3.0334 | KOOP 0.0000 | τ 0.0490 | Total 3.0334
Epoch 00187 | NCE 3.7582 | KOOP 0.0000 | τ 0.0490 | Total 3.7582
Epoch 00188 | NCE 4.4436 | KOOP 0.0000 | τ 0.0490 | Total 4.4436
Epoch 00189 | NCE 4.2937 | KOOP 0.0000 | τ 0.0490 | Total 4.2937
Epoch 00190 | NCE 3.1216 | KOOP 0.0000 | τ 0.0490 | Total 3.1216
Epoch 00191 | NCE 3.5845 | KOOP 0.0000 | τ 0.0490 | Total 3.5845
Epoch 00192 | NCE 3.3046 | KOOP 0.0000 | τ 0.0490 | Total 3.3046
Epoch 00193 | NCE 4.3743 | KOOP 0.0000 | τ 0.0490 | Total 4.3743
Epoch 00194 | NCE 3.9678 | KOOP 0.0000 | τ 0.0490 | Total 3.9678
Epoch 00195 | NCE 3.9310 | KOOP 0.0000 | τ 0.0490 | Total 3.9310
Epoch 00196 | NCE 4.6097 | KOOP 0.0000 | τ 0.0490 | Total 4.6097
Epoch 00197 | NCE 4.4624 | KOOP 0.0000 | τ 0.0490 | Total 4.4624
Epoch 00198 | NCE 3.0766 | KOOP 0.0000 | τ 0.0490 | Total 3.0766
Epoch 00199 | NCE 3.6581 | KOOP 0.0000 | τ 0.0490 | Total 3.6581

AUC (S1+S2+S3 combined): 0.9516
  S1 temporal: 0.9104 | S2 Koopman: 0.9175 | S3 nbr-dev: 0.5964
[ablate-result] ablation=no_koop_anomaly seed=24 dataset=reddit task=anomaly_detection result={'auc': 0.9516006395470044, 'auc_s1': 0.9103851997622342, 'auc_s2': 0.9174930930567419, 'auc_s3': 0.5963852717757199}
