/nas/home/jahin/.local/lib/python3.10/site-packages/requests/__init__.py:113: RequestsDependencyWarning: urllib3 (1.26.5) or chardet (7.2.0)/charset_normalizer (3.4.4) doesn't match a supported version!
  warnings.warn(
[ablate] mode=none seed=7 dataset=tax51 task=classification
/nas/home/jahin/.local/lib/python3.10/site-packages/torch/cuda/__init__.py:654: UserWarning: Can't initialize NVML
  warnings.warn("Can't initialize NVML")
[KAIROS] Using device: cuda:0 (NVIDIA RTX A6000)
[KAIROS] Classification task → λ_koop overridden to 0.0
[KAIROS] Large graph (132524 nodes) → mini-batch sampler fanout=[20, 20]

Training 200 epochs | 5 views | λ_koop=0.0 | PPR α=0.15

/nas/home/jahin/.local/lib/python3.10/site-packages/dgl/dataloading/dataloader.py:1144: DGLWarning: Dataloader CPU affinity opt is not enabled, consider switching it on (see enable_cpu_affinity() or CPU best practices for DGL [https://docs.dgl.ai/tutorials/cpu/cpu_best_practises.html])
  dgl_warning(
Epoch 00000 | NCE 117.8400 | KOOP 0.0000 | τ 0.0703 | Total 117.8400
Epoch 00001 | NCE 102.9486 | KOOP 0.0000 | τ 0.0705 | Total 102.9486
Epoch 00002 | NCE 103.7569 | KOOP 0.0000 | τ 0.0708 | Total 103.7569
Epoch 00003 | NCE 96.1950 | KOOP 0.0000 | τ 0.0710 | Total 96.1950
Epoch 00004 | NCE 90.9025 | KOOP 0.0000 | τ 0.0712 | Total 90.9025
Epoch 00005 | NCE 93.1353 | KOOP 0.0000 | τ 0.0713 | Total 93.1353
Epoch 00006 | NCE 84.5965 | KOOP 0.0000 | τ 0.0713 | Total 84.5965
Epoch 00007 | NCE 78.4908 | KOOP 0.0000 | τ 0.0713 | Total 78.4908
Epoch 00008 | NCE 68.9010 | KOOP 0.0000 | τ 0.0712 | Total 68.9010
Epoch 00009 | NCE 68.6699 | KOOP 0.0000 | τ 0.0711 | Total 68.6699
Epoch 00010 | NCE 68.2347 | KOOP 0.0000 | τ 0.0709 | Total 68.2347
Epoch 00011 | NCE 68.1775 | KOOP 0.0000 | τ 0.0707 | Total 68.1775
Epoch 00012 | NCE 54.2520 | KOOP 0.0000 | τ 0.0705 | Total 54.2520
Epoch 00013 | NCE 56.0595 | KOOP 0.0000 | τ 0.0703 | Total 56.0595
Epoch 00014 | NCE 55.1313 | KOOP 0.0000 | τ 0.0701 | Total 55.1313
Epoch 00015 | NCE 54.1297 | KOOP 0.0000 | τ 0.0698 | Total 54.1297
Epoch 00016 | NCE 53.8763 | KOOP 0.0000 | τ 0.0696 | Total 53.8763
Epoch 00017 | NCE 50.8773 | KOOP 0.0000 | τ 0.0694 | Total 50.8773
Epoch 00018 | NCE 44.1133 | KOOP 0.0000 | τ 0.0691 | Total 44.1133
Epoch 00019 | NCE 46.7894 | KOOP 0.0000 | τ 0.0689 | Total 46.7894
Epoch 00020 | NCE 41.5931 | KOOP 0.0000 | τ 0.0686 | Total 41.5931
Epoch 00021 | NCE 44.4164 | KOOP 0.0000 | τ 0.0684 | Total 44.4164
Epoch 00022 | NCE 33.1885 | KOOP 0.0000 | τ 0.0681 | Total 33.1885
Epoch 00023 | NCE 33.0351 | KOOP 0.0000 | τ 0.0678 | Total 33.0351
Epoch 00024 | NCE 28.1188 | KOOP 0.0000 | τ 0.0675 | Total 28.1188
Epoch 00025 | NCE 36.4938 | KOOP 0.0000 | τ 0.0673 | Total 36.4938
Epoch 00026 | NCE 35.7573 | KOOP 0.0000 | τ 0.0670 | Total 35.7573
Epoch 00027 | NCE 28.7503 | KOOP 0.0000 | τ 0.0667 | Total 28.7503
Epoch 00028 | NCE 34.2447 | KOOP 0.0000 | τ 0.0664 | Total 34.2447
Epoch 00029 | NCE 32.9037 | KOOP 0.0000 | τ 0.0661 | Total 32.9037
Epoch 00030 | NCE 28.5770 | KOOP 0.0000 | τ 0.0658 | Total 28.5770
Epoch 00031 | NCE 32.8968 | KOOP 0.0000 | τ 0.0656 | Total 32.8968
Epoch 00032 | NCE 28.8070 | KOOP 0.0000 | τ 0.0653 | Total 28.8070
Epoch 00033 | NCE 28.0649 | KOOP 0.0000 | τ 0.0650 | Total 28.0649
Epoch 00034 | NCE 29.0943 | KOOP 0.0000 | τ 0.0647 | Total 29.0943
Epoch 00035 | NCE 27.2029 | KOOP 0.0000 | τ 0.0644 | Total 27.2029
Epoch 00036 | NCE 25.4029 | KOOP 0.0000 | τ 0.0642 | Total 25.4029
Epoch 00037 | NCE 24.1908 | KOOP 0.0000 | τ 0.0639 | Total 24.1908
Epoch 00038 | NCE 20.8596 | KOOP 0.0000 | τ 0.0636 | Total 20.8596
Epoch 00039 | NCE 23.1313 | KOOP 0.0000 | τ 0.0633 | Total 23.1313
Epoch 00040 | NCE 22.2211 | KOOP 0.0000 | τ 0.0631 | Total 22.2211
Epoch 00041 | NCE 19.0758 | KOOP 0.0000 | τ 0.0628 | Total 19.0758
Epoch 00042 | NCE 23.5710 | KOOP 0.0000 | τ 0.0625 | Total 23.5710
Epoch 00043 | NCE 17.3998 | KOOP 0.0000 | τ 0.0622 | Total 17.3998
Epoch 00044 | NCE 20.2039 | KOOP 0.0000 | τ 0.0620 | Total 20.2039
Epoch 00045 | NCE 21.8695 | KOOP 0.0000 | τ 0.0617 | Total 21.8695
Epoch 00046 | NCE 14.6991 | KOOP 0.0000 | τ 0.0614 | Total 14.6991
Epoch 00047 | NCE 14.8958 | KOOP 0.0000 | τ 0.0612 | Total 14.8958
Epoch 00048 | NCE 14.6603 | KOOP 0.0000 | τ 0.0609 | Total 14.6603
Epoch 00049 | NCE 14.4668 | KOOP 0.0000 | τ 0.0606 | Total 14.4668
Epoch 00050 | NCE 17.4928 | KOOP 0.0000 | τ 0.0604 | Total 17.4928
Epoch 00051 | NCE 13.6882 | KOOP 0.0000 | τ 0.0601 | Total 13.6882
Epoch 00052 | NCE 16.4507 | KOOP 0.0000 | τ 0.0599 | Total 16.4507
Epoch 00053 | NCE 19.3345 | KOOP 0.0000 | τ 0.0596 | Total 19.3345
Epoch 00054 | NCE 17.6600 | KOOP 0.0000 | τ 0.0594 | Total 17.6600
Epoch 00055 | NCE 14.6411 | KOOP 0.0000 | τ 0.0591 | Total 14.6411
Epoch 00056 | NCE 15.3097 | KOOP 0.0000 | τ 0.0589 | Total 15.3097
Epoch 00057 | NCE 14.7649 | KOOP 0.0000 | τ 0.0587 | Total 14.7649
Epoch 00058 | NCE 18.2970 | KOOP 0.0000 | τ 0.0585 | Total 18.2970
Epoch 00059 | NCE 10.9860 | KOOP 0.0000 | τ 0.0582 | Total 10.9860
Epoch 00060 | NCE 12.1647 | KOOP 0.0000 | τ 0.0580 | Total 12.1647
Epoch 00061 | NCE 11.4384 | KOOP 0.0000 | τ 0.0578 | Total 11.4384
Epoch 00062 | NCE 10.4162 | KOOP 0.0000 | τ 0.0576 | Total 10.4162
Epoch 00063 | NCE 14.6820 | KOOP 0.0000 | τ 0.0574 | Total 14.6820
Epoch 00064 | NCE 17.1532 | KOOP 0.0000 | τ 0.0572 | Total 17.1532
Epoch 00065 | NCE 16.7123 | KOOP 0.0000 | τ 0.0570 | Total 16.7123
Epoch 00066 | NCE 9.6083 | KOOP 0.0000 | τ 0.0568 | Total 9.6083
Epoch 00067 | NCE 13.1727 | KOOP 0.0000 | τ 0.0566 | Total 13.1727
Epoch 00068 | NCE 14.1634 | KOOP 0.0000 | τ 0.0564 | Total 14.1634
Epoch 00069 | NCE 14.7191 | KOOP 0.0000 | τ 0.0562 | Total 14.7191
Epoch 00070 | NCE 15.9518 | KOOP 0.0000 | τ 0.0560 | Total 15.9518
Epoch 00071 | NCE 8.8188 | KOOP 0.0000 | τ 0.0558 | Total 8.8188
Epoch 00072 | NCE 12.0348 | KOOP 0.0000 | τ 0.0557 | Total 12.0348
Epoch 00073 | NCE 12.5558 | KOOP 0.0000 | τ 0.0555 | Total 12.5558
Epoch 00074 | NCE 13.7188 | KOOP 0.0000 | τ 0.0553 | Total 13.7188
Epoch 00075 | NCE 14.0796 | KOOP 0.0000 | τ 0.0551 | Total 14.0796
Epoch 00076 | NCE 10.8989 | KOOP 0.0000 | τ 0.0550 | Total 10.8989
Epoch 00077 | NCE 8.1563 | KOOP 0.0000 | τ 0.0548 | Total 8.1563
Epoch 00078 | NCE 10.6130 | KOOP 0.0000 | τ 0.0547 | Total 10.6130
Epoch 00079 | NCE 10.4128 | KOOP 0.0000 | τ 0.0545 | Total 10.4128
Epoch 00080 | NCE 9.6326 | KOOP 0.0000 | τ 0.0543 | Total 9.6326
Epoch 00081 | NCE 12.1380 | KOOP 0.0000 | τ 0.0542 | Total 12.1380
Epoch 00082 | NCE 13.0283 | KOOP 0.0000 | τ 0.0540 | Total 13.0283
Epoch 00083 | NCE 7.9566 | KOOP 0.0000 | τ 0.0539 | Total 7.9566
Epoch 00084 | NCE 9.5049 | KOOP 0.0000 | τ 0.0537 | Total 9.5049
Epoch 00085 | NCE 8.9196 | KOOP 0.0000 | τ 0.0536 | Total 8.9196
Epoch 00086 | NCE 10.3246 | KOOP 0.0000 | τ 0.0535 | Total 10.3246
Epoch 00087 | NCE 9.2214 | KOOP 0.0000 | τ 0.0533 | Total 9.2214
Epoch 00088 | NCE 9.8323 | KOOP 0.0000 | τ 0.0532 | Total 9.8323
Epoch 00089 | NCE 13.7533 | KOOP 0.0000 | τ 0.0531 | Total 13.7533
Epoch 00090 | NCE 10.2249 | KOOP 0.0000 | τ 0.0529 | Total 10.2249
Epoch 00091 | NCE 11.2722 | KOOP 0.0000 | τ 0.0528 | Total 11.2722
Epoch 00092 | NCE 6.4570 | KOOP 0.0000 | τ 0.0527 | Total 6.4570
Epoch 00093 | NCE 6.1882 | KOOP 0.0000 | τ 0.0526 | Total 6.1882
Epoch 00094 | NCE 10.0986 | KOOP 0.0000 | τ 0.0524 | Total 10.0986
Epoch 00095 | NCE 9.0573 | KOOP 0.0000 | τ 0.0523 | Total 9.0573
Epoch 00096 | NCE 11.3932 | KOOP 0.0000 | τ 0.0522 | Total 11.3932
Epoch 00097 | NCE 12.3055 | KOOP 0.0000 | τ 0.0521 | Total 12.3055
Epoch 00098 | NCE 10.8541 | KOOP 0.0000 | τ 0.0520 | Total 10.8541
Epoch 00099 | NCE 10.0440 | KOOP 0.0000 | τ 0.0519 | Total 10.0440
Epoch 00100 | NCE 9.9385 | KOOP 0.0000 | τ 0.0518 | Total 9.9385
Epoch 00101 | NCE 10.0593 | KOOP 0.0000 | τ 0.0517 | Total 10.0593
Epoch 00102 | NCE 8.6265 | KOOP 0.0000 | τ 0.0516 | Total 8.6265
Epoch 00103 | NCE 9.0389 | KOOP 0.0000 | τ 0.0515 | Total 9.0389
Epoch 00104 | NCE 6.4144 | KOOP 0.0000 | τ 0.0514 | Total 6.4144
Epoch 00105 | NCE 9.0399 | KOOP 0.0000 | τ 0.0513 | Total 9.0399
Epoch 00106 | NCE 7.1886 | KOOP 0.0000 | τ 0.0512 | Total 7.1886
Epoch 00107 | NCE 8.8235 | KOOP 0.0000 | τ 0.0511 | Total 8.8235
Epoch 00108 | NCE 8.2934 | KOOP 0.0000 | τ 0.0511 | Total 8.2934
Epoch 00109 | NCE 8.7511 | KOOP 0.0000 | τ 0.0510 | Total 8.7511
Epoch 00110 | NCE 8.0378 | KOOP 0.0000 | τ 0.0509 | Total 8.0378
Epoch 00111 | NCE 9.1444 | KOOP 0.0000 | τ 0.0508 | Total 9.1444
Epoch 00112 | NCE 5.9429 | KOOP 0.0000 | τ 0.0507 | Total 5.9429
Epoch 00113 | NCE 10.8949 | KOOP 0.0000 | τ 0.0506 | Total 10.8949
Epoch 00114 | NCE 8.8274 | KOOP 0.0000 | τ 0.0506 | Total 8.8274
Epoch 00115 | NCE 4.9478 | KOOP 0.0000 | τ 0.0505 | Total 4.9478
Epoch 00116 | NCE 11.6979 | KOOP 0.0000 | τ 0.0504 | Total 11.6979
Epoch 00117 | NCE 10.2282 | KOOP 0.0000 | τ 0.0504 | Total 10.2282
Epoch 00118 | NCE 10.1848 | KOOP 0.0000 | τ 0.0503 | Total 10.1848
Epoch 00119 | NCE 8.0665 | KOOP 0.0000 | τ 0.0502 | Total 8.0665
Epoch 00120 | NCE 7.9012 | KOOP 0.0000 | τ 0.0502 | Total 7.9012
Epoch 00121 | NCE 8.5723 | KOOP 0.0000 | τ 0.0501 | Total 8.5723
Epoch 00122 | NCE 6.8577 | KOOP 0.0000 | τ 0.0500 | Total 6.8577
Epoch 00123 | NCE 9.5618 | KOOP 0.0000 | τ 0.0500 | Total 9.5618
Epoch 00124 | NCE 8.6833 | KOOP 0.0000 | τ 0.0499 | Total 8.6833
Epoch 00125 | NCE 4.6455 | KOOP 0.0000 | τ 0.0499 | Total 4.6455
Epoch 00126 | NCE 9.4012 | KOOP 0.0000 | τ 0.0498 | Total 9.4012
Epoch 00127 | NCE 9.1010 | KOOP 0.0000 | τ 0.0498 | Total 9.1010
Epoch 00128 | NCE 8.9487 | KOOP 0.0000 | τ 0.0497 | Total 8.9487
Epoch 00129 | NCE 8.1070 | KOOP 0.0000 | τ 0.0497 | Total 8.1070
Epoch 00130 | NCE 8.4971 | KOOP 0.0000 | τ 0.0496 | Total 8.4971
Epoch 00131 | NCE 6.6946 | KOOP 0.0000 | τ 0.0496 | Total 6.6946
Epoch 00132 | NCE 7.2112 | KOOP 0.0000 | τ 0.0495 | Total 7.2112
Epoch 00133 | NCE 7.2282 | KOOP 0.0000 | τ 0.0495 | Total 7.2282
Epoch 00134 | NCE 8.1419 | KOOP 0.0000 | τ 0.0494 | Total 8.1419
Epoch 00135 | NCE 7.2088 | KOOP 0.0000 | τ 0.0494 | Total 7.2088
Epoch 00136 | NCE 7.0905 | KOOP 0.0000 | τ 0.0494 | Total 7.0905
Epoch 00137 | NCE 8.6506 | KOOP 0.0000 | τ 0.0493 | Total 8.6506
Epoch 00138 | NCE 6.6433 | KOOP 0.0000 | τ 0.0493 | Total 6.6433
Epoch 00139 | NCE 8.2182 | KOOP 0.0000 | τ 0.0492 | Total 8.2182
Epoch 00140 | NCE 4.2735 | KOOP 0.0000 | τ 0.0492 | Total 4.2735
Epoch 00141 | NCE 8.3200 | KOOP 0.0000 | τ 0.0492 | Total 8.3200
Epoch 00142 | NCE 6.8798 | KOOP 0.0000 | τ 0.0491 | Total 6.8798
Epoch 00143 | NCE 7.7589 | KOOP 0.0000 | τ 0.0491 | Total 7.7589
Epoch 00144 | NCE 9.2445 | KOOP 0.0000 | τ 0.0491 | Total 9.2445
Epoch 00145 | NCE 6.5845 | KOOP 0.0000 | τ 0.0490 | Total 6.5845
Epoch 00146 | NCE 5.0149 | KOOP 0.0000 | τ 0.0490 | Total 5.0149
Epoch 00147 | NCE 8.2355 | KOOP 0.0000 | τ 0.0490 | Total 8.2355
Epoch 00148 | NCE 6.5171 | KOOP 0.0000 | τ 0.0490 | Total 6.5171
Epoch 00149 | NCE 4.9175 | KOOP 0.0000 | τ 0.0489 | Total 4.9175
Epoch 00150 | NCE 6.6181 | KOOP 0.0000 | τ 0.0489 | Total 6.6181
Epoch 00151 | NCE 8.5816 | KOOP 0.0000 | τ 0.0489 | Total 8.5816
Epoch 00152 | NCE 6.8395 | KOOP 0.0000 | τ 0.0489 | Total 6.8395
Epoch 00153 | NCE 4.2153 | KOOP 0.0000 | τ 0.0488 | Total 4.2153
Epoch 00154 | NCE 6.2925 | KOOP 0.0000 | τ 0.0488 | Total 6.2925
Epoch 00155 | NCE 6.6186 | KOOP 0.0000 | τ 0.0488 | Total 6.6186
Epoch 00156 | NCE 6.9094 | KOOP 0.0000 | τ 0.0488 | Total 6.9094
Epoch 00157 | NCE 6.4963 | KOOP 0.0000 | τ 0.0487 | Total 6.4963
Epoch 00158 | NCE 8.0967 | KOOP 0.0000 | τ 0.0487 | Total 8.0967
Epoch 00159 | NCE 8.7193 | KOOP 0.0000 | τ 0.0487 | Total 8.7193
Epoch 00160 | NCE 8.2273 | KOOP 0.0000 | τ 0.0487 | Total 8.2273
Epoch 00161 | NCE 3.9397 | KOOP 0.0000 | τ 0.0487 | Total 3.9397
Epoch 00162 | NCE 8.3698 | KOOP 0.0000 | τ 0.0487 | Total 8.3698
Epoch 00163 | NCE 7.7772 | KOOP 0.0000 | τ 0.0486 | Total 7.7772
Epoch 00164 | NCE 7.8792 | KOOP 0.0000 | τ 0.0486 | Total 7.8792
Epoch 00165 | NCE 7.7868 | KOOP 0.0000 | τ 0.0486 | Total 7.7868
Epoch 00166 | NCE 6.5126 | KOOP 0.0000 | τ 0.0486 | Total 6.5126
Epoch 00167 | NCE 6.5050 | KOOP 0.0000 | τ 0.0486 | Total 6.5050
Epoch 00168 | NCE 6.5787 | KOOP 0.0000 | τ 0.0486 | Total 6.5787
Epoch 00169 | NCE 8.1625 | KOOP 0.0000 | τ 0.0486 | Total 8.1625
Epoch 00170 | NCE 7.5155 | KOOP 0.0000 | τ 0.0486 | Total 7.5155
Epoch 00171 | NCE 8.1583 | KOOP 0.0000 | τ 0.0486 | Total 8.1583
Epoch 00172 | NCE 8.5751 | KOOP 0.0000 | τ 0.0485 | Total 8.5751
Epoch 00173 | NCE 7.0439 | KOOP 0.0000 | τ 0.0485 | Total 7.0439
Epoch 00174 | NCE 8.9035 | KOOP 0.0000 | τ 0.0485 | Total 8.9035
Epoch 00175 | NCE 6.9222 | KOOP 0.0000 | τ 0.0485 | Total 6.9222
Epoch 00176 | NCE 7.3840 | KOOP 0.0000 | τ 0.0485 | Total 7.3840
Epoch 00177 | NCE 6.9491 | KOOP 0.0000 | τ 0.0485 | Total 6.9491
Epoch 00178 | NCE 7.5330 | KOOP 0.0000 | τ 0.0485 | Total 7.5330
Epoch 00179 | NCE 7.2539 | KOOP 0.0000 | τ 0.0485 | Total 7.2539
Epoch 00180 | NCE 7.0826 | KOOP 0.0000 | τ 0.0485 | Total 7.0826
Epoch 00181 | NCE 3.2795 | KOOP 0.0000 | τ 0.0485 | Total 3.2795
Epoch 00182 | NCE 8.2976 | KOOP 0.0000 | τ 0.0485 | Total 8.2976
Epoch 00183 | NCE 5.0775 | KOOP 0.0000 | τ 0.0485 | Total 5.0775
Epoch 00184 | NCE 7.3894 | KOOP 0.0000 | τ 0.0485 | Total 7.3894
Epoch 00185 | NCE 8.2441 | KOOP 0.0000 | τ 0.0485 | Total 8.2441
Epoch 00186 | NCE 8.6149 | KOOP 0.0000 | τ 0.0485 | Total 8.6149
Epoch 00187 | NCE 7.7167 | KOOP 0.0000 | τ 0.0485 | Total 7.7167
Epoch 00188 | NCE 5.8826 | KOOP 0.0000 | τ 0.0485 | Total 5.8826
Epoch 00189 | NCE 4.9834 | KOOP 0.0000 | τ 0.0485 | Total 4.9834
Epoch 00190 | NCE 6.4278 | KOOP 0.0000 | τ 0.0485 | Total 6.4278
Epoch 00191 | NCE 5.2481 | KOOP 0.0000 | τ 0.0485 | Total 5.2481
Epoch 00192 | NCE 7.9517 | KOOP 0.0000 | τ 0.0485 | Total 7.9517
Epoch 00193 | NCE 7.7391 | KOOP 0.0000 | τ 0.0485 | Total 7.7391
Epoch 00194 | NCE 5.4795 | KOOP 0.0000 | τ 0.0485 | Total 5.4795
Epoch 00195 | NCE 8.0935 | KOOP 0.0000 | τ 0.0485 | Total 8.0935
Epoch 00196 | NCE 4.1851 | KOOP 0.0000 | τ 0.0485 | Total 4.1851
Epoch 00197 | NCE 7.0071 | KOOP 0.0000 | τ 0.0485 | Total 7.0071
Epoch 00198 | NCE 7.6398 | KOOP 0.0000 | τ 0.0485 | Total 7.6398
Epoch 00199 | NCE 4.9251 | KOOP 0.0000 | τ 0.0485 | Total 4.9251
  LinEval    0 | train 0.0138 | val 0.0390 | micro 0.0360 | wei 0.0292
  LinEval  500 | train 0.4620 | val 0.4339 | micro 0.4304 | wei 0.3588
  LinEval 1000 | train 0.4665 | val 0.4329 | micro 0.4290 | wei 0.3600
  LinEval 1500 | train 0.4704 | val 0.4322 | micro 0.4289 | wei 0.3602
  LinEval 1999 | train 0.4691 | val 0.4326 | micro 0.4284 | wei 0.3600
  LinEval    0 | train 0.0056 | val 0.0720 | micro 0.0713 | wei 0.0969
  LinEval  500 | train 0.4613 | val 0.4341 | micro 0.4295 | wei 0.3586
  LinEval 1000 | train 0.4682 | val 0.4324 | micro 0.4287 | wei 0.3598
  LinEval 1500 | train 0.4702 | val 0.4322 | micro 0.4287 | wei 0.3601
  LinEval 1999 | train 0.4695 | val 0.4326 | micro 0.4285 | wei 0.3601
  LinEval    0 | train 0.0222 | val 0.0915 | micro 0.0927 | wei 0.0975
  LinEval  500 | train 0.4624 | val 0.4331 | micro 0.4297 | wei 0.3585
  LinEval 1000 | train 0.4689 | val 0.4326 | micro 0.4288 | wei 0.3599
  LinEval 1500 | train 0.4700 | val 0.4320 | micro 0.4286 | wei 0.3600
  LinEval 1999 | train 0.4700 | val 0.4320 | micro 0.4286 | wei 0.3601
  LinEval    0 | train 0.0172 | val 0.0880 | micro 0.0932 | wei 0.1146
  LinEval  500 | train 0.4637 | val 0.4326 | micro 0.4296 | wei 0.3585
  LinEval 1000 | train 0.4676 | val 0.4320 | micro 0.4288 | wei 0.3599
  LinEval 1500 | train 0.4700 | val 0.4322 | micro 0.4288 | wei 0.3602
  LinEval 1999 | train 0.4691 | val 0.4329 | micro 0.4286 | wei 0.3601
  LinEval    0 | train 0.0140 | val 0.0463 | micro 0.0470 | wei 0.0419
  LinEval  500 | train 0.4633 | val 0.4337 | micro 0.4298 | wei 0.3587
  LinEval 1000 | train 0.4684 | val 0.4322 | micro 0.4289 | wei 0.3600
  LinEval 1500 | train 0.4700 | val 0.4320 | micro 0.4288 | wei 0.3601
  LinEval 1999 | train 0.4702 | val 0.4320 | micro 0.4287 | wei 0.3602

Linear evaluation  Acc: 0.4307  Wei-F1: 0.3537
[ablate-result] ablation=none seed=7 dataset=tax51 task=classification result={'accuracy': 0.4306543469429016, 'weighted_f1': 0.3536895215511322}
