/nas/home/jahin/.local/lib/python3.10/site-packages/requests/__init__.py:113: RequestsDependencyWarning: urllib3 (1.26.5) or chardet (7.2.0)/charset_normalizer (3.4.4) doesn't match a supported version!
  warnings.warn(
[ablate] mode=none seed=99 dataset=tax51 task=classification
/nas/home/jahin/.local/lib/python3.10/site-packages/torch/cuda/__init__.py:654: UserWarning: Can't initialize NVML
  warnings.warn("Can't initialize NVML")
[KAIROS] Using device: cuda:0 (NVIDIA RTX A6000)
[KAIROS] Classification task → λ_koop overridden to 0.0
[KAIROS] Large graph (132524 nodes) → mini-batch sampler fanout=[20, 20]

Training 200 epochs | 5 views | λ_koop=0.0 | PPR α=0.15

/nas/home/jahin/.local/lib/python3.10/site-packages/dgl/dataloading/dataloader.py:1144: DGLWarning: Dataloader CPU affinity opt is not enabled, consider switching it on (see enable_cpu_affinity() or CPU best practices for DGL [https://docs.dgl.ai/tutorials/cpu/cpu_best_practises.html])
  dgl_warning(
Epoch 00000 | NCE 118.4294 | KOOP 0.0000 | τ 0.0703 | Total 118.4294
Epoch 00001 | NCE 109.7989 | KOOP 0.0000 | τ 0.0706 | Total 109.7989
Epoch 00002 | NCE 97.4617 | KOOP 0.0000 | τ 0.0708 | Total 97.4617
Epoch 00003 | NCE 98.8464 | KOOP 0.0000 | τ 0.0710 | Total 98.8464
Epoch 00004 | NCE 88.1114 | KOOP 0.0000 | τ 0.0712 | Total 88.1114
Epoch 00005 | NCE 84.9138 | KOOP 0.0000 | τ 0.0713 | Total 84.9138
Epoch 00006 | NCE 83.7943 | KOOP 0.0000 | τ 0.0713 | Total 83.7943
Epoch 00007 | NCE 80.9245 | KOOP 0.0000 | τ 0.0713 | Total 80.9245
Epoch 00008 | NCE 69.1870 | KOOP 0.0000 | τ 0.0712 | Total 69.1870
Epoch 00009 | NCE 74.7283 | KOOP 0.0000 | τ 0.0711 | Total 74.7283
Epoch 00010 | NCE 69.1517 | KOOP 0.0000 | τ 0.0709 | Total 69.1517
Epoch 00011 | NCE 67.8829 | KOOP 0.0000 | τ 0.0708 | Total 67.8829
Epoch 00012 | NCE 64.7238 | KOOP 0.0000 | τ 0.0706 | Total 64.7238
Epoch 00013 | NCE 51.8808 | KOOP 0.0000 | τ 0.0704 | Total 51.8808
Epoch 00014 | NCE 56.9196 | KOOP 0.0000 | τ 0.0702 | Total 56.9196
Epoch 00015 | NCE 53.3211 | KOOP 0.0000 | τ 0.0700 | Total 53.3211
Epoch 00016 | NCE 53.7087 | KOOP 0.0000 | τ 0.0697 | Total 53.7087
Epoch 00017 | NCE 49.2468 | KOOP 0.0000 | τ 0.0695 | Total 49.2468
Epoch 00018 | NCE 42.6520 | KOOP 0.0000 | τ 0.0693 | Total 42.6520
Epoch 00019 | NCE 49.1005 | KOOP 0.0000 | τ 0.0690 | Total 49.1005
Epoch 00020 | NCE 46.0456 | KOOP 0.0000 | τ 0.0688 | Total 46.0456
Epoch 00021 | NCE 41.6299 | KOOP 0.0000 | τ 0.0685 | Total 41.6299
Epoch 00022 | NCE 31.9394 | KOOP 0.0000 | τ 0.0682 | Total 31.9394
Epoch 00023 | NCE 41.1903 | KOOP 0.0000 | τ 0.0680 | Total 41.1903
Epoch 00024 | NCE 36.9502 | KOOP 0.0000 | τ 0.0677 | Total 36.9502
Epoch 00025 | NCE 35.0709 | KOOP 0.0000 | τ 0.0674 | Total 35.0709
Epoch 00026 | NCE 31.7206 | KOOP 0.0000 | τ 0.0671 | Total 31.7206
Epoch 00027 | NCE 30.8828 | KOOP 0.0000 | τ 0.0668 | Total 30.8828
Epoch 00028 | NCE 35.2717 | KOOP 0.0000 | τ 0.0665 | Total 35.2717
Epoch 00029 | NCE 30.4300 | KOOP 0.0000 | τ 0.0663 | Total 30.4300
Epoch 00030 | NCE 26.4384 | KOOP 0.0000 | τ 0.0660 | Total 26.4384
Epoch 00031 | NCE 21.2443 | KOOP 0.0000 | τ 0.0657 | Total 21.2443
Epoch 00032 | NCE 27.8095 | KOOP 0.0000 | τ 0.0654 | Total 27.8095
Epoch 00033 | NCE 29.5454 | KOOP 0.0000 | τ 0.0651 | Total 29.5454
Epoch 00034 | NCE 21.0198 | KOOP 0.0000 | τ 0.0648 | Total 21.0198
Epoch 00035 | NCE 28.8254 | KOOP 0.0000 | τ 0.0645 | Total 28.8254
Epoch 00036 | NCE 20.5800 | KOOP 0.0000 | τ 0.0642 | Total 20.5800
Epoch 00037 | NCE 25.0729 | KOOP 0.0000 | τ 0.0639 | Total 25.0729
Epoch 00038 | NCE 16.3402 | KOOP 0.0000 | τ 0.0636 | Total 16.3402
Epoch 00039 | NCE 15.6871 | KOOP 0.0000 | τ 0.0633 | Total 15.6871
Epoch 00040 | NCE 20.3406 | KOOP 0.0000 | τ 0.0631 | Total 20.3406
Epoch 00041 | NCE 16.2299 | KOOP 0.0000 | τ 0.0628 | Total 16.2299
Epoch 00042 | NCE 16.9719 | KOOP 0.0000 | τ 0.0625 | Total 16.9719
Epoch 00043 | NCE 16.0117 | KOOP 0.0000 | τ 0.0622 | Total 16.0117
Epoch 00044 | NCE 19.3663 | KOOP 0.0000 | τ 0.0619 | Total 19.3663
Epoch 00045 | NCE 16.3051 | KOOP 0.0000 | τ 0.0617 | Total 16.3051
Epoch 00046 | NCE 21.3171 | KOOP 0.0000 | τ 0.0614 | Total 21.3171
Epoch 00047 | NCE 19.2936 | KOOP 0.0000 | τ 0.0611 | Total 19.2936
Epoch 00048 | NCE 18.2338 | KOOP 0.0000 | τ 0.0609 | Total 18.2338
Epoch 00049 | NCE 19.6586 | KOOP 0.0000 | τ 0.0606 | Total 19.6586
Epoch 00050 | NCE 17.1228 | KOOP 0.0000 | τ 0.0604 | Total 17.1228
Epoch 00051 | NCE 20.5314 | KOOP 0.0000 | τ 0.0601 | Total 20.5314
Epoch 00052 | NCE 17.2156 | KOOP 0.0000 | τ 0.0599 | Total 17.2156
Epoch 00053 | NCE 14.4643 | KOOP 0.0000 | τ 0.0597 | Total 14.4643
Epoch 00054 | NCE 17.2863 | KOOP 0.0000 | τ 0.0594 | Total 17.2863
Epoch 00055 | NCE 14.4859 | KOOP 0.0000 | τ 0.0592 | Total 14.4859
Epoch 00056 | NCE 16.9191 | KOOP 0.0000 | τ 0.0590 | Total 16.9191
Epoch 00057 | NCE 16.2564 | KOOP 0.0000 | τ 0.0588 | Total 16.2564
Epoch 00058 | NCE 10.4906 | KOOP 0.0000 | τ 0.0585 | Total 10.4906
Epoch 00059 | NCE 11.1311 | KOOP 0.0000 | τ 0.0583 | Total 11.1311
Epoch 00060 | NCE 14.8880 | KOOP 0.0000 | τ 0.0581 | Total 14.8880
Epoch 00061 | NCE 17.9145 | KOOP 0.0000 | τ 0.0579 | Total 17.9145
Epoch 00062 | NCE 17.1541 | KOOP 0.0000 | τ 0.0577 | Total 17.1541
Epoch 00063 | NCE 15.2172 | KOOP 0.0000 | τ 0.0575 | Total 15.2172
Epoch 00064 | NCE 12.0764 | KOOP 0.0000 | τ 0.0573 | Total 12.0764
Epoch 00065 | NCE 17.1782 | KOOP 0.0000 | τ 0.0571 | Total 17.1782
Epoch 00066 | NCE 13.3999 | KOOP 0.0000 | τ 0.0569 | Total 13.3999
Epoch 00067 | NCE 16.4741 | KOOP 0.0000 | τ 0.0567 | Total 16.4741
Epoch 00068 | NCE 16.3966 | KOOP 0.0000 | τ 0.0565 | Total 16.3966
Epoch 00069 | NCE 12.2924 | KOOP 0.0000 | τ 0.0563 | Total 12.2924
Epoch 00070 | NCE 12.2683 | KOOP 0.0000 | τ 0.0562 | Total 12.2683
Epoch 00071 | NCE 9.9463 | KOOP 0.0000 | τ 0.0560 | Total 9.9463
Epoch 00072 | NCE 14.1271 | KOOP 0.0000 | τ 0.0558 | Total 14.1271
Epoch 00073 | NCE 7.1911 | KOOP 0.0000 | τ 0.0556 | Total 7.1911
Epoch 00074 | NCE 9.6761 | KOOP 0.0000 | τ 0.0555 | Total 9.6761
Epoch 00075 | NCE 12.7761 | KOOP 0.0000 | τ 0.0553 | Total 12.7761
Epoch 00076 | NCE 11.5920 | KOOP 0.0000 | τ 0.0551 | Total 11.5920
Epoch 00077 | NCE 12.1104 | KOOP 0.0000 | τ 0.0550 | Total 12.1104
Epoch 00078 | NCE 7.8580 | KOOP 0.0000 | τ 0.0548 | Total 7.8580
Epoch 00079 | NCE 10.7971 | KOOP 0.0000 | τ 0.0547 | Total 10.7971
Epoch 00080 | NCE 11.8380 | KOOP 0.0000 | τ 0.0545 | Total 11.8380
Epoch 00081 | NCE 11.0669 | KOOP 0.0000 | τ 0.0543 | Total 11.0669
Epoch 00082 | NCE 11.3430 | KOOP 0.0000 | τ 0.0542 | Total 11.3430
Epoch 00083 | NCE 12.4954 | KOOP 0.0000 | τ 0.0541 | Total 12.4954
Epoch 00084 | NCE 12.8801 | KOOP 0.0000 | τ 0.0539 | Total 12.8801
Epoch 00085 | NCE 11.7352 | KOOP 0.0000 | τ 0.0538 | Total 11.7352
Epoch 00086 | NCE 9.8699 | KOOP 0.0000 | τ 0.0537 | Total 9.8699
Epoch 00087 | NCE 7.1398 | KOOP 0.0000 | τ 0.0535 | Total 7.1398
Epoch 00088 | NCE 12.1856 | KOOP 0.0000 | τ 0.0534 | Total 12.1856
Epoch 00089 | NCE 9.9728 | KOOP 0.0000 | τ 0.0533 | Total 9.9728
Epoch 00090 | NCE 12.9662 | KOOP 0.0000 | τ 0.0531 | Total 12.9662
Epoch 00091 | NCE 9.1086 | KOOP 0.0000 | τ 0.0530 | Total 9.1086
Epoch 00092 | NCE 11.9850 | KOOP 0.0000 | τ 0.0529 | Total 11.9850
Epoch 00093 | NCE 10.1397 | KOOP 0.0000 | τ 0.0528 | Total 10.1397
Epoch 00094 | NCE 7.4461 | KOOP 0.0000 | τ 0.0527 | Total 7.4461
Epoch 00095 | NCE 12.0463 | KOOP 0.0000 | τ 0.0526 | Total 12.0463
Epoch 00096 | NCE 7.8217 | KOOP 0.0000 | τ 0.0525 | Total 7.8217
Epoch 00097 | NCE 9.2261 | KOOP 0.0000 | τ 0.0523 | Total 9.2261
Epoch 00098 | NCE 9.5107 | KOOP 0.0000 | τ 0.0522 | Total 9.5107
Epoch 00099 | NCE 12.0037 | KOOP 0.0000 | τ 0.0521 | Total 12.0037
Epoch 00100 | NCE 11.8539 | KOOP 0.0000 | τ 0.0520 | Total 11.8539
Epoch 00101 | NCE 11.4275 | KOOP 0.0000 | τ 0.0519 | Total 11.4275
Epoch 00102 | NCE 7.8192 | KOOP 0.0000 | τ 0.0518 | Total 7.8192
Epoch 00103 | NCE 6.7069 | KOOP 0.0000 | τ 0.0517 | Total 6.7069
Epoch 00104 | NCE 10.5370 | KOOP 0.0000 | τ 0.0517 | Total 10.5370
Epoch 00105 | NCE 10.3635 | KOOP 0.0000 | τ 0.0516 | Total 10.3635
Epoch 00106 | NCE 10.5107 | KOOP 0.0000 | τ 0.0515 | Total 10.5107
Epoch 00107 | NCE 9.2357 | KOOP 0.0000 | τ 0.0514 | Total 9.2357
Epoch 00108 | NCE 7.5414 | KOOP 0.0000 | τ 0.0513 | Total 7.5414
Epoch 00109 | NCE 9.0799 | KOOP 0.0000 | τ 0.0512 | Total 9.0799
Epoch 00110 | NCE 7.5790 | KOOP 0.0000 | τ 0.0511 | Total 7.5790
Epoch 00111 | NCE 7.3026 | KOOP 0.0000 | τ 0.0511 | Total 7.3026
Epoch 00112 | NCE 7.5377 | KOOP 0.0000 | τ 0.0510 | Total 7.5377
Epoch 00113 | NCE 7.8793 | KOOP 0.0000 | τ 0.0509 | Total 7.8793
Epoch 00114 | NCE 6.1286 | KOOP 0.0000 | τ 0.0508 | Total 6.1286
Epoch 00115 | NCE 7.5136 | KOOP 0.0000 | τ 0.0507 | Total 7.5136
Epoch 00116 | NCE 9.5208 | KOOP 0.0000 | τ 0.0507 | Total 9.5208
Epoch 00117 | NCE 8.8557 | KOOP 0.0000 | τ 0.0506 | Total 8.8557
Epoch 00118 | NCE 4.8702 | KOOP 0.0000 | τ 0.0505 | Total 4.8702
Epoch 00119 | NCE 10.0055 | KOOP 0.0000 | τ 0.0504 | Total 10.0055
Epoch 00120 | NCE 8.8325 | KOOP 0.0000 | τ 0.0504 | Total 8.8325
Epoch 00121 | NCE 10.3915 | KOOP 0.0000 | τ 0.0503 | Total 10.3915
Epoch 00122 | NCE 7.9443 | KOOP 0.0000 | τ 0.0502 | Total 7.9443
Epoch 00123 | NCE 7.1614 | KOOP 0.0000 | τ 0.0502 | Total 7.1614
Epoch 00124 | NCE 7.1679 | KOOP 0.0000 | τ 0.0501 | Total 7.1679
Epoch 00125 | NCE 7.7856 | KOOP 0.0000 | τ 0.0501 | Total 7.7856
Epoch 00126 | NCE 5.7888 | KOOP 0.0000 | τ 0.0500 | Total 5.7888
Epoch 00127 | NCE 5.8055 | KOOP 0.0000 | τ 0.0499 | Total 5.8055
Epoch 00128 | NCE 7.9200 | KOOP 0.0000 | τ 0.0499 | Total 7.9200
Epoch 00129 | NCE 9.6961 | KOOP 0.0000 | τ 0.0498 | Total 9.6961
Epoch 00130 | NCE 8.3521 | KOOP 0.0000 | τ 0.0498 | Total 8.3521
Epoch 00131 | NCE 7.5076 | KOOP 0.0000 | τ 0.0497 | Total 7.5076
Epoch 00132 | NCE 6.5805 | KOOP 0.0000 | τ 0.0497 | Total 6.5805
Epoch 00133 | NCE 10.0395 | KOOP 0.0000 | τ 0.0496 | Total 10.0395
Epoch 00134 | NCE 4.3745 | KOOP 0.0000 | τ 0.0496 | Total 4.3745
Epoch 00135 | NCE 7.7525 | KOOP 0.0000 | τ 0.0496 | Total 7.7525
Epoch 00136 | NCE 9.6201 | KOOP 0.0000 | τ 0.0495 | Total 9.6201
Epoch 00137 | NCE 10.0677 | KOOP 0.0000 | τ 0.0495 | Total 10.0677
Epoch 00138 | NCE 9.9490 | KOOP 0.0000 | τ 0.0494 | Total 9.9490
Epoch 00139 | NCE 7.2623 | KOOP 0.0000 | τ 0.0494 | Total 7.2623
Epoch 00140 | NCE 8.2409 | KOOP 0.0000 | τ 0.0494 | Total 8.2409
Epoch 00141 | NCE 5.2689 | KOOP 0.0000 | τ 0.0493 | Total 5.2689
Epoch 00142 | NCE 7.6245 | KOOP 0.0000 | τ 0.0493 | Total 7.6245
Epoch 00143 | NCE 8.9685 | KOOP 0.0000 | τ 0.0493 | Total 8.9685
Epoch 00144 | NCE 6.9341 | KOOP 0.0000 | τ 0.0492 | Total 6.9341
Epoch 00145 | NCE 8.1793 | KOOP 0.0000 | τ 0.0492 | Total 8.1793
Epoch 00146 | NCE 7.8277 | KOOP 0.0000 | τ 0.0492 | Total 7.8277
Epoch 00147 | NCE 6.8691 | KOOP 0.0000 | τ 0.0492 | Total 6.8691
Epoch 00148 | NCE 7.4974 | KOOP 0.0000 | τ 0.0491 | Total 7.4974
Epoch 00149 | NCE 6.9387 | KOOP 0.0000 | τ 0.0491 | Total 6.9387
Epoch 00150 | NCE 5.3344 | KOOP 0.0000 | τ 0.0491 | Total 5.3344
Epoch 00151 | NCE 6.7291 | KOOP 0.0000 | τ 0.0490 | Total 6.7291
Epoch 00152 | NCE 6.8292 | KOOP 0.0000 | τ 0.0490 | Total 6.8292
Epoch 00153 | NCE 5.4190 | KOOP 0.0000 | τ 0.0490 | Total 5.4190
Epoch 00154 | NCE 5.9780 | KOOP 0.0000 | τ 0.0490 | Total 5.9780
Epoch 00155 | NCE 4.4119 | KOOP 0.0000 | τ 0.0490 | Total 4.4119
Epoch 00156 | NCE 7.5388 | KOOP 0.0000 | τ 0.0489 | Total 7.5388
Epoch 00157 | NCE 6.4106 | KOOP 0.0000 | τ 0.0489 | Total 6.4106
Epoch 00158 | NCE 5.3310 | KOOP 0.0000 | τ 0.0489 | Total 5.3310
Epoch 00159 | NCE 4.6099 | KOOP 0.0000 | τ 0.0489 | Total 4.6099
Epoch 00160 | NCE 4.3452 | KOOP 0.0000 | τ 0.0489 | Total 4.3452
Epoch 00161 | NCE 6.1131 | KOOP 0.0000 | τ 0.0488 | Total 6.1131
Epoch 00162 | NCE 9.3354 | KOOP 0.0000 | τ 0.0488 | Total 9.3354
Epoch 00163 | NCE 4.6215 | KOOP 0.0000 | τ 0.0488 | Total 4.6215
Epoch 00164 | NCE 10.0939 | KOOP 0.0000 | τ 0.0488 | Total 10.0939
Epoch 00165 | NCE 3.7110 | KOOP 0.0000 | τ 0.0488 | Total 3.7110
Epoch 00166 | NCE 6.4228 | KOOP 0.0000 | τ 0.0488 | Total 6.4228
Epoch 00167 | NCE 4.2888 | KOOP 0.0000 | τ 0.0487 | Total 4.2888
Epoch 00168 | NCE 7.2933 | KOOP 0.0000 | τ 0.0487 | Total 7.2933
Epoch 00169 | NCE 5.6677 | KOOP 0.0000 | τ 0.0487 | Total 5.6677
Epoch 00170 | NCE 6.8512 | KOOP 0.0000 | τ 0.0487 | Total 6.8512
Epoch 00171 | NCE 6.0882 | KOOP 0.0000 | τ 0.0487 | Total 6.0882
Epoch 00172 | NCE 4.5463 | KOOP 0.0000 | τ 0.0487 | Total 4.5463
Epoch 00173 | NCE 6.6195 | KOOP 0.0000 | τ 0.0487 | Total 6.6195
Epoch 00174 | NCE 7.1818 | KOOP 0.0000 | τ 0.0487 | Total 7.1818
Epoch 00175 | NCE 3.6809 | KOOP 0.0000 | τ 0.0487 | Total 3.6809
Epoch 00176 | NCE 8.7786 | KOOP 0.0000 | τ 0.0487 | Total 8.7786
Epoch 00177 | NCE 7.6256 | KOOP 0.0000 | τ 0.0487 | Total 7.6256
Epoch 00178 | NCE 6.6813 | KOOP 0.0000 | τ 0.0486 | Total 6.6813
Epoch 00179 | NCE 7.6128 | KOOP 0.0000 | τ 0.0486 | Total 7.6128
Epoch 00180 | NCE 6.7789 | KOOP 0.0000 | τ 0.0486 | Total 6.7789
Epoch 00181 | NCE 4.2748 | KOOP 0.0000 | τ 0.0486 | Total 4.2748
Epoch 00182 | NCE 4.2062 | KOOP 0.0000 | τ 0.0486 | Total 4.2062
Epoch 00183 | NCE 4.0977 | KOOP 0.0000 | τ 0.0486 | Total 4.0977
Epoch 00184 | NCE 7.8743 | KOOP 0.0000 | τ 0.0486 | Total 7.8743
Epoch 00185 | NCE 4.8615 | KOOP 0.0000 | τ 0.0486 | Total 4.8615
Epoch 00186 | NCE 5.9846 | KOOP 0.0000 | τ 0.0486 | Total 5.9846
Epoch 00187 | NCE 8.1323 | KOOP 0.0000 | τ 0.0486 | Total 8.1323
Epoch 00188 | NCE 7.7923 | KOOP 0.0000 | τ 0.0486 | Total 7.7923
Epoch 00189 | NCE 7.1963 | KOOP 0.0000 | τ 0.0486 | Total 7.1963
Epoch 00190 | NCE 6.7630 | KOOP 0.0000 | τ 0.0486 | Total 6.7630
Epoch 00191 | NCE 6.0005 | KOOP 0.0000 | τ 0.0486 | Total 6.0005
Epoch 00192 | NCE 5.8184 | KOOP 0.0000 | τ 0.0486 | Total 5.8184
Epoch 00193 | NCE 4.5376 | KOOP 0.0000 | τ 0.0486 | Total 4.5376
Epoch 00194 | NCE 7.4555 | KOOP 0.0000 | τ 0.0486 | Total 7.4555
Epoch 00195 | NCE 6.2219 | KOOP 0.0000 | τ 0.0486 | Total 6.2219
Epoch 00196 | NCE 8.2302 | KOOP 0.0000 | τ 0.0486 | Total 8.2302
Epoch 00197 | NCE 7.4651 | KOOP 0.0000 | τ 0.0486 | Total 7.4651
Epoch 00198 | NCE 5.9157 | KOOP 0.0000 | τ 0.0486 | Total 5.9157
Epoch 00199 | NCE 3.9607 | KOOP 0.0000 | τ 0.0486 | Total 3.9607
  LinEval    0 | train 0.0093 | val 0.0495 | micro 0.0477 | wei 0.0475
  LinEval  500 | train 0.4684 | val 0.4333 | micro 0.4305 | wei 0.3616
  LinEval 1000 | train 0.4730 | val 0.4333 | micro 0.4282 | wei 0.3616
  LinEval 1500 | train 0.4730 | val 0.4339 | micro 0.4284 | wei 0.3621
  LinEval 1999 | train 0.4738 | val 0.4346 | micro 0.4281 | wei 0.3619
  LinEval    0 | train 0.0274 | val 0.1756 | micro 0.1767 | wei 0.1357
  LinEval  500 | train 0.4682 | val 0.4346 | micro 0.4304 | wei 0.3617
  LinEval 1000 | train 0.4728 | val 0.4333 | micro 0.4287 | wei 0.3621
  LinEval 1500 | train 0.4736 | val 0.4339 | micro 0.4284 | wei 0.3622
  LinEval 1999 | train 0.4736 | val 0.4339 | micro 0.4282 | wei 0.3620
  LinEval    0 | train 0.0663 | val 0.1797 | micro 0.1781 | wei 0.1631
  LinEval  500 | train 0.4693 | val 0.4337 | micro 0.4300 | wei 0.3614
  LinEval 1000 | train 0.4730 | val 0.4346 | micro 0.4286 | wei 0.3621
  LinEval 1500 | train 0.4734 | val 0.4341 | micro 0.4281 | wei 0.3620
  LinEval 1999 | train 0.4738 | val 0.4341 | micro 0.4280 | wei 0.3619
  LinEval    0 | train 0.0054 | val 0.0381 | micro 0.0369 | wei 0.0474
  LinEval  500 | train 0.4689 | val 0.4331 | micro 0.4308 | wei 0.3619
  LinEval 1000 | train 0.4730 | val 0.4335 | micro 0.4285 | wei 0.3618
  LinEval 1500 | train 0.4734 | val 0.4348 | micro 0.4284 | wei 0.3623
  LinEval 1999 | train 0.4738 | val 0.4341 | micro 0.4282 | wei 0.3620
  LinEval    0 | train 0.0069 | val 0.0285 | micro 0.0278 | wei 0.0178
  LinEval  500 | train 0.4695 | val 0.4337 | micro 0.4303 | wei 0.3613
  LinEval 1000 | train 0.4725 | val 0.4337 | micro 0.4282 | wei 0.3617
  LinEval 1500 | train 0.4734 | val 0.4337 | micro 0.4281 | wei 0.3620
  LinEval 1999 | train 0.4738 | val 0.4339 | micro 0.4280 | wei 0.3619

Linear evaluation  Acc: 0.4323  Wei-F1: 0.3582
[ablate-result] ablation=none seed=99 dataset=tax51 task=classification result={'accuracy': 0.4322660565376282, 'weighted_f1': 0.358220636844635}
